#
# A fatal error has been detected by the Java Runtime Environment:
#
#  SIGSEGV (0xb) at pc=0x00007f16d0a55878, pid=4280, tid=139735465981696
#
# JRE version: Java(TM) SE Runtime Environment (8.0_91-b14) (build 1.8.0_91-b14)
# Java VM: Java HotSpot(TM) 64-Bit Server VM (25.91-b14 mixed mode linux-amd64 compressed oops)
# Problematic frame:
# V  [libjvm.so+0x633878]  PhaseIFG::SquareUp()+0xf8
#
# Failed to write core dump. Core dumps have been disabled. To enable core dumping, try "ulimit -c unlimited" before starting Java again
#
# If you would like to submit a bug report, please visit:
#   http://bugreport.java.com/bugreport/crash.jsp
#

---------------  T H R E A D  ---------------

Current thread (0x00007f16cc0bc800):  JavaThread "C2 CompilerThread1" daemon [_thread_in_native, id=4294, stack(0x00007f16b2bff000,0x00007f16b2d00000)]

siginfo: si_signo: 11 (SIGSEGV), si_code: 2 (SEGV_ACCERR), si_addr: 0x00007f16d17caf80

Registers:
RAX=0x000000006666c3f3, RBX=0x00007f16853d8bb0, RCX=0x00007f16d17caf80, RDX=0x000000006666c3f3
RSP=0x00007f16b2cfb6c0, RBP=0x00007f16b2cfb740, RSI=0x0000000000000f1e, RDI=0x0000000000000001
R8 =0x000000000000000d, R9 =0x0000000040000000, R10=0x0000000000000000, R11=0x0000000000000000
R12=0x0000000000002400, R13=0x00007f16b2cfb8b0, R14=0x0000000000000000, R15=0x0000000000000001
RIP=0x00007f16d0a55878, EFLAGS=0x0000000000010202, CSGSFS=0x0000000000000033, ERR=0x0000000000000007
  TRAPNO=0x000000000000000e

Top of Stack: (sp=0x00007f16b2cfb6c0)
0x00007f16b2cfb6c0:   00007f16b2cfb6d0 0000000000000120
0x00007f16b2cfb6d0:   00000f2300000000 00007f1600000001
0x00007f16b2cfb6e0:   00007f16918edec0 0000000000000010
0x00007f16b2cfb6f0:   00007f16883728b0 000000000000002a
0x00007f16b2cfb700:   00007f16854a98f0 00007f16902c8dc0
0x00007f16b2cfb710:   00007f16853a1890 00007f16d13caf80
0x00007f16b2cfb720:   0000000000002901 0000000000000120
0x00007f16b2cfb730:   00007f16b2cfd0b8 00007f16b2cfd0c0
0x00007f16b2cfb740:   00007f16b2cfb9b0 00007f16d083043d
0x00007f16b2cfb750:   00007f160000007c 00007f16b2cfb8f0
0x00007f16b2cfb760:   00007f16b2cfb8b0 00007f16b2cfb790
0x00007f16b2cfb770:   00007f16b2cfb850 00007f16b2cfb920
0x00007f16b2cfb780:   00007f16b2cfcfd0 000000070000066e
0x00007f16b2cfb790:   00007f16d1369210 000000000000000c
0x00007f16b2cfb7a0:   00007f16b2cfde50 00007f16b2cfcfd0
0x00007f16b2cfb7b0:   00007f1600000001 00007f16856f52f0
0x00007f16b2cfb7c0:   00007f16b2cfb830 00007f16d139ca58
0x00007f16b2cfb7d0:   00007f16b2cfb810 00007f16d0d37ca5
0x00007f16b2cfb7e0:   0000000c00000000 00007f16d0e8e8f6
0x00007f16b2cfb7f0:   000000000000c0d0 00007f16d0e8e847
0x00007f16b2cfb800:   00007f16b2cfb870 00007f16d0703835
0x00007f16b2cfb810:   00007f16b2cfb870 00007f16d0701b74
0x00007f16b2cfb820:   0000000000000000 0000000000000000
0x00007f16b2cfb830:   0000000000000000 0000000000000000
0x00007f16b2cfb840:   00007f160000002a 00007f16cc01c000
0x00007f16b2cfb850:   0000000000000009 00007f16b2cfde50
0x00007f16b2cfb860:   00007f1685108490 00007f16854dbaf0
0x00007f16b2cfb870:   00007f1684f107a0 00007f1684f13d10
0x00007f16b2cfb880:   00007f16843bfd60 00007f16b2cfd100
0x00007f16b2cfb890:   00007f16b2cfd0e0 0000000000002903
0x00007f16b2cfb8a0:   00007f16b2cfb8f0 000000000000302e
0x00007f16b2cfb8b0:   00007f160000000b 00007f16b2cfde50 

Instructions: (pc=0x00007f16d0a55878)
0x00007f16d0a55858:   8b 43 08 48 8b 55 88 48 8b 0c 10 48 3b 0d 1e dd
0x00007f16d0a55868:   92 00 74 53 42 8b 14 b1 89 d0 44 09 f8 44 85 fa
0x00007f16d0a55878:   42 89 04 b1 0f 85 76 ff ff ff 83 03 01 8b 55 90
0x00007f16d0a55888:   85 d2 0f 85 73 ff ff ff 48 8b 7d 80 e8 87 5a 00 

Register to memory mapping:

RAX=0x000000006666c3f3 is an unknown value
RBX=0x00007f16853d8bb0 is an unknown value
RCX=0x00007f16d17caf80: <offset 0xf80> in /lib/x86_64-linux-gnu/libdl.so.2 at 0x00007f16d17ca000
RDX=0x000000006666c3f3 is an unknown value
RSP=0x00007f16b2cfb6c0 is pointing into the stack for thread: 0x00007f16cc0bc800
RBP=0x00007f16b2cfb740 is pointing into the stack for thread: 0x00007f16cc0bc800
RSI=0x0000000000000f1e is an unknown value
RDI=0x0000000000000001 is an unknown value
R8 =0x000000000000000d is an unknown value
R9 =0x0000000040000000 is an unknown value
R10=0x0000000000000000 is an unknown value
R11=0x0000000000000000 is an unknown value
R12=0x0000000000002400 is an unknown value
R13=0x00007f16b2cfb8b0 is pointing into the stack for thread: 0x00007f16cc0bc800
R14=0x0000000000000000 is an unknown value
R15=0x0000000000000001 is an unknown value


Stack: [0x00007f16b2bff000,0x00007f16b2d00000],  sp=0x00007f16b2cfb6c0,  free space=1009k
Native frames: (J=compiled Java code, j=interpreted, Vv=VM code, C=native code)
V  [libjvm.so+0x633878]  PhaseIFG::SquareUp()+0xf8
V  [libjvm.so+0x40e43d]  PhaseChaitin::Register_Allocate()+0xe7d
V  [libjvm.so+0x4a0c80]  Compile::Code_Gen()+0x260
V  [libjvm.so+0x4a40d2]  Compile::Compile(ciEnv*, C2Compiler*, ciMethod*, int, bool, bool, bool)+0x14b2
V  [libjvm.so+0x3f1818]  C2Compiler::compile_method(ciEnv*, ciMethod*, int)+0x198
V  [libjvm.so+0x4ae4da]  CompileBroker::invoke_compiler_on_method(CompileTask*)+0xc9a
V  [libjvm.so+0x4af486]  CompileBroker::compiler_thread_loop()+0x5d6
V  [libjvm.so+0xa6b77f]  JavaThread::thread_main_inner()+0xdf
V  [libjvm.so+0xa6b8ac]  JavaThread::run()+0x11c
V  [libjvm.so+0x91ef78]  java_start(Thread*)+0x108
C  [libpthread.so.0+0x8182]  start_thread+0xc2


Current CompileTask:
C2:5230288 18918       4       java.lang.Class::privateGetPublicMethods (267 bytes)


---------------  P R O C E S S  ---------------

Java Threads: ( => current thread )
  0x00007f167816f000 JavaThread "Forward streams with process: command '/usr/lib/jvm/java-8-oracle/bin/java' Thread 2" [_thread_in_native, id=13471, stack(0x00007f16aa8f4000,0x00007f16aa9f5000)]
  0x00007f167816d800 JavaThread "Forward streams with process: command '/usr/lib/jvm/java-8-oracle/bin/java'" [_thread_in_native, id=13470, stack(0x00007f16aa7f3000,0x00007f16aa8f4000)]
  0x00007f1640007800 JavaThread "Run command '/usr/lib/jvm/java-8-oracle/bin/java'" [_thread_blocked, id=13466, stack(0x00007f163b3f4000,0x00007f163b4f5000)]
  0x00007f16781a0000 JavaThread "pool-13-thread-1" [_thread_blocked, id=13465, stack(0x00007f16aa9f5000,0x00007f16aaaf6000)]
  0x00007f16781fc000 JavaThread "Stdin handler" [_thread_blocked, id=13459, stack(0x00007f16aaaf6000,0x00007f16aabf7000)]
  0x00007f16782c7000 JavaThread "Cancel handler" [_thread_blocked, id=13458, stack(0x00007f16b130f000,0x00007f16b1410000)]
  0x00007f1678006800 JavaThread "Handler for socket connection from /127.0.0.1:45516 to /127.0.0.1:57788" [_thread_in_native, id=13457, stack(0x00007f16b1410000,0x00007f16b1511000)]
  0x00007f1678161000 JavaThread "process reaper" daemon [_thread_in_native, id=13415, stack(0x00007f16a90c1000,0x00007f16a90fa000)]
  0x00007f16781ba000 JavaThread "Daemon worker Thread 12" [_thread_blocked, id=13407, stack(0x00007f16b1511000,0x00007f16b1612000)]
  0x00007f1674012000 JavaThread "Daemon Thread 12" [_thread_blocked, id=13404, stack(0x00007f16b1612000,0x00007f16b1713000)]
  0x00007f1650003800 JavaThread "pool-2-thread-4" [_thread_blocked, id=4432, stack(0x00007f163b5f6000,0x00007f163b6f7000)]
  0x00007f164c007000 JavaThread "pool-2-thread-2" [_thread_blocked, id=4431, stack(0x00007f16aa4f0000,0x00007f16aa5f1000)]
  0x00007f1654006000 JavaThread "pool-2-thread-3" [_thread_blocked, id=4430, stack(0x00007f163b6f7000,0x00007f163b7f8000)]
  0x00007f1658028000 JavaThread "pool-2-thread-1" [_thread_blocked, id=4429, stack(0x00007f16aa3ef000,0x00007f16aa4f0000)]
  0x00007f1664bd6000 JavaThread "File lock request listener" [_thread_in_native, id=4309, stack(0x00007f16b05fb000,0x00007f16b06fc000)]
  0x00007f16ccafe000 JavaThread "Incoming local TCP Connector on port 45516" [_thread_in_native, id=4298, stack(0x00007f16b1913000,0x00007f16b1a14000)]
  0x00007f16cc0c9000 JavaThread "Service Thread" daemon [_thread_blocked, id=4296, stack(0x00007f16b29fd000,0x00007f16b2afe000)]
  0x00007f16cc0be000 JavaThread "C1 CompilerThread2" daemon [_thread_blocked, id=4295, stack(0x00007f16b2afe000,0x00007f16b2bff000)]
=>0x00007f16cc0bc800 JavaThread "C2 CompilerThread1" daemon [_thread_in_native, id=4294, stack(0x00007f16b2bff000,0x00007f16b2d00000)]
  0x00007f16cc0b9800 JavaThread "C2 CompilerThread0" daemon [_thread_in_native, id=4293, stack(0x00007f16b2d00000,0x00007f16b2e01000)]
  0x00007f16cc0b8000 JavaThread "Signal Dispatcher" daemon [_thread_blocked, id=4292, stack(0x00007f16b2e01000,0x00007f16b2f02000)]
  0x00007f16cc084000 JavaThread "Finalizer" daemon [_thread_blocked, id=4291, stack(0x00007f16b35f6000,0x00007f16b36f7000)]
  0x00007f16cc07f800 JavaThread "Reference Handler" daemon [_thread_blocked, id=4290, stack(0x00007f16b36f7000,0x00007f16b37f8000)]
  0x00007f16cc00a000 JavaThread "main" [_thread_blocked, id=4282, stack(0x00007f16d1f00000,0x00007f16d2001000)]

Other Threads:
  0x00007f16cc077800 VMThread [stack: 0x00007f16b37f8000,0x00007f16b38f9000] [id=4289]
  0x00007f16cc0cc000 WatcherThread [stack: 0x00007f16b28fc000,0x00007f16b29fd000] [id=4297]

VM state:not at safepoint (normal execution)

VM Mutex/Monitor currently owned by a thread: None

Heap:
 PSYoungGen      total 310784K, used 241505K [0x00000000eab00000, 0x00000000ffe80000, 0x0000000100000000)
  eden space 287232K, 84% used [0x00000000eab00000,0x00000000f96d8700,0x00000000fc380000)
  from space 23552K, 0% used [0x00000000fe780000,0x00000000fe780000,0x00000000ffe80000)
  to   space 30208K, 0% used [0x00000000fc380000,0x00000000fc380000,0x00000000fe100000)
 ParOldGen       total 90624K, used 39082K [0x00000000c0000000, 0x00000000c5880000, 0x00000000eab00000)
  object space 90624K, 43% used [0x00000000c0000000,0x00000000c262abc0,0x00000000c5880000)
 Metaspace       used 61466K, capacity 65238K, committed 65368K, reserved 1105920K
  class space    used 7909K, capacity 8415K, committed 8536K, reserved 1048576K

Card table byte_map: [0x00007f16bb9a5000,0x00007f16bbba6000] byte_map_base: 0x00007f16bb3a5000

Marking Bits: (ParMarkBitMap*) 0x00007f16d13d8d60
 Begin Bits: [0x00007f16b954c000, 0x00007f16ba54c000)
 End Bits:   [0x00007f16ba54c000, 0x00007f16bb54c000)

Polling page: 0x00007f16d2021000

CodeCache: size=245760Kb used=50575Kb max_used=50592Kb free=195184Kb
 bounds [0x00007f16bbf66000, 0x00007f16bf136000, 0x00007f16caf66000]
 total_blobs=14680 nmethods=13955 adapters=636
 compilation: enabled

Compilation events (10 events):
Event: 5228.840 Thread 0x00007f16cc0be000 18969       1       com.android.build.gradle.tasks.ProcessAndroidResources::getAaptOptions (5 bytes)
Event: 5228.840 Thread 0x00007f16cc0be000 nmethod 18969 0x00007f16bd94f7d0 code [0x00007f16bd94f920, 0x00007f16bd94fa30]
Event: 5228.854 Thread 0x00007f16cc0be000 18970       1       org.gradle.api.tasks.compile.AbstractCompile::getDestinationDir (5 bytes)
Event: 5228.855 Thread 0x00007f16cc0be000 nmethod 18970 0x00007f16bec14010 code [0x00007f16bec14160, 0x00007f16bec14270]
Event: 5228.855 Thread 0x00007f16cc0be000 18971       1       org.gradle.api.tasks.compile.JavaCompile::getDependencyCacheDir (5 bytes)
Event: 5228.855 Thread 0x00007f16cc0be000 nmethod 18971 0x00007f16bec2bd10 code [0x00007f16bec2be60, 0x00007f16bec2bf70]
Event: 5228.905 Thread 0x00007f16cc0be000 18972       3       com.android.build.gradle.tasks.fd.GenerateInstantRunAppInfoTask_Decorated::getConventionMapping (30 bytes)
Event: 5228.906 Thread 0x00007f16cc0be000 nmethod 18972 0x00007f16bc723450 code [0x00007f16bc7235e0, 0x00007f16bc723bd0]
Event: 5228.944 Thread 0x00007f16cc0be000 18973       1       com.android.build.gradle.internal.pipeline.ImmutableDirectoryInput::getChangedFiles (5 bytes)
Event: 5228.945 Thread 0x00007f16cc0be000 nmethod 18973 0x00007f16bc723190 code [0x00007f16bc7232e0, 0x00007f16bc7233f0]

GC Heap History (10 events):
Event: 4945.671 GC heap before
{Heap before GC invocations=45 (full 11):
 PSYoungGen      total 315904K, used 236170K [0x00000000eab00000, 0x0000000100000000, 0x0000000100000000)
  eden space 289792K, 81% used [0x00000000eab00000,0x00000000f91a2be8,0x00000000fc600000)
  from space 26112K, 0% used [0x00000000fc600000,0x00000000fc600000,0x00000000fdf80000)
  to   space 25088K, 0% used [0x00000000fe780000,0x00000000fe780000,0x0000000100000000)
 ParOldGen       total 90624K, used 39096K [0x00000000c0000000, 0x00000000c5880000, 0x00000000eab00000)
  object space 90624K, 43% used [0x00000000c0000000,0x00000000c262e3f8,0x00000000c5880000)
 Metaspace       used 60447K, capacity 63078K, committed 63192K, reserved 1103872K
  class space    used 7722K, capacity 8103K, committed 8152K, reserved 1048576K
Event: 4945.679 GC heap after
Heap after GC invocations=45 (full 11):
 PSYoungGen      total 324608K, used 2287K [0x00000000eab00000, 0x0000000100000000, 0x0000000100000000)
  eden space 299520K, 0% used [0x00000000eab00000,0x00000000eab00000,0x00000000fcf80000)
  from space 25088K, 9% used [0x00000000fe780000,0x00000000fe9bbc40,0x0000000100000000)
  to   space 24576K, 0% used [0x00000000fcf80000,0x00000000fcf80000,0x00000000fe780000)
 ParOldGen       total 90624K, used 39104K [0x00000000c0000000, 0x00000000c5880000, 0x00000000eab00000)
  object space 90624K, 43% used [0x00000000c0000000,0x00000000c26303f8,0x00000000c5880000)
 Metaspace       used 60447K, capacity 63078K, committed 63192K, reserved 1103872K
  class space    used 7722K, capacity 8103K, committed 8152K, reserved 1048576K
}
Event: 4945.679 GC heap before
{Heap before GC invocations=46 (full 12):
 PSYoungGen      total 324608K, used 2287K [0x00000000eab00000, 0x0000000100000000, 0x0000000100000000)
  eden space 299520K, 0% used [0x00000000eab00000,0x00000000eab00000,0x00000000fcf80000)
  from space 25088K, 9% used [0x00000000fe780000,0x00000000fe9bbc40,0x0000000100000000)
  to   space 24576K, 0% used [0x00000000fcf80000,0x00000000fcf80000,0x00000000fe780000)
 ParOldGen       total 90624K, used 39104K [0x00000000c0000000, 0x00000000c5880000, 0x00000000eab00000)
  object space 90624K, 43% used [0x00000000c0000000,0x00000000c26303f8,0x00000000c5880000)
 Metaspace       used 60447K, capacity 63078K, committed 63192K, reserved 1103872K
  class space    used 7722K, capacity 8103K, committed 8152K, reserved 1048576K
Event: 4945.975 GC heap after
Heap after GC invocations=46 (full 12):
 PSYoungGen      total 324608K, used 0K [0x00000000eab00000, 0x0000000100000000, 0x0000000100000000)
  eden space 299520K, 0% used [0x00000000eab00000,0x00000000eab00000,0x00000000fcf80000)
  from space 25088K, 0% used [0x00000000fe780000,0x00000000fe780000,0x0000000100000000)
  to   space 24576K, 0% used [0x00000000fcf80000,0x00000000fcf80000,0x00000000fe780000)
 ParOldGen       total 90624K, used 39673K [0x00000000c0000000, 0x00000000c5880000, 0x00000000eab00000)
  object space 90624K, 43% used [0x00000000c0000000,0x00000000c26be440,0x00000000c5880000)
 Metaspace       used 60447K, capacity 63078K, committed 63192K, reserved 1103872K
  class space    used 7722K, capacity 8103K, committed 8152K, reserved 1048576K
}
Event: 5179.770 GC heap before
{Heap before GC invocations=47 (full 12):
 PSYoungGen      total 324608K, used 299520K [0x00000000eab00000, 0x0000000100000000, 0x0000000100000000)
  eden space 299520K, 100% used [0x00000000eab00000,0x00000000fcf80000,0x00000000fcf80000)
  from space 25088K, 0% used [0x00000000fe780000,0x00000000fe780000,0x0000000100000000)
  to   space 24576K, 0% used [0x00000000fcf80000,0x00000000fcf80000,0x00000000fe780000)
 ParOldGen       total 90624K, used 39673K [0x00000000c0000000, 0x00000000c5880000, 0x00000000eab00000)
  object space 90624K, 43% used [0x00000000c0000000,0x00000000c26be440,0x00000000c5880000)
 Metaspace       used 60872K, capacity 64102K, committed 64344K, reserved 1105920K
  class space    used 7804K, capacity 8239K, committed 8280K, reserved 1048576K
Event: 5179.843 GC heap after
Heap after GC invocations=47 (full 12):
 PSYoungGen      total 311808K, used 24546K [0x00000000eab00000, 0x00000000fff80000, 0x0000000100000000)
  eden space 287232K, 0% used [0x00000000eab00000,0x00000000eab00000,0x00000000fc380000)
  from space 24576K, 99% used [0x00000000fcf80000,0x00000000fe7789e0,0x00000000fe780000)
  to   space 24576K, 0% used [0x00000000fe780000,0x00000000fe780000,0x00000000fff80000)
 ParOldGen       total 90624K, used 43938K [0x00000000c0000000, 0x00000000c5880000, 0x00000000eab00000)
  object space 90624K, 48% used [0x00000000c0000000,0x00000000c2ae8860,0x00000000c5880000)
 Metaspace       used 60872K, capacity 64102K, committed 64344K, reserved 1105920K
  class space    used 7804K, capacity 8239K, committed 8280K, reserved 1048576K
}
Event: 5181.146 GC heap before
{Heap before GC invocations=48 (full 12):
 PSYoungGen      total 311808K, used 100011K [0x00000000eab00000, 0x00000000fff80000, 0x0000000100000000)
  eden space 287232K, 26% used [0x00000000eab00000,0x00000000ef4b24e0,0x00000000fc380000)
  from space 24576K, 99% used [0x00000000fcf80000,0x00000000fe7789e0,0x00000000fe780000)
  to   space 24576K, 0% used [0x00000000fe780000,0x00000000fe780000,0x00000000fff80000)
 ParOldGen       total 90624K, used 43938K [0x00000000c0000000, 0x00000000c5880000, 0x00000000eab00000)
  object space 90624K, 48% used [0x00000000c0000000,0x00000000c2ae8860,0x00000000c5880000)
 Metaspace       used 60891K, capacity 64126K, committed 64344K, reserved 1105920K
  class space    used 7806K, capacity 8243K, committed 8280K, reserved 1048576K
Event: 5181.170 GC heap after
Heap after GC invocations=48 (full 12):
 PSYoungGen      total 310784K, used 13928K [0x00000000eab00000, 0x00000000ffe80000, 0x0000000100000000)
  eden space 287232K, 0% used [0x00000000eab00000,0x00000000eab00000,0x00000000fc380000)
  from space 23552K, 59% used [0x00000000fe780000,0x00000000ff51a200,0x00000000ffe80000)
  to   space 30208K, 0% used [0x00000000fc380000,0x00000000fc380000,0x00000000fe100000)
 ParOldGen       total 90624K, used 43938K [0x00000000c0000000, 0x00000000c5880000, 0x00000000eab00000)
  object space 90624K, 48% used [0x00000000c0000000,0x00000000c2ae8860,0x00000000c5880000)
 Metaspace       used 60891K, capacity 64126K, committed 64344K, reserved 1105920K
  class space    used 7806K, capacity 8243K, committed 8280K, reserved 1048576K
}
Event: 5181.170 GC heap before
{Heap before GC invocations=49 (full 13):
 PSYoungGen      total 310784K, used 13928K [0x00000000eab00000, 0x00000000ffe80000, 0x0000000100000000)
  eden space 287232K, 0% used [0x00000000eab00000,0x00000000eab00000,0x00000000fc380000)
  from space 23552K, 59% used [0x00000000fe780000,0x00000000ff51a200,0x00000000ffe80000)
  to   space 30208K, 0% used [0x00000000fc380000,0x00000000fc380000,0x00000000fe100000)
 ParOldGen       total 90624K, used 43938K [0x00000000c0000000, 0x00000000c5880000, 0x00000000eab00000)
  object space 90624K, 48% used [0x00000000c0000000,0x00000000c2ae8860,0x00000000c5880000)
 Metaspace       used 60891K, capacity 64126K, committed 64344K, reserved 1105920K
  class space    used 7806K, capacity 8243K, committed 8280K, reserved 1048576K
Event: 5181.607 GC heap after
Heap after GC invocations=49 (full 13):
 PSYoungGen      total 310784K, used 0K [0x00000000eab00000, 0x00000000ffe80000, 0x0000000100000000)
  eden space 287232K, 0% used [0x00000000eab00000,0x00000000eab00000,0x00000000fc380000)
  from space 23552K, 0% used [0x00000000fe780000,0x00000000fe780000,0x00000000ffe80000)
  to   space 30208K, 0% used [0x00000000fc380000,0x00000000fc380000,0x00000000fe100000)
 ParOldGen       total 90624K, used 39082K [0x00000000c0000000, 0x00000000c5880000, 0x00000000eab00000)
  object space 90624K, 43% used [0x00000000c0000000,0x00000000c262abc0,0x00000000c5880000)
 Metaspace       used 60891K, capacity 64126K, committed 64344K, reserved 1105920K
  class space    used 7806K, capacity 8243K, committed 8280K, reserved 1048576K
}

Deoptimization events (10 events):
Event: 4660.630 Thread 0x00007f16781bd800 Uncommon trap: reason=class_check action=maybe_recompile pc=0x00007f16bd8a3528 method=java.util.zip.DeflaterOutputStream.deflate()V @ 32
Event: 4660.630 Thread 0x00007f16781bd800 Uncommon trap: reason=class_check action=maybe_recompile pc=0x00007f16bd8a3528 method=java.util.zip.DeflaterOutputStream.deflate()V @ 32
Event: 4660.630 Thread 0x00007f16781bd800 Uncommon trap: reason=class_check action=maybe_recompile pc=0x00007f16bd8a3528 method=java.util.zip.DeflaterOutputStream.deflate()V @ 32
Event: 4689.359 Thread 0x00007f16781bd800 Uncommon trap: reason=null_check action=make_not_entrant pc=0x00007f16be72be58 method=java.lang.ThreadLocal$ThreadLocalMap.set(Ljava/lang/ThreadLocal;Ljava/lang/Object;)V @ 36
Event: 4689.369 Thread 0x00007f16781bd800 Uncommon trap: reason=unstable_if action=reinterpret pc=0x00007f16bdf8af24 method=com.google.common.cache.LocalCache$Segment.drainReferenceQueues()V @ 7
Event: 4943.606 Thread 0x00007f1678006800 Uncommon trap: reason=array_check action=maybe_recompile pc=0x00007f16bc596910 method=java.util.LinkedList.toArray([Ljava/lang/Object;)[Ljava/lang/Object; @ 55
Event: 4943.606 Thread 0x00007f1678006800 Uncommon trap: reason=array_check action=maybe_recompile pc=0x00007f16bc596910 method=java.util.LinkedList.toArray([Ljava/lang/Object;)[Ljava/lang/Object; @ 55
Event: 4943.606 Thread 0x00007f1678006800 Uncommon trap: reason=array_check action=maybe_recompile pc=0x00007f16bc596910 method=java.util.LinkedList.toArray([Ljava/lang/Object;)[Ljava/lang/Object; @ 55
Event: 4943.606 Thread 0x00007f1678006800 Uncommon trap: reason=array_check action=maybe_recompile pc=0x00007f16bc596910 method=java.util.LinkedList.toArray([Ljava/lang/Object;)[Ljava/lang/Object; @ 55
Event: 4943.723 Thread 0x00007f1678006800 Uncommon trap: reason=array_check action=maybe_recompile pc=0x00007f16be370164 method=java.util.LinkedList.toArray([Ljava/lang/Object;)[Ljava/lang/Object; @ 55

Internal exceptions (10 events):
Event: 4943.311 Thread 0x00007f1678006800 Exception <a 'java/lang/ClassNotFoundException': asLocalRepo13_4r2ykuzbph4o8k4gffh87dc9nCustomizer> (0x00000000eb212bf8) thrown at [/HUDSON/workspace/8-2-build-linux-amd64/jdk8u91/6644/hotspot/src/share/vm/classfile/systemDictionary.cpp, line 210]
Event: 4966.871 Thread 0x00007f1678006800 Exception <a 'java/lang/ClassNotFoundException': asLocalRepo14_588o04syqnvgkoxrinz8p9h4uBeanInfo> (0x00000000eabc2ec0) thrown at [/HUDSON/workspace/8-2-build-linux-amd64/jdk8u91/6644/hotspot/src/share/vm/classfile/systemDictionary.cpp, line 210]
Event: 4966.871 Thread 0x00007f1678006800 Exception <a 'java/lang/ClassNotFoundException': asLocalRepo14_588o04syqnvgkoxrinz8p9h4uCustomizer> (0x00000000eabcc4b8) thrown at [/HUDSON/workspace/8-2-build-linux-amd64/jdk8u91/6644/hotspot/src/share/vm/classfile/systemDictionary.cpp, line 210]
Event: 4978.602 Thread 0x00007f1678006800 Exception <a 'java/io/FileNotFoundException'> (0x00000000f2d82260) thrown at [/HUDSON/workspace/8-2-build-linux-amd64/jdk8u91/6644/hotspot/src/share/vm/prims/jni.cpp, line 709]
Event: 5178.779 Thread 0x00007f16781ba000 Exception <a 'java/lang/ClassNotFoundException': asLocalRepo15_7ue6ipeqmbenkboos9ndtijc4BeanInfo> (0x00000000f363a6e8) thrown at [/HUDSON/workspace/8-2-build-linux-amd64/jdk8u91/6644/hotspot/src/share/vm/classfile/systemDictionary.cpp, line 210]
Event: 5178.780 Thread 0x00007f16781ba000 Exception <a 'java/lang/ClassNotFoundException': asLocalRepo15_7ue6ipeqmbenkboos9ndtijc4Customizer> (0x00000000f3643ce0) thrown at [/HUDSON/workspace/8-2-build-linux-amd64/jdk8u91/6644/hotspot/src/share/vm/classfile/systemDictionary.cpp, line 210]
Event: 5192.284 Thread 0x00007f16781ba000 Exception <a 'java/lang/ClassNotFoundException': asLocalRepo16_2j9s88k1pwu6bm6tj22inb6b2BeanInfo> (0x00000000eabc2e70) thrown at [/HUDSON/workspace/8-2-build-linux-amd64/jdk8u91/6644/hotspot/src/share/vm/classfile/systemDictionary.cpp, line 210]
Event: 5192.284 Thread 0x00007f16781ba000 Exception <a 'java/lang/ClassNotFoundException': asLocalRepo16_2j9s88k1pwu6bm6tj22inb6b2Customizer> (0x00000000eabcc438) thrown at [/HUDSON/workspace/8-2-build-linux-amd64/jdk8u91/6644/hotspot/src/share/vm/classfile/systemDictionary.cpp, line 210]
Event: 5227.801 Thread 0x00007f16781ba000 Exception <a 'java/lang/ClassNotFoundException': asLocalRepo17_6y35jkkj7wtb1c9yo3auesqifBeanInfo> (0x00000000f1e5afb8) thrown at [/HUDSON/workspace/8-2-build-linux-amd64/jdk8u91/6644/hotspot/src/share/vm/classfile/systemDictionary.cpp, line 210]
Event: 5227.802 Thread 0x00007f16781ba000 Exception <a 'java/lang/ClassNotFoundException': asLocalRepo17_6y35jkkj7wtb1c9yo3auesqifCustomizer> (0x00000000f1e64580) thrown at [/HUDSON/workspace/8-2-build-linux-amd64/jdk8u91/6644/hotspot/src/share/vm/classfile/systemDictionary.cpp, line 210]

Events (10 events):
Event: 5228.289 Thread 0x00007f16cc0be000 flushing nmethod 0x00007f16bec2ff90
Event: 5228.289 Thread 0x00007f16cc0be000 flushing nmethod 0x00007f16bec30810
Event: 5228.370 Thread 0x00007f16781ba000 DEOPT PACKING pc=0x00007f16bc5c3da7 sp=0x00007f16b160b100
Event: 5228.370 Thread 0x00007f16781ba000 DEOPT UNPACKING pc=0x00007f16bbfad633 sp=0x00007f16b160ae68 mode 0
Event: 5228.945 Thread 0x00007f16781a0000 Thread added: 0x00007f16781a0000
Event: 5228.946 Thread 0x00007f1640007800 Thread added: 0x00007f1640007800
Event: 5228.950 Thread 0x00007f167816c800 Thread added: 0x00007f167816c800
Event: 5228.950 Thread 0x00007f167816d800 Thread added: 0x00007f167816d800
Event: 5228.950 Thread 0x00007f167816f000 Thread added: 0x00007f167816f000
Event: 5228.951 Thread 0x00007f167816c800 Thread exited: 0x00007f167816c800


Dynamic libraries:
00400000-00401000 r-xp 00000000 08:01 3016174                            /usr/lib/jvm/java-8-oracle/bin/java
00600000-00601000 rw-p 00000000 08:01 3016174                            /usr/lib/jvm/java-8-oracle/bin/java
01275000-01296000 rw-p 00000000 00:00 0                                  [heap]
c0000000-c5880000 rw-p 00000000 00:00 0 
c5880000-eab00000 ---p 00000000 00:00 0 
eab00000-ffe80000 rw-p 00000000 00:00 0 
ffe80000-100000000 ---p 00000000 00:00 0 
100000000-100856000 rw-p 00000000 00:00 0 
100856000-140000000 ---p 00000000 00:00 0 
7f1634000000-7f1634021000 rw-p 00000000 00:00 0 
7f1634021000-7f1638000000 ---p 00000000 00:00 0 
7f163a7e8000-7f163a7eb000 ---p 00000000 00:00 0 
7f163a7eb000-7f163a8e9000 rw-p 00000000 00:00 0 
7f163a8e9000-7f163a8ec000 ---p 00000000 00:00 0 
7f163a8ec000-7f163a9ea000 rw-p 00000000 00:00 0 
7f163a9ea000-7f163a9ed000 ---p 00000000 00:00 0 
7f163a9ed000-7f163aaeb000 rw-p 00000000 00:00 0 
7f163aaeb000-7f163aaee000 ---p 00000000 00:00 0 
7f163aaee000-7f163abec000 rw-p 00000000 00:00 0 
7f163aff0000-7f163aff3000 ---p 00000000 00:00 0 
7f163aff3000-7f163b0f1000 rw-p 00000000 00:00 0 
7f163b0f1000-7f163b0f4000 ---p 00000000 00:00 0 
7f163b0f4000-7f163b1f2000 rw-p 00000000 00:00 0 
7f163b1f2000-7f163b1f5000 ---p 00000000 00:00 0 
7f163b1f5000-7f163b2f3000 rw-p 00000000 00:00 0 
7f163b2f3000-7f163b2f6000 ---p 00000000 00:00 0 
7f163b2f6000-7f163b3f4000 rw-p 00000000 00:00 0 
7f163b3f4000-7f163b3f7000 ---p 00000000 00:00 0 
7f163b3f7000-7f163b4f5000 rw-p 00000000 00:00 0 
7f163b4f5000-7f163b4f8000 ---p 00000000 00:00 0 
7f163b4f8000-7f163b5f6000 rw-p 00000000 00:00 0 
7f163b5f6000-7f163b5f9000 ---p 00000000 00:00 0 
7f163b5f9000-7f163b6f7000 rw-p 00000000 00:00 0 
7f163b6f7000-7f163b6fa000 ---p 00000000 00:00 0 
7f163b6fa000-7f163b7f8000 rw-p 00000000 00:00 0 
7f163b9fa000-7f163b9fd000 ---p 00000000 00:00 0 
7f163b9fd000-7f163bafb000 rw-p 00000000 00:00 0 
7f163bafb000-7f163bafe000 ---p 00000000 00:00 0 
7f163bafe000-7f163bbfc000 rw-p 00000000 00:00 0 
7f163bdfe000-7f163be01000 ---p 00000000 00:00 0 
7f163be01000-7f163beff000 rw-p 00000000 00:00 0 
7f163beff000-7f163bf02000 ---p 00000000 00:00 0 
7f163bf02000-7f163c000000 rw-p 00000000 00:00 0 
7f163c000000-7f163c021000 rw-p 00000000 00:00 0 
7f163c021000-7f1640000000 ---p 00000000 00:00 0 
7f1640000000-7f1640021000 rw-p 00000000 00:00 0 
7f1640021000-7f1644000000 ---p 00000000 00:00 0 
7f1644000000-7f1644021000 rw-p 00000000 00:00 0 
7f1644021000-7f1648000000 ---p 00000000 00:00 0 
7f1648000000-7f1648021000 rw-p 00000000 00:00 0 
7f1648021000-7f164c000000 ---p 00000000 00:00 0 
7f164c000000-7f164c021000 rw-p 00000000 00:00 0 
7f164c021000-7f1650000000 ---p 00000000 00:00 0 
7f1650000000-7f1650021000 rw-p 00000000 00:00 0 
7f1650021000-7f1654000000 ---p 00000000 00:00 0 
7f1654000000-7f1654021000 rw-p 00000000 00:00 0 
7f1654021000-7f1658000000 ---p 00000000 00:00 0 
7f1658000000-7f1658033000 rw-p 00000000 00:00 0 
7f1658033000-7f165c000000 ---p 00000000 00:00 0 
7f165c000000-7f165c021000 rw-p 00000000 00:00 0 
7f165c021000-7f1660000000 ---p 00000000 00:00 0 
7f1660000000-7f1660021000 rw-p 00000000 00:00 0 
7f1660021000-7f1664000000 ---p 00000000 00:00 0 
7f1664000000-7f166662f000 rw-p 00000000 00:00 0 
7f166662f000-7f1668000000 ---p 00000000 00:00 0 
7f1668000000-7f1668021000 rw-p 00000000 00:00 0 
7f1668021000-7f166c000000 ---p 00000000 00:00 0 
7f166c000000-7f166c021000 rw-p 00000000 00:00 0 
7f166c021000-7f1670000000 ---p 00000000 00:00 0 
7f1670000000-7f1670021000 rw-p 00000000 00:00 0 
7f1670021000-7f1674000000 ---p 00000000 00:00 0 
7f1674000000-7f1674069000 rw-p 00000000 00:00 0 
7f1674069000-7f1678000000 ---p 00000000 00:00 0 
7f1678000000-7f16795ea000 rw-p 00000000 00:00 0 
7f16795ea000-7f167c000000 ---p 00000000 00:00 0 
7f167c000000-7f167c021000 rw-p 00000000 00:00 0 
7f167c021000-7f1680000000 ---p 00000000 00:00 0 
7f1680000000-7f1680021000 rw-p 00000000 00:00 0 
7f1680021000-7f1684000000 ---p 00000000 00:00 0 
7f1684000000-7f16859cd000 rw-p 00000000 00:00 0 
7f16859cd000-7f1688000000 ---p 00000000 00:00 0 
7f1688000000-7f1689319000 rw-p 00000000 00:00 0 
7f1689319000-7f168c000000 ---p 00000000 00:00 0 
7f168c000000-7f168c021000 rw-p 00000000 00:00 0 
7f168c021000-7f1690000000 ---p 00000000 00:00 0 
7f1690000000-7f1692391000 rw-p 00000000 00:00 0 
7f1692391000-7f1694000000 ---p 00000000 00:00 0 
7f1694000000-7f1694021000 rw-p 00000000 00:00 0 
7f1694021000-7f1698000000 ---p 00000000 00:00 0 
7f1698000000-7f1698021000 rw-p 00000000 00:00 0 
7f1698021000-7f169c000000 ---p 00000000 00:00 0 
7f169c000000-7f169c025000 rw-p 00000000 00:00 0 
7f169c025000-7f16a0000000 ---p 00000000 00:00 0 
7f16a0000000-7f16a01df000 rw-p 00000000 00:00 0 
7f16a01df000-7f16a4000000 ---p 00000000 00:00 0 
7f16a4000000-7f16a4021000 rw-p 00000000 00:00 0 
7f16a4021000-7f16a8000000 ---p 00000000 00:00 0 
7f16a8078000-7f16a807b000 ---p 00000000 00:00 0 
7f16a807b000-7f16a8179000 rw-p 00000000 00:00 0 
7f16a8179000-7f16a817c000 ---p 00000000 00:00 0 
7f16a817c000-7f16a827a000 rw-p 00000000 00:00 0 
7f16a827a000-7f16a827d000 ---p 00000000 00:00 0 
7f16a827d000-7f16a837b000 rw-p 00000000 00:00 0 
7f16a847c000-7f16a847f000 ---p 00000000 00:00 0 
7f16a847f000-7f16a857d000 rw-p 00000000 00:00 0 
7f16a857d000-7f16a8580000 ---p 00000000 00:00 0 
7f16a8580000-7f16a867e000 rw-p 00000000 00:00 0 
7f16a8880000-7f16a8883000 ---p 00000000 00:00 0 
7f16a8883000-7f16a8981000 rw-p 00000000 00:00 0 
7f16a8981000-7f16a8984000 ---p 00000000 00:00 0 
7f16a8984000-7f16a8a82000 rw-p 00000000 00:00 0 
7f16a8c84000-7f16a8c87000 ---p 00000000 00:00 0 
7f16a8c87000-7f16a8d85000 rw-p 00000000 00:00 0 
7f16a8d85000-7f16a8d88000 ---p 00000000 00:00 0 
7f16a8d88000-7f16a8e86000 rw-p 00000000 00:00 0 
7f16a8e86000-7f16a8e89000 ---p 00000000 00:00 0 
7f16a8e89000-7f16a8f87000 rw-p 00000000 00:00 0 
7f16a8f87000-7f16a8f8a000 ---p 00000000 00:00 0 
7f16a8f8a000-7f16a9088000 rw-p 00000000 00:00 0 
7f16a9088000-7f16a908b000 ---p 00000000 00:00 0 
7f16a908b000-7f16a90c1000 rw-p 00000000 00:00 0 
7f16a90c1000-7f16a90c4000 ---p 00000000 00:00 0 
7f16a90c4000-7f16a90fa000 rw-p 00000000 00:00 0 
7f16a90fa000-7f16a90fd000 ---p 00000000 00:00 0 
7f16a90fd000-7f16a9133000 rw-p 00000000 00:00 0 
7f16a9133000-7f16a9136000 ---p 00000000 00:00 0 
7f16a9136000-7f16a916c000 rw-p 00000000 00:00 0 
7f16a916c000-7f16a916f000 ---p 00000000 00:00 0 
7f16a916f000-7f16a91a5000 rw-p 00000000 00:00 0 
7f16a91a5000-7f16a91a8000 ---p 00000000 00:00 0 
7f16a91a8000-7f16a91de000 rw-p 00000000 00:00 0 
7f16a91de000-7f16a91e1000 ---p 00000000 00:00 0 
7f16a91e1000-7f16a9217000 rw-p 00000000 00:00 0 
7f16a9217000-7f16a921a000 ---p 00000000 00:00 0 
7f16a921a000-7f16a9250000 rw-p 00000000 00:00 0 
7f16a9250000-7f16a9253000 ---p 00000000 00:00 0 
7f16a9253000-7f16a9289000 rw-p 00000000 00:00 0 
7f16a9289000-7f16a928c000 ---p 00000000 00:00 0 
7f16a928c000-7f16a92c2000 rw-p 00000000 00:00 0 
7f16a92c2000-7f16a92c5000 ---p 00000000 00:00 0 
7f16a92c5000-7f16a92fb000 rw-p 00000000 00:00 0 
7f16a92fb000-7f16a92fe000 ---p 00000000 00:00 0 
7f16a92fe000-7f16a9334000 rw-p 00000000 00:00 0 
7f16a9334000-7f16a9337000 ---p 00000000 00:00 0 
7f16a9337000-7f16a936d000 rw-p 00000000 00:00 0 
7f16a936d000-7f16a9370000 ---p 00000000 00:00 0 
7f16a9370000-7f16a93a6000 rw-p 00000000 00:00 0 
7f16a93a6000-7f16a93a9000 ---p 00000000 00:00 0 
7f16a93a9000-7f16a93df000 rw-p 00000000 00:00 0 
7f16a93e5000-7f16a9565000 rw-p 00000000 00:00 0 
7f16a9565000-7f16a95e5000 ---p 00000000 00:00 0 
7f16a95e5000-7f16a97e5000 rw-p 00000000 00:00 0 
7f16a97e5000-7f16a99e5000 rw-p 00000000 00:00 0 
7f16a99e5000-7f16a99e8000 ---p 00000000 00:00 0 
7f16a99e8000-7f16a9ae6000 rw-p 00000000 00:00 0 
7f16a9c21000-7f16a9e21000 rw-p 00000000 00:00 0 
7f16a9f17000-7f16aa117000 rw-p 00000000 00:00 0 
7f16aa1ef000-7f16aa3ef000 rw-p 00000000 00:00 0 
7f16aa3ef000-7f16aa3f2000 ---p 00000000 00:00 0 
7f16aa3f2000-7f16aa4f0000 rw-p 00000000 00:00 0 
7f16aa4f0000-7f16aa4f3000 ---p 00000000 00:00 0 
7f16aa4f3000-7f16aa5f1000 rw-p 00000000 00:00 0 
7f16aa5f3000-7f16aa7f3000 rw-p 00000000 00:00 0 
7f16aa7f3000-7f16aa7f6000 ---p 00000000 00:00 0 
7f16aa7f6000-7f16aa8f4000 rw-p 00000000 00:00 0 
7f16aa8f4000-7f16aa8f7000 ---p 00000000 00:00 0 
7f16aa8f7000-7f16aa9f5000 rw-p 00000000 00:00 0 
7f16aa9f5000-7f16aa9f8000 ---p 00000000 00:00 0 
7f16aa9f8000-7f16aaaf6000 rw-p 00000000 00:00 0 
7f16aaaf6000-7f16aaaf9000 ---p 00000000 00:00 0 
7f16aaaf9000-7f16aadf7000 rw-p 00000000 00:00 0 
7f16aadf7000-7f16aaff7000 rw-p 00000000 00:00 0 
7f16aaff7000-7f16ab1f7000 rw-p 00000000 00:00 0 
7f16ab1f7000-7f16ab3f7000 rw-p 00000000 00:00 0 
7f16ab3f7000-7f16ab5f7000 rw-p 00000000 00:00 0 
7f16ab5f7000-7f16ab7f7000 rw-p 00000000 00:00 0 
7f16ab7f7000-7f16ab9f7000 rw-p 00000000 00:00 0 
7f16ab9f7000-7f16abbf7000 rw-p 00000000 00:00 0 
7f16abbf7000-7f16abc00000 r-xp 00000000 08:01 3283103                    /usr/lib/jvm/java-8-oracle/jre/lib/amd64/libmanagement.so
7f16abc00000-7f16abdff000 ---p 00009000 08:01 3283103                    /usr/lib/jvm/java-8-oracle/jre/lib/amd64/libmanagement.so
7f16abdff000-7f16abe00000 rw-p 00008000 08:01 3283103                    /usr/lib/jvm/java-8-oracle/jre/lib/amd64/libmanagement.so
7f16abe00000-7f16ac000000 rw-p 00000000 00:00 0 
7f16ac000000-7f16ac033000 rw-p 00000000 00:00 0 
7f16ac033000-7f16b0000000 ---p 00000000 00:00 0 
7f16b000f000-7f16b0011000 rw-p 00000000 00:00 0 
7f16b0011000-7f16b0014000 ---p 00000000 00:00 0 
7f16b0014000-7f16b004a000 rw-p 00000000 00:00 0 
7f16b004a000-7f16b004d000 ---p 00000000 00:00 0 
7f16b004d000-7f16b0083000 rw-p 00000000 00:00 0 
7f16b0083000-7f16b0086000 ---p 00000000 00:00 0 
7f16b0086000-7f16b00bc000 rw-p 00000000 00:00 0 
7f16b00bc000-7f16b00bf000 ---p 00000000 00:00 0 
7f16b00bf000-7f16b00f5000 rw-p 00000000 00:00 0 
7f16b00f5000-7f16b0108000 r--s 00344000 08:01 3149872                    /usr/lib/jvm/java-8-oracle/jre/lib/resources.jar
7f16b0108000-7f16b0308000 rw-p 00000000 00:00 0 
7f16b0308000-7f16b0310000 r--s 000a8000 08:01 5899186                    /home/ahmed/myData/android-studio/gradle/m2repository/com/android/tools/external/lombok/lombok-ast/0.2.3/lombok-ast-0.2.3.jar
7f16b0310000-7f16b0312000 r--s 0000d000 08:01 5899442                    /home/ahmed/myData/android-studio/gradle/m2repository/commons-codec/commons-codec/1.4/commons-codec-1.4.jar
7f16b0312000-7f16b0314000 r--s 0000d000 08:01 4346861                    /home/ahmed/myData/android-studio/gradle/m2repository/commons-logging/commons-logging/1.1.1/commons-logging-1.1.1.jar
7f16b0314000-7f16b0319000 r--s 00028000 08:01 5246190                    /home/ahmed/myData/android-studio/gradle/m2repository/org/apache/httpcomponents/httpcore/4.1/httpcore-4.1.jar
7f16b0319000-7f16b031a000 r--s 00004000 08:01 5899397                    /home/ahmed/myData/android-studio/gradle/m2repository/com/intellij/annotations/12.0/annotations-12.0.jar
7f16b031a000-7f16b031c000 r--s 00005000 08:01 5899040                    /home/ahmed/myData/android-studio/gradle/m2repository/org/abego/treelayout/org.abego.treelayout.core/1.0.1/org.abego.treelayout.core-1.0.1.jar
7f16b031c000-7f16b031f000 r--s 00030000 08:01 5899167                    /home/ahmed/myData/android-studio/gradle/m2repository/com/android/tools/lint/lint-api/25.0.0/lint-api-25.0.0.jar
7f16b031f000-7f16b0320000 r--s 00004000 08:01 5899051                    /home/ahmed/myData/android-studio/gradle/m2repository/org/ow2/asm/asm-analysis/5.0.3/asm-analysis-5.0.3.jar
7f16b0320000-7f16b0321000 r--s 0000a000 08:01 5899435                    /home/ahmed/myData/android-studio/gradle/m2repository/net/sf/kxml/kxml2/2.3.0/kxml2-2.3.0.jar
7f16b0321000-7f16b0325000 r--s 00026000 08:01 5899179                    /home/ahmed/myData/android-studio/gradle/m2repository/com/android/tools/repository/25.0.0/repository-25.0.0.jar
7f16b0325000-7f16b032c000 r--s 00053000 08:01 5377308                    /home/ahmed/myData/android-studio/gradle/m2repository/org/apache/commons/commons-compress/1.8.1/commons-compress-1.8.1.jar
7f16b032c000-7f16b0331000 r--s 0002a000 08:01 5899120                    /home/ahmed/myData/android-studio/gradle/m2repository/com/google/code/gson/gson/2.2.4/gson-2.2.4.jar
7f16b0331000-7f16b0333000 r--s 00005000 08:01 5246183                    /home/ahmed/myData/android-studio/gradle/m2repository/org/apache/httpcomponents/httpmime/4.1/httpmime-4.1.jar
7f16b0333000-7f16b0334000 r--s 00005000 08:01 5899234                    /home/ahmed/myData/android-studio/gradle/m2repository/com/android/tools/dvlib/25.0.0/dvlib-25.0.0.jar
7f16b0334000-7f16b033c000 r--s 0004e000 08:01 5246199                    /home/ahmed/myData/android-studio/gradle/m2repository/org/apache/httpcomponents/httpclient/4.1.1/httpclient-4.1.1.jar
7f16b033c000-7f16b033f000 r--s 00013000 08:01 5899209                    /home/ahmed/myData/android-studio/gradle/m2repository/com/android/tools/layoutlib/layoutlib-api/25.0.0/layoutlib-api-25.0.0.jar
7f16b033f000-7f16b0343000 r--s 00037000 08:01 5768945                    /home/ahmed/myData/android-studio/gradle/m2repository/org/antlr/ST4/4.0.8/ST4-4.0.8.jar
7f16b0343000-7f16b0346000 r--s 00026000 08:01 5899033                    /home/ahmed/myData/android-studio/gradle/m2repository/org/antlr/antlr-runtime/3.5.2/antlr-runtime-3.5.2.jar
7f16b0346000-7f16b0347000 r--s 00002000 08:01 5637507                    /home/ahmed/myData/android-studio/gradle/m2repository/com/tunnelvisionlabs/antlr4-annotations/4.5/antlr4-annotations-4.5.jar
7f16b0347000-7f16b034e000 r--s 00062000 08:01 4854864                    /home/ahmed/myData/android-studio/gradle/m2repository/com/tunnelvisionlabs/antlr4-runtime/4.5/antlr4-runtime-4.5.jar
7f16b034e000-7f16b0360000 r--s 00223000 08:01 4725196                    /home/ahmed/myData/android-studio/gradle/m2repository/org/eclipse/jdt/core/compiler/ecj/4.4.2/ecj-4.4.2.jar
7f16b0360000-7f16b0367000 r--s 000bd000 08:01 5899156                    /home/ahmed/myData/android-studio/gradle/m2repository/com/android/tools/lint/lint-checks/25.0.0/lint-checks-25.0.0.jar
7f16b0367000-7f16b0375000 r--s 00081000 08:01 5637492                    /home/ahmed/myData/android-studio/gradle/m2repository/org/bouncycastle/bcpkix-jdk15on/1.48/bcpkix-jdk15on-1.48.jar
7f16b0375000-7f16b0378000 r--s 00028000 08:01 5899312                    /home/ahmed/myData/android-studio/gradle/m2repository/com/android/tools/build/manifest-merger/25.0.0/manifest-merger-25.0.0.jar
7f16b0378000-7f16b037d000 r--s 0004a000 08:01 5899258                    /home/ahmed/myData/android-studio/gradle/m2repository/com/android/tools/ddms/ddmlib/25.0.0/ddmlib-25.0.0.jar
7f16b037d000-7f16b0385000 r--s 0007c000 08:01 5899222                    /home/ahmed/myData/android-studio/gradle/m2repository/com/android/tools/sdk-common/25.0.0/sdk-common-25.0.0.jar
7f16b0385000-7f16b038d000 r--s 00078000 08:01 5899339                    /home/ahmed/myData/android-studio/gradle/m2repository/com/android/tools/sdklib/25.0.0/sdklib-25.0.0.jar
7f16b038d000-7f16b03c0000 r--s 00203000 08:01 5637498                    /home/ahmed/myData/android-studio/gradle/m2repository/org/bouncycastle/bcprov-jdk15on/1.48/bcprov-jdk15on-1.48.jar
7f16b03c0000-7f16b03d0000 r--s 000d6000 08:01 5899410                    /home/ahmed/myData/android-studio/gradle/m2repository/net/sf/proguard/proguard-base/5.2.1/proguard-base-5.2.1.jar
7f16b03d0000-7f16b03fb000 r--s 001f9000 08:01 5899127                    /home/ahmed/myData/android-studio/gradle/m2repository/com/google/guava/guava/17.0/guava-17.0.jar
7f16b03fb000-7f16b05fb000 rw-p 00000000 00:00 0 
7f16b05fb000-7f16b05fe000 ---p 00000000 00:00 0 
7f16b05fe000-7f16b08fc000 rw-p 00000000 00:00 0 
7f16b08fc000-7f16b08fe000 r--s 00005000 08:01 5899284                    /home/ahmed/myData/android-studio/gradle/m2repository/com/android/tools/build/builder-model/2.0.0/builder-model-2.0.0.jar
7f16b08fe000-7f16b0900000 r--s 00018000 08:01 5899245                    /home/ahmed/myData/android-studio/gradle/m2repository/com/android/tools/common/25.0.0/common-25.0.0.jar
7f16b0900000-7f16b0902000 r--s 00002000 08:01 5899109                    /home/ahmed/myData/android-studio/gradle/m2repository/com/squareup/javawriter/2.5.0/javawriter-2.5.0.jar
7f16b0902000-7f16b0904000 r--s 00002000 08:01 5899138                    /home/ahmed/myData/android-studio/gradle/m2repository/com/android/tools/jack/jack-api/0.9.0/jack-api-0.9.0.jar
7f16b0904000-7f16b0905000 r--s 00001000 08:01 5899354                    /home/ahmed/myData/android-studio/gradle/m2repository/com/android/tools/jill/jill-api/0.9.0/jill-api-0.9.0.jar
7f16b0905000-7f16b0906000 r--s 00002000 08:01 5899291                    /home/ahmed/myData/android-studio/gradle/m2repository/com/android/tools/build/builder-test-api/2.0.0/builder-test-api-2.0.0.jar
7f16b0906000-7f16b0907000 r--s 00001000 08:01 5899197                    /home/ahmed/myData/android-studio/gradle/m2repository/com/android/tools/annotations/25.0.0/annotations-25.0.0.jar
7f16b0907000-7f16b0909000 r--s 00006000 08:01 5899081                    /home/ahmed/myData/android-studio/gradle/m2repository/org/ow2/asm/asm-tree/5.0.3/asm-tree-5.0.3.jar
7f16b0909000-7f16b090d000 r--s 0002a000 08:01 4468212                    /home/ahmed/myData/android-studio/gradle/m2repository/commons-io/commons-io/2.4/commons-io-2.4.jar
7f16b090d000-7f16b0917000 r--s 00099000 08:01 5115253                    /home/ahmed/myData/android-studio/gradle/m2repository/com/tunnelvisionlabs/antlr4/4.5/antlr4-4.5.jar
7f16b0917000-7f16b0918000 r--s 00002000 08:01 5899387                    /home/ahmed/myData/android-studio/gradle/m2repository/com/android/databinding/baseLibrary/2.0.0/baseLibrary-2.0.0.jar
7f16b0918000-7f16b091b000 r--s 00033000 08:01 5899102                    /home/ahmed/myData/android-studio/gradle/m2repository/com/googlecode/juniversalchardet/juniversalchardet/1.0.3/juniversalchardet-1.0.3.jar
7f16b091b000-7f16b0920000 r--s 00058000 08:01 5899070                    /home/ahmed/myData/android-studio/gradle/m2repository/org/ow2/asm/asm-debug-all/5.0.1/asm-debug-all-5.0.1.jar
7f16b0920000-7f16b0922000 r--s 00023000 08:01 5899143                    /home/ahmed/myData/android-studio/gradle/m2repository/com/android/tools/lint/lint/25.0.0/lint-25.0.0.jar
7f16b0922000-7f16b0928000 r--s 00052000 08:01 5899275                    /home/ahmed/myData/android-studio/gradle/m2repository/com/android/tools/build/builder/2.0.0/builder-2.0.0.jar
7f16b0928000-7f16b0929000 r--s 00002000 08:01 5899421                    /home/ahmed/myData/android-studio/gradle/m2repository/net/sf/proguard/proguard-gradle/5.2.1/proguard-gradle-5.2.1.jar
7f16b0929000-7f16b092a000 r--s 0000c000 08:01 5899063                    /home/ahmed/myData/android-studio/gradle/m2repository/org/ow2/asm/asm/5.0.3/asm-5.0.3.jar
7f16b092a000-7f16b092b000 r--s 00002000 08:01 5899332                    /home/ahmed/myData/android-studio/gradle/m2repository/com/android/tools/build/gradle-api/2.0.0/gradle-api-2.0.0.jar
7f16b092b000-7f16b092d000 r--s 00009000 08:01 5899094                    /home/ahmed/myData/android-studio/gradle/m2repository/org/ow2/asm/asm-commons/5.0.3/asm-commons-5.0.3.jar
7f16b092d000-7f16b0931000 r--s 0002a000 08:01 5899371                    /home/ahmed/myData/android-studio/gradle/m2repository/com/android/databinding/compilerCommon/2.0.0/compilerCommon-2.0.0.jar
7f16b0931000-7f16b0932000 r--s 00000000 08:01 5899327                    /home/ahmed/myData/android-studio/gradle/m2repository/com/android/tools/build/transform-api/2.0.0-deprecated-use-gradle-api/transform-api-2.0.0-deprecated-use-gradle-api.jar
7f16b0932000-7f16b0936000 r--s 0001e000 08:01 5115245                    /home/ahmed/myData/android-studio/gradle/m2repository/org/jacoco/org.jacoco.core/0.7.4.201502262128/org.jacoco.core-0.7.4.201502262128.jar
7f16b0936000-7f16b0952000 r--s 00175000 08:01 5899308                    /home/ahmed/myData/android-studio/gradle/m2repository/com/android/tools/build/gradle-core/2.0.0/gradle-core-2.0.0.jar
7f16b0952000-7f16b0954000 r--s 0000c000 08:01 5899300                    /home/ahmed/myData/android-studio/gradle/m2repository/com/android/tools/build/gradle/2.0.0/gradle-2.0.0.jar
7f16b0954000-7f16b0b54000 rw-p 00000000 00:00 0 
7f16b0b54000-7f16b0b57000 ---p 00000000 00:00 0 
7f16b0b57000-7f16b0b8d000 rw-p 00000000 00:00 0 
7f16b0b8d000-7f16b0b8e000 r--p 00000000 00:00 0 
7f16b0b8e000-7f16b0d8e000 rw-p 00000000 00:00 0 
7f16b0d8e000-7f16b0f8e000 rw-p 00000000 00:00 0 
7f16b0f8e000-7f16b118e000 rw-p 00000000 00:00 0 
7f16b118e000-7f16b1207000 r--s 010e3000 08:01 4079336                    /usr/lib/jvm/java-8-oracle/lib/tools.jar
7f16b1207000-7f16b120a000 ---p 00000000 00:00 0 
7f16b120a000-7f16b1308000 rw-p 00000000 00:00 0 
7f16b1308000-7f16b130f000 r--s 00000000 08:01 3283437                    /usr/lib/x86_64-linux-gnu/gconv/gconv-modules.cache
7f16b130f000-7f16b1312000 ---p 00000000 00:00 0 
7f16b1312000-7f16b1410000 rw-p 00000000 00:00 0 
7f16b1410000-7f16b1413000 ---p 00000000 00:00 0 
7f16b1413000-7f16b1511000 rw-p 00000000 00:00 0 
7f16b1511000-7f16b1514000 ---p 00000000 00:00 0 
7f16b1514000-7f16b1612000 rw-p 00000000 00:00 0 
7f16b1612000-7f16b1615000 ---p 00000000 00:00 0 
7f16b1615000-7f16b1913000 rw-p 00000000 00:00 0 
7f16b1913000-7f16b1916000 ---p 00000000 00:00 0 
7f16b1916000-7f16b1a14000 rw-p 00000000 00:00 0 
7f16b1a14000-7f16b1a18000 r--s 00097000 08:01 3149870                    /usr/lib/jvm/java-8-oracle/jre/lib/jsse.jar
7f16b1a18000-7f16b1a1a000 r--s 00005000 08:01 4217013                    /home/ahmed/myData/android-studio/gradle/gradle-2.10/lib/plugins/gradle-tooling-api-builders-2.10.jar
7f16b1a1a000-7f16b1a2a000 r--s 00088000 08:01 4217046                    /home/ahmed/myData/android-studio/gradle/gradle-2.10/lib/plugins/joda-time-2.8.2.jar
7f16b1a2a000-7f16b1a3b000 r--s 000cf000 08:01 4217082                    /home/ahmed/myData/android-studio/gradle/gradle-2.10/lib/plugins/jackson-databind-2.3.2.jar
7f16b1a3b000-7f16b1a3d000 r--s 00007000 08:01 4217099                    /home/ahmed/myData/android-studio/gradle/gradle-2.10/lib/plugins/jackson-annotations-2.3.2.jar
7f16b1a3d000-7f16b1a40000 r--s 0002e000 08:01 4217061                    /home/ahmed/myData/android-studio/gradle/gradle-2.10/lib/plugins/jackson-core-2.3.2.jar
7f16b1a40000-7f16b1a4b000 r--s 0006b000 08:01 4217121                    /home/ahmed/myData/android-studio/gradle/gradle-2.10/lib/plugins/aws-java-sdk-core-1.9.19.jar
7f16b1a4b000-7f16b1a51000 r--s 00036000 08:01 4217094                    /home/ahmed/myData/android-studio/gradle/gradle-2.10/lib/plugins/aws-java-sdk-kms-1.9.19.jar
7f16b1a51000-7f16b1a5c000 r--s 00079000 08:01 4217020                    /home/ahmed/myData/android-studio/gradle/gradle-2.10/lib/plugins/aws-java-sdk-s3-1.9.19.jar
7f16b1a5c000-7f16b1a5d000 r--s 00003000 08:01 4217023                    /home/ahmed/myData/android-studio/gradle/gradle-2.10/lib/plugins/gradle-resources-s3-2.10.jar
7f16b1a5d000-7f16b1a5e000 r--s 00004000 08:01 4217052                    /home/ahmed/myData/android-studio/gradle/gradle-2.10/lib/plugins/gradle-resources-sftp-2.10.jar
7f16b1a5e000-7f16b1a5f000 r--s 00001000 08:01 4217036                    /home/ahmed/myData/android-studio/gradle/gradle-2.10/lib/plugins/gradle-plugin-development-2.10.jar
7f16b1a5f000-7f16b1a61000 r--s 00005000 08:01 4217066                    /home/ahmed/myData/android-studio/gradle/gradle-2.10/lib/plugins/gradle-testing-native-2.10.jar
7f16b1a61000-7f16b1a66000 r--s 0002b000 08:01 4217096                    /home/ahmed/myData/android-studio/gradle/gradle-2.10/lib/plugins/gradle-ide-native-2.10.jar
7f16b1a66000-7f16b1a6b000 r--s 0001a000 08:01 4217038                    /home/ahmed/myData/android-studio/gradle/gradle-2.10/lib/plugins/gradle-language-native-2.10.jar
7f16b1a6b000-7f16b1a70000 r--s 00028000 08:01 4217033                    /home/ahmed/myData/android-studio/gradle/gradle-2.10/lib/plugins/gradle-platform-play-2.10.jar
7f16b1a70000-7f16b1a7d000 r--s 0004f000 08:01 4217073                    /home/ahmed/myData/android-studio/gradle/gradle-2.10/lib/plugins/gradle-platform-native-2.10.jar
7f16b1a7d000-7f16b1a80000 r--s 00008000 08:01 4217063                    /home/ahmed/myData/android-studio/gradle/gradle-2.10/lib/plugins/gradle-language-scala-2.10.jar
7f16b1a80000-7f16b1a82000 r--s 00009000 08:01 4217035                    /home/ahmed/myData/android-studio/gradle/gradle-2.10/lib/plugins/gradle-language-groovy-2.10.jar
7f16b1a82000-7f16b1a88000 r--s 00023000 08:01 4217083                    /home/ahmed/myData/android-studio/gradle/gradle-2.10/lib/plugins/gradle-language-java-2.10.jar
7f16b1a88000-7f16b1a8a000 r--s 00008000 08:01 4217108                    /home/ahmed/myData/android-studio/gradle/gradle-2.10/lib/plugins/gradle-language-jvm-2.10.jar
7f16b1a8a000-7f16b1a8d000 r--s 00015000 08:01 4217104                    /home/ahmed/myData/android-studio/gradle/gradle-2.10/lib/plugins/gradle-platform-jvm-2.10.jar
7f16b1a8d000-7f16b1a95000 r--s 0002b000 08:01 4217075                    /home/ahmed/myData/android-studio/gradle/gradle-2.10/lib/plugins/gradle-platform-base-2.10.jar
7f16b1a95000-7f16b1a99000 r--s 00020000 08:01 4217111                    /home/ahmed/myData/android-studio/gradle/gradle-2.10/lib/plugins/gradle-build-init-2.10.jar
7f16b1a99000-7f16b1a9c000 r--s 00017000 08:01 4217064                    /home/ahmed/myData/android-studio/gradle/gradle-2.10/lib/plugins/gradle-jacoco-2.10.jar
7f16b1a9c000-7f16b1a9f000 r--s 0000e000 08:01 4217050                    /home/ahmed/myData/android-studio/gradle/gradle-2.10/lib/plugins/gradle-ivy-2.10.jar
7f16b1a9f000-7f16b1aa1000 r--s 00002000 08:01 4217044                    /home/ahmed/myData/android-studio/gradle/gradle-2.10/lib/plugins/gradle-publish-2.10.jar
7f16b1aa1000-7f16b1aa3000 r--s 00005000 08:01 4217068                    /home/ahmed/myData/android-studio/gradle/gradle-2.10/lib/plugins/jatl-0.2.2.jar
7f16b1aa3000-7f16b1aa5000 r--s 0000f000 08:01 4217100                    /home/ahmed/myData/android-studio/gradle/gradle-2.10/lib/plugins/gradle-reporting-2.10.jar
7f16b1aa5000-7f16b1aab000 r--s 00036000 08:01 4217088                    /home/ahmed/myData/android-studio/gradle/gradle-2.10/lib/plugins/gradle-diagnostics-2.10.jar
7f16b1aab000-7f16b1ab2000 r--s 0008f000 08:01 4217030                    /home/ahmed/myData/android-studio/gradle/gradle-2.10/lib/plugins/gradle-build-comparison-2.10.jar
7f16b1ab2000-7f16b1ab9000 r--s 00035000 08:01 4217081                    /home/ahmed/myData/android-studio/gradle/gradle-2.10/lib/plugins/simple-4.1.21.jar
7f16b1ab9000-7f16b1ac5000 r--s 00100000 08:01 4217110                    /home/ahmed/myData/android-studio/gradle/gradle-2.10/lib/plugins/rhino-1.7R3.jar
7f16b1ac5000-7f16b1ac9000 r--s 0001c000 08:01 4217122                    /home/ahmed/myData/android-studio/gradle/gradle-2.10/lib/plugins/gradle-javascript-2.10.jar
7f16b1ac9000-7f16b1acb000 r--s 0000b000 08:01 4217051                    /home/ahmed/myData/android-studio/gradle/gradle-2.10/lib/plugins/gradle-ear-2.10.jar
7f16b1acb000-7f16b1ad2000 r--s 00038000 08:01 4217070                    /home/ahmed/myData/android-studio/gradle/gradle-2.10/lib/plugins/bcpg-jdk15on-1.51.jar
7f16b1ad2000-7f16b1ad4000 r--s 00017000 08:01 4217072                    /home/ahmed/myData/android-studio/gradle/gradle-2.10/lib/plugins/gradle-signing-2.10.jar
7f16b1ad4000-7f16b1ad5000 r--s 00002000 08:01 4217015                    /home/ahmed/myData/android-studio/gradle/gradle-2.10/lib/plugins/sonar-batch-bootstrapper-2.9.jar
7f16b1ad5000-7f16b1ad8000 r--s 00015000 08:01 4217037                    /home/ahmed/myData/android-studio/gradle/gradle-2.10/lib/plugins/gradle-sonar-2.10.jar
7f16b1ad8000-7f16b1adb000 r--s 00010000 08:01 4217093                    /home/ahmed/myData/android-studio/gradle/gradle-2.10/lib/plugins/gradle-scala-2.10.jar
7f16b1adb000-7f16b1add000 r--s 0000a000 08:01 4217021                    /home/ahmed/myData/android-studio/gradle/gradle-2.10/lib/plugins/gradle-announce-2.10.jar
7f16b1add000-7f16b1aec000 r--s 0009f000 08:01 4217106                    /home/ahmed/myData/android-studio/gradle/gradle-2.10/lib/plugins/gradle-ide-2.10.jar
7f16b1aec000-7f16b1aef000 r--s 0000c000 08:01 4217062                    /home/ahmed/myData/android-studio/gradle/gradle-2.10/lib/plugins/pmaven-groovy-0.8-20100325.jar
7f16b1aef000-7f16b1af0000 r--s 00004000 08:01 4217084                    /home/ahmed/myData/android-studio/gradle/gradle-2.10/lib/plugins/pmaven-common-0.8-20100325.jar
7f16b1af0000-7f16b1af6000 r--s 00022000 08:01 4217014                    /home/ahmed/myData/android-studio/gradle/gradle-2.10/lib/plugins/gradle-maven-2.10.jar
7f16b1af6000-7f16b1b17000 r--s 001c3000 08:01 4217058                    /home/ahmed/myData/android-studio/gradle/gradle-2.10/lib/plugins/bndlib-2.4.0.jar
7f16b1b17000-7f16b1b19000 r--s 00004000 08:01 4217078                    /home/ahmed/myData/android-studio/gradle/gradle-2.10/lib/plugins/gradle-osgi-2.10.jar
7f16b1b19000-7f16b1b1b000 r--s 00008000 08:01 4217041                    /home/ahmed/myData/android-studio/gradle/gradle-2.10/lib/plugins/gradle-antlr-2.10.jar
7f16b1b1b000-7f16b1b1e000 r--s 0001e000 08:01 4217077                    /home/ahmed/myData/android-studio/gradle/gradle-2.10/lib/plugins/jsp-api-2.1-6.1.14.jar
7f16b1b1e000-7f16b1b41000 r--s 00344000 08:01 4217103                    /home/ahmed/myData/android-studio/gradle/gradle-2.10/lib/plugins/core-3.1.1.jar
7f16b1b41000-7f16b1b42000 r--s 00006000 08:01 4217123                    /home/ahmed/myData/android-studio/gradle/gradle-2.10/lib/plugins/jetty-naming-6.1.25.jar
7f16b1b42000-7f16b1b43000 r--s 00002000 08:01 4217056                    /home/ahmed/myData/android-studio/gradle/gradle-2.10/lib/plugins/geronimo-annotation_1.0_spec-1.0.jar
7f16b1b43000-7f16b1b45000 r--s 00002000 08:01 4217069                    /home/ahmed/myData/android-studio/gradle/gradle-2.10/lib/plugins/jetty-annotations-6.1.25.jar
7f16b1b45000-7f16b1b56000 r--s 000ea000 08:01 4217087                    /home/ahmed/myData/android-studio/gradle/gradle-2.10/lib/plugins/jsp-2.1-6.1.14.jar
7f16b1b56000-7f16b1b58000 r--s 0000d000 08:01 4217040                    /home/ahmed/myData/android-studio/gradle/gradle-2.10/lib/plugins/jetty-plus-6.1.25.jar
7f16b1b58000-7f16b1b5a000 r--s 0001f000 08:01 4217059                    /home/ahmed/myData/android-studio/gradle/gradle-2.10/lib/plugins/servlet-api-2.5-20081211.jar
7f16b1b5a000-7f16b1b5e000 r--s 00028000 08:01 4217016                    /home/ahmed/myData/android-studio/gradle/gradle-2.10/lib/plugins/jetty-util-6.1.25.jar
7f16b1b5e000-7f16b1b65000 r--s 0007d000 08:01 4217089                    /home/ahmed/myData/android-studio/gradle/gradle-2.10/lib/plugins/jetty-6.1.25.jar
7f16b1b65000-7f16b1b67000 r--s 00009000 08:01 4217067                    /home/ahmed/myData/android-studio/gradle/gradle-2.10/lib/plugins/gradle-jetty-2.10.jar
7f16b1b67000-7f16b1b6d000 r--s 00037000 08:01 4217031                    /home/ahmed/myData/android-studio/gradle/gradle-2.10/lib/plugins/gradle-code-quality-2.10.jar
7f16b1b6d000-7f16b1b6f000 r--s 00009000 08:01 4217057                    /home/ahmed/myData/android-studio/gradle/gradle-2.10/lib/plugins/hamcrest-core-1.3.jar
7f16b1b6f000-7f16b1b75000 r--s 00033000 08:01 4217090                    /home/ahmed/myData/android-studio/gradle/gradle-2.10/lib/plugins/snakeyaml-1.6.jar
7f16b1b75000-7f16b1b77000 r--s 00006000 08:01 4217042                    /home/ahmed/myData/android-studio/gradle/gradle-2.10/lib/plugins/jcommander-1.12.jar
7f16b1b77000-7f16b1b7c000 r--s 00040000 08:01 4217101                    /home/ahmed/myData/android-studio/gradle/gradle-2.10/lib/plugins/bsh-2.0b4.jar
7f16b1b7c000-7f16b1b7e000 r--s 00009000 08:01 4217029                    /home/ahmed/myData/android-studio/gradle/gradle-2.10/lib/plugins/commons-cli-1.2.jar
7f16b1b7e000-7f16b1b87000 r--s 00089000 08:01 4217054                    /home/ahmed/myData/android-studio/gradle/gradle-2.10/lib/plugins/testng-6.3.1.jar
7f16b1b87000-7f16b1b8f000 r--s 00045000 08:01 4217115                    /home/ahmed/myData/android-studio/gradle/gradle-2.10/lib/plugins/junit-4.12.jar
7f16b1b8f000-7f16b1b9c000 r--s 00073000 08:01 4217060                    /home/ahmed/myData/android-studio/gradle/gradle-2.10/lib/plugins/gradle-plugins-2.10.jar
7f16b1b9c000-7f16b1bb4000 r--s 00115000 08:01 4217085                    /home/ahmed/myData/android-studio/gradle/gradle-2.10/lib/plugins/xercesImpl-2.9.1.jar
7f16b1bb4000-7f16b1bbc000 r--s 00028000 08:01 4217071                    /home/ahmed/myData/android-studio/gradle/gradle-2.10/lib/plugins/xml-apis-1.3.04.jar
7f16b1bbc000-7f16b1bc2000 r--s 0005b000 08:01 4217028                    /home/ahmed/myData/android-studio/gradle/gradle-2.10/lib/plugins/jcifs-1.3.17.jar
7f16b1bc2000-7f16b1bc8000 r--s 00031000 08:01 4217043                    /home/ahmed/myData/android-studio/gradle/gradle-2.10/lib/plugins/httpcore-4.2.2.jar
7f16b1bc8000-7f16b1bce000 r--s 00033000 08:01 4217024                    /home/ahmed/myData/android-studio/gradle/gradle-2.10/lib/plugins/commons-codec-1.6.jar
7f16b1bce000-7f16b1bd1000 r--s 0001c000 08:01 4217117                    /home/ahmed/myData/android-studio/gradle/gradle-2.10/lib/plugins/nekohtml-1.9.14.jar
7f16b1bd1000-7f16b1bda000 r--s 00060000 08:01 4217055                    /home/ahmed/myData/android-studio/gradle/gradle-2.10/lib/plugins/httpclient-4.2.2.jar
7f16b1bda000-7f16b1bdc000 r--s 00009000 08:01 4217102                    /home/ahmed/myData/android-studio/gradle/gradle-2.10/lib/plugins/gradle-resources-http-2.10.jar
7f16b1bdc000-7f16b1bdf000 r--s 00011000 08:01 4217034                    /home/ahmed/myData/android-studio/gradle/gradle-2.10/lib/plugins/gradle-plugin-use-2.10.jar
7f16b1bdf000-7f16b1be0000 r--s 00007000 08:01 4217086                    /home/ahmed/myData/android-studio/gradle/gradle-2.10/lib/plugins/wagon-http-shared4-2.4.jar
7f16b1be0000-7f16b1be4000 r--s 00033000 08:01 4217109                    /home/ahmed/myData/android-studio/gradle/gradle-2.10/lib/plugins/plexus-utils-2.0.6.jar
7f16b1be4000-7f16b1be8000 r--s 00021000 08:01 4217065                    /home/ahmed/myData/android-studio/gradle/gradle-2.10/lib/plugins/maven-model-builder-3.0.4.jar
7f16b1be8000-7f16b1be9000 r--s 00002000 08:01 4217098                    /home/ahmed/myData/android-studio/gradle/gradle-2.10/lib/plugins/wagon-file-2.4.jar
7f16b1be9000-7f16b1beb000 r--s 00002000 08:01 4217120                    /home/ahmed/myData/android-studio/gradle/gradle-2.10/lib/plugins/plexus-cipher-1.7.jar
7f16b1beb000-7f16b1bee000 r--s 00013000 08:01 4217118                    /home/ahmed/myData/android-studio/gradle/gradle-2.10/lib/plugins/aether-api-1.13.1.jar
7f16b1bee000-7f16b1bf0000 r--s 0000a000 08:01 4217079                    /home/ahmed/myData/android-studio/gradle/gradle-2.10/lib/plugins/maven-settings-3.0.4.jar
7f16b1bf0000-7f16b1bf2000 r--s 0000d000 08:01 4217012                    /home/ahmed/myData/android-studio/gradle/gradle-2.10/lib/plugins/plexus-interpolation-1.14.jar
7f16b1bf2000-7f16b1bf4000 r--s 0000b000 08:01 4217047                    /home/ahmed/myData/android-studio/gradle/gradle-2.10/lib/plugins/maven-artifact-3.0.4.jar
7f16b1bf4000-7f16b1bfb000 r--s 0002e000 08:01 4217074                    /home/ahmed/myData/android-studio/gradle/gradle-2.10/lib/plugins/plexus-container-default-1.5.5.jar
7f16b1bfb000-7f16b1bfd000 r--s 0000b000 08:01 4217097                    /home/ahmed/myData/android-studio/gradle/gradle-2.10/lib/plugins/maven-plugin-api-3.0.4.jar
7f16b1bfd000-7f16b1bff000 r--s 00000000 08:01 4217048                    /home/ahmed/myData/android-studio/gradle/gradle-2.10/lib/plugins/plexus-component-annotations-1.5.5.jar
7f16b1bff000-7f16b1c05000 r--s 0003f000 08:01 4217049                    /home/ahmed/myData/android-studio/gradle/gradle-2.10/lib/plugins/maven-compat-3.0.4.jar
7f16b1c05000-7f16b1c08000 r--s 00008000 08:01 4217116                    /home/ahmed/myData/android-studio/gradle/gradle-2.10/lib/plugins/maven-settings-builder-3.0.4.jar
7f16b1c08000-7f16b1c09000 r--s 00002000 08:01 4217017                    /home/ahmed/myData/android-studio/gradle/gradle-2.10/lib/plugins/wagon-http-2.4.jar
7f16b1c09000-7f16b1c0b000 r--s 00026000 08:01 4217113                    /home/ahmed/myData/android-studio/gradle/gradle-2.10/lib/plugins/maven-model-3.0.4.jar
7f16b1c0b000-7f16b1c0d000 r--s 00006000 08:01 4217114                    /home/ahmed/myData/android-studio/gradle/gradle-2.10/lib/plugins/aether-connector-wagon-1.13.1.jar
7f16b1c0d000-7f16b1c0f000 r--s 0000a000 08:01 4217032                    /home/ahmed/myData/android-studio/gradle/gradle-2.10/lib/plugins/plexus-classworlds-2.4.jar
7f16b1c0f000-7f16b1c11000 r--s 00006000 08:01 4217095                    /home/ahmed/myData/android-studio/gradle/gradle-2.10/lib/plugins/maven-repository-metadata-3.0.4.jar
7f16b1c11000-7f16b1c13000 r--s 0000c000 08:01 4217018                    /home/ahmed/myData/android-studio/gradle/gradle-2.10/lib/plugins/maven-aether-provider-3.0.4.jar
7f16b1c13000-7f16b1c15000 r--s 0000b000 08:01 4217019                    /home/ahmed/myData/android-studio/gradle/gradle-2.10/lib/plugins/wagon-provider-api-2.4.jar
7f16b1c15000-7f16b1c16000 r--s 00003000 08:01 4217076                    /home/ahmed/myData/android-studio/gradle/gradle-2.10/lib/plugins/aether-spi-1.13.1.jar
7f16b1c16000-7f16b1c1a000 r--s 0001c000 08:01 4217080                    /home/ahmed/myData/android-studio/gradle/gradle-2.10/lib/plugins/aether-util-1.13.1.jar
7f16b1c1a000-7f16b1c1d000 r--s 0001d000 08:01 4217039                    /home/ahmed/myData/android-studio/gradle/gradle-2.10/lib/plugins/aether-impl-1.13.1.jar
7f16b1c1d000-7f16b1c22000 r--s 00040000 08:01 4217053                    /home/ahmed/myData/android-studio/gradle/gradle-2.10/lib/plugins/jsch-0.1.53.jar
7f16b1c22000-7f16b1c62000 r--s 00277000 08:01 4217105                    /home/ahmed/myData/android-studio/gradle/gradle-2.10/lib/plugins/bcprov-jdk15on-1.51.jar
7f16b1c62000-7f16b1c66000 r--s 0001d000 08:01 4217107                    /home/ahmed/myData/android-studio/gradle/gradle-2.10/lib/plugins/xbean-reflect-3.4.jar
7f16b1c66000-7f16b1c72000 r--s 0007d000 08:01 4217022                    /home/ahmed/myData/android-studio/gradle/gradle-2.10/lib/plugins/maven-core-3.0.4.jar
7f16b1c72000-7f16b1c77000 r--s 0002a000 08:01 4217112                    /home/ahmed/myData/android-studio/gradle/gradle-2.10/lib/plugins/gson-2.2.4.jar
7f16b1c77000-7f16b1c86000 r--s 000d9000 08:01 4217091                    /home/ahmed/myData/android-studio/gradle/gradle-2.10/lib/plugins/ivy-2.2.0.jar
7f16b1c86000-7f16b1c9c000 r-xp 00000000 08:01 7995494                    /lib/x86_64-linux-gnu/libgcc_s.so.1
7f16b1c9c000-7f16b1e9b000 ---p 00016000 08:01 7995494                    /lib/x86_64-linux-gnu/libgcc_s.so.1
7f16b1e9b000-7f16b1e9c000 rw-p 00015000 08:01 7995494                    /lib/x86_64-linux-gnu/libgcc_s.so.1
7f16b1e9c000-7f16b1f82000 r-xp 00000000 08:01 2883947                    /usr/lib/x86_64-linux-gnu/libstdc++.so.6.0.19
7f16b1f82000-7f16b2181000 ---p 000e6000 08:01 2883947                    /usr/lib/x86_64-linux-gnu/libstdc++.so.6.0.19
7f16b2181000-7f16b2189000 r--p 000e5000 08:01 2883947                    /usr/lib/x86_64-linux-gnu/libstdc++.so.6.0.19
7f16b2189000-7f16b218b000 rw-p 000ed000 08:01 2883947                    /usr/lib/x86_64-linux-gnu/libstdc++.so.6.0.19
7f16b218b000-7f16b21a0000 rw-p 00000000 00:00 0 
7f16b21a0000-7f16b21a1000 r--s 00006000 08:01 4217092                    /home/ahmed/myData/android-studio/gradle/gradle-2.10/lib/plugins/plexus-sec-dispatcher-1.3.jar
7f16b21a1000-7f16b21bd000 r--s 000c9000 08:01 4217119                    /home/ahmed/myData/android-studio/gradle/gradle-2.10/lib/plugins/gradle-dependency-management-2.10.jar
7f16b21bd000-7f16b21c1000 r-xp 00000000 08:01 4855054                    /home/ahmed/.gradle/native/19/linux-amd64/libnative-platform.so
7f16b21c1000-7f16b23c0000 ---p 00004000 08:01 4855054                    /home/ahmed/.gradle/native/19/linux-amd64/libnative-platform.so
7f16b23c0000-7f16b23c1000 rw-p 00003000 08:01 4855054                    /home/ahmed/.gradle/native/19/linux-amd64/libnative-platform.so
7f16b23c1000-7f16b23d2000 r-xp 00000000 08:01 3283155                    /usr/lib/jvm/java-8-oracle/jre/lib/amd64/libnio.so
7f16b23d2000-7f16b25d1000 ---p 00011000 08:01 3283155                    /usr/lib/jvm/java-8-oracle/jre/lib/amd64/libnio.so
7f16b25d1000-7f16b25d2000 rw-p 00010000 08:01 3283155                    /usr/lib/jvm/java-8-oracle/jre/lib/amd64/libnio.so
7f16b25d2000-7f16b25e8000 r-xp 00000000 08:01 3284680                    /usr/lib/jvm/java-8-oracle/jre/lib/amd64/libnet.so
7f16b25e8000-7f16b27e8000 ---p 00016000 08:01 3284680                    /usr/lib/jvm/java-8-oracle/jre/lib/amd64/libnet.so
7f16b27e8000-7f16b27e9000 rw-p 00016000 08:01 3284680                    /usr/lib/jvm/java-8-oracle/jre/lib/amd64/libnet.so
7f16b27e9000-7f16b27ea000 r--s 00006000 08:01 4216980                    /home/ahmed/myData/android-studio/gradle/gradle-2.10/lib/gradle-wrapper-2.10.jar
7f16b27ea000-7f16b27f5000 r--s 0003b000 08:01 4217004                    /home/ahmed/myData/android-studio/gradle/gradle-2.10/lib/gradle-tooling-api-2.10.jar
7f16b27f5000-7f16b27f7000 r--s 00002000 08:01 4216984                    /home/ahmed/myData/android-studio/gradle/gradle-2.10/lib/gradle-open-api-2.10.jar
7f16b27f7000-7f16b27fd000 r--s 00032000 08:01 4217003                    /home/ahmed/myData/android-studio/gradle/gradle-2.10/lib/jaxen-1.1.jar
7f16b27fd000-7f16b2802000 r--s 00048000 08:01 4216977                    /home/ahmed/myData/android-studio/gradle/gradle-2.10/lib/dom4j-1.6.1.jar
7f16b2802000-7f16b280d000 r--s 00059000 08:01 4217002                    /home/ahmed/myData/android-studio/gradle/gradle-2.10/lib/gradle-ui-2.10.jar
7f16b280d000-7f16b2810000 r--s 00008000 08:01 4217126                    /home/ahmed/myData/android-studio/gradle/gradle-2.10/lib/gradle-resources-2.10.jar
7f16b2810000-7f16b2812000 r--s 00007000 08:01 4217005                    /home/ahmed/myData/android-studio/gradle/gradle-2.10/lib/objenesis-1.2.jar
7f16b2812000-7f16b2814000 r--s 00000000 08:01 4217006                    /home/ahmed/myData/android-studio/gradle/gradle-2.10/lib/minlog-1.2.jar
7f16b2814000-7f16b2816000 r--s 0000f000 08:01 4217009                    /home/ahmed/myData/android-studio/gradle/gradle-2.10/lib/reflectasm-1.07-shaded.jar
7f16b2816000-7f16b281a000 r--s 00026000 08:01 4217125                    /home/ahmed/myData/android-studio/gradle/gradle-2.10/lib/kryo-2.20.jar
7f16b281a000-7f16b2823000 r--s 0003f000 08:01 4216994                    /home/ahmed/myData/android-studio/gradle/gradle-2.10/lib/gradle-messaging-2.10.jar
7f16b2823000-7f16b2824000 r--s 00003000 08:01 4217010                    /home/ahmed/myData/android-studio/gradle/gradle-2.10/lib/native-platform-freebsd-amd64-0.10.jar
7f16b2824000-7f16b2825000 r--s 00003000 08:01 4216995                    /home/ahmed/myData/android-studio/gradle/gradle-2.10/lib/native-platform-freebsd-i386-0.10.jar
7f16b2825000-7f16b2826000 r--s 00005000 08:01 4217000                    /home/ahmed/myData/android-studio/gradle/gradle-2.10/lib/native-platform-windows-i386-0.10.jar
7f16b2826000-7f16b2827000 r--s 00005000 08:01 4216974                    /home/ahmed/myData/android-studio/gradle/gradle-2.10/lib/native-platform-windows-amd64-0.10.jar
7f16b2827000-7f16b2828000 r--s 00003000 08:01 4216976                    /home/ahmed/myData/android-studio/gradle/gradle-2.10/lib/native-platform-linux-i386-0.10.jar
7f16b2828000-7f16b2829000 r--s 00003000 08:01 4216983                    /home/ahmed/myData/android-studio/gradle/gradle-2.10/lib/native-platform-linux-amd64-0.10.jar
7f16b2829000-7f16b282a000 r--s 00002000 08:01 4217128                    /home/ahmed/myData/android-studio/gradle/gradle-2.10/lib/native-platform-osx-amd64-0.10.jar
7f16b282a000-7f16b282b000 r--s 00002000 08:01 4216993                    /home/ahmed/myData/android-studio/gradle/gradle-2.10/lib/native-platform-osx-i386-0.10.jar
7f16b282b000-7f16b282d000 r--s 00008000 08:01 4216992                    /home/ahmed/myData/android-studio/gradle/gradle-2.10/lib/jansi-1.2.1.jar
7f16b282d000-7f16b2830000 r--s 0000d000 08:01 4217007                    /home/ahmed/myData/android-studio/gradle/gradle-2.10/lib/native-platform-0.10.jar
7f16b2830000-7f16b2834000 r--s 000e4000 08:01 4216975                    /home/ahmed/myData/android-studio/gradle/gradle-2.10/lib/jna-3.2.7.jar
7f16b2834000-7f16b2836000 r--s 00008000 08:01 4216999                    /home/ahmed/myData/android-studio/gradle/gradle-2.10/lib/gradle-native-2.10.jar
7f16b2836000-7f16b2838000 r--s 00005000 08:01 4216998                    /home/ahmed/myData/android-studio/gradle/gradle-2.10/lib/gradle-cli-2.10.jar
7f16b2838000-7f16b2839000 r--s 00007000 08:01 4217127                    /home/ahmed/myData/android-studio/gradle/gradle-2.10/lib/gradle-model-groovy-2.10.jar
7f16b2839000-7f16b2846000 r--s 00073000 08:01 4216981                    /home/ahmed/myData/android-studio/gradle/gradle-2.10/lib/gradle-model-core-2.10.jar
7f16b2846000-7f16b28b5000 r--s 0063e000 08:01 4217001                    /home/ahmed/myData/android-studio/gradle/gradle-2.10/lib/groovy-all-2.4.4.jar
7f16b28b5000-7f16b28dd000 r--s 001cf000 08:01 4216989                    /home/ahmed/myData/android-studio/gradle/gradle-2.10/lib/guava-jdk5-17.0.jar
7f16b28dd000-7f16b28fc000 r--s 001cc000 08:01 4216982                    /home/ahmed/myData/android-studio/gradle/gradle-2.10/lib/ant-1.9.3.jar
7f16b28fc000-7f16b28fd000 ---p 00000000 00:00 0 
7f16b28fd000-7f16b29fd000 rw-p 00000000 00:00 0 
7f16b29fd000-7f16b2a00000 ---p 00000000 00:00 0 
7f16b2a00000-7f16b2afe000 rw-p 00000000 00:00 0 
7f16b2afe000-7f16b2b01000 ---p 00000000 00:00 0 
7f16b2b01000-7f16b2bff000 rw-p 00000000 00:00 0 
7f16b2bff000-7f16b2c02000 ---p 00000000 00:00 0 
7f16b2c02000-7f16b2d00000 rw-p 00000000 00:00 0 
7f16b2d00000-7f16b2d03000 ---p 00000000 00:00 0 
7f16b2d03000-7f16b2e01000 rw-p 00000000 00:00 0 
7f16b2e01000-7f16b2e04000 ---p 00000000 00:00 0 
7f16b2e04000-7f16b2f02000 rw-p 00000000 00:00 0 
7f16b2f02000-7f16b35f6000 r--p 00000000 08:01 2890341                    /usr/lib/locale/locale-archive
7f16b35f6000-7f16b35f9000 ---p 00000000 00:00 0 
7f16b35f9000-7f16b36f7000 rw-p 00000000 00:00 0 
7f16b36f7000-7f16b36fa000 ---p 00000000 00:00 0 
7f16b36fa000-7f16b37f8000 rw-p 00000000 00:00 0 
7f16b37f8000-7f16b37f9000 ---p 00000000 00:00 0 
7f16b37f9000-7f16b4000000 rw-p 00000000 00:00 0 
7f16b4000000-7f16b4047000 rw-p 00000000 00:00 0 
7f16b4047000-7f16b8000000 ---p 00000000 00:00 0 
7f16b8000000-7f16b8002000 r--s 00005000 08:01 4216978                    /home/ahmed/myData/android-studio/gradle/gradle-2.10/lib/gradle-base-services-groovy-2.10.jar
7f16b8002000-7f16b8003000 r--s 00000000 08:01 4217132                    /home/ahmed/myData/android-studio/gradle/gradle-2.10/lib/gradle-docs-2.10.jar
7f16b8003000-7f16b8005000 r--s 00003000 08:01 4216987                    /home/ahmed/myData/android-studio/gradle/gradle-2.10/lib/jcl-over-slf4j-1.7.10.jar
7f16b8005000-7f16b8008000 r--s 0001b000 08:01 4216985                    /home/ahmed/myData/android-studio/gradle/gradle-2.10/lib/jarjar-1.3.jar
7f16b8008000-7f16b800c000 r--s 00027000 08:01 4216986                    /home/ahmed/myData/android-studio/gradle/gradle-2.10/lib/commons-io-2.2.jar
7f16b800c000-7f16b8043000 r--s 001bc000 08:01 4216990                    /home/ahmed/myData/android-studio/gradle/gradle-2.10/lib/gradle-core-2.10.jar
7f16b8043000-7f16b88fd000 rw-p 00000000 00:00 0 
7f16b88fd000-7f16b8ad6000 r--s 03d1f000 08:01 3149907                    /usr/lib/jvm/java-8-oracle/jre/lib/rt.jar
7f16b8ad6000-7f16bb54c000 rw-p 00000000 00:00 0 
7f16bb54c000-7f16bb54d000 ---p 00000000 00:00 0 
7f16bb54d000-7f16bb64d000 rw-p 00000000 00:00 0 
7f16bb64d000-7f16bb64e000 ---p 00000000 00:00 0 
7f16bb64e000-7f16bb74e000 rw-p 00000000 00:00 0 
7f16bb74e000-7f16bb74f000 ---p 00000000 00:00 0 
7f16bb74f000-7f16bb87c000 rw-p 00000000 00:00 0 
7f16bb87c000-7f16bb9a5000 ---p 00000000 00:00 0 
7f16bb9a5000-7f16bb9d2000 rw-p 00000000 00:00 0 
7f16bb9d2000-7f16bbafa000 ---p 00000000 00:00 0 
7f16bbafa000-7f16bbba5000 rw-p 00000000 00:00 0 
7f16bbba5000-7f16bbc6e000 rw-p 00000000 00:00 0 
7f16bbc6e000-7f16bbf66000 ---p 00000000 00:00 0 
7f16bbf66000-7f16bf136000 rwxp 00000000 00:00 0 
7f16bf136000-7f16caf66000 ---p 00000000 00:00 0 
7f16caf66000-7f16caf80000 r-xp 00000000 08:01 3284666                    /usr/lib/jvm/java-8-oracle/jre/lib/amd64/libzip.so
7f16caf80000-7f16cb180000 ---p 0001a000 08:01 3284666                    /usr/lib/jvm/java-8-oracle/jre/lib/amd64/libzip.so
7f16cb180000-7f16cb181000 rw-p 0001a000 08:01 3284666                    /usr/lib/jvm/java-8-oracle/jre/lib/amd64/libzip.so
7f16cb181000-7f16cb18c000 r-xp 00000000 08:01 7999873                    /lib/x86_64-linux-gnu/libnss_files-2.19.so
7f16cb18c000-7f16cb38b000 ---p 0000b000 08:01 7999873                    /lib/x86_64-linux-gnu/libnss_files-2.19.so
7f16cb38b000-7f16cb38c000 r--p 0000a000 08:01 7999873                    /lib/x86_64-linux-gnu/libnss_files-2.19.so
7f16cb38c000-7f16cb38d000 rw-p 0000b000 08:01 7999873                    /lib/x86_64-linux-gnu/libnss_files-2.19.so
7f16cb38d000-7f16cb398000 r-xp 00000000 08:01 7999865                    /lib/x86_64-linux-gnu/libnss_nis-2.19.so
7f16cb398000-7f16cb597000 ---p 0000b000 08:01 7999865                    /lib/x86_64-linux-gnu/libnss_nis-2.19.so
7f16cb597000-7f16cb598000 r--p 0000a000 08:01 7999865                    /lib/x86_64-linux-gnu/libnss_nis-2.19.so
7f16cb598000-7f16cb599000 rw-p 0000b000 08:01 7999865                    /lib/x86_64-linux-gnu/libnss_nis-2.19.so
7f16cb599000-7f16cb5b0000 r-xp 00000000 08:01 7999861                    /lib/x86_64-linux-gnu/libnsl-2.19.so
7f16cb5b0000-7f16cb7af000 ---p 00017000 08:01 7999861                    /lib/x86_64-linux-gnu/libnsl-2.19.so
7f16cb7af000-7f16cb7b0000 r--p 00016000 08:01 7999861                    /lib/x86_64-linux-gnu/libnsl-2.19.so
7f16cb7b0000-7f16cb7b1000 rw-p 00017000 08:01 7999861                    /lib/x86_64-linux-gnu/libnsl-2.19.so
7f16cb7b1000-7f16cb7b3000 rw-p 00000000 00:00 0 
7f16cb7b3000-7f16cb7bc000 r-xp 00000000 08:01 7999860                    /lib/x86_64-linux-gnu/libnss_compat-2.19.so
7f16cb7bc000-7f16cb9bb000 ---p 00009000 08:01 7999860                    /lib/x86_64-linux-gnu/libnss_compat-2.19.so
7f16cb9bb000-7f16cb9bc000 r--p 00008000 08:01 7999860                    /lib/x86_64-linux-gnu/libnss_compat-2.19.so
7f16cb9bc000-7f16cb9bd000 rw-p 00009000 08:01 7999860                    /lib/x86_64-linux-gnu/libnss_compat-2.19.so
7f16cb9bd000-7f16cb9e7000 r-xp 00000000 08:01 3284615                    /usr/lib/jvm/java-8-oracle/jre/lib/amd64/libjava.so
7f16cb9e7000-7f16cbbe7000 ---p 0002a000 08:01 3284615                    /usr/lib/jvm/java-8-oracle/jre/lib/amd64/libjava.so
7f16cbbe7000-7f16cbbe9000 rw-p 0002a000 08:01 3284615                    /usr/lib/jvm/java-8-oracle/jre/lib/amd64/libjava.so
7f16cbbe9000-7f16cbbf6000 r-xp 00000000 08:01 3284672                    /usr/lib/jvm/java-8-oracle/jre/lib/amd64/libverify.so
7f16cbbf6000-7f16cbdf6000 ---p 0000d000 08:01 3284672                    /usr/lib/jvm/java-8-oracle/jre/lib/amd64/libverify.so
7f16cbdf6000-7f16cbdf8000 rw-p 0000d000 08:01 3284672                    /usr/lib/jvm/java-8-oracle/jre/lib/amd64/libverify.so
7f16cbdf8000-7f16cbdff000 r-xp 00000000 08:01 7999869                    /lib/x86_64-linux-gnu/librt-2.19.so
7f16cbdff000-7f16cbffe000 ---p 00007000 08:01 7999869                    /lib/x86_64-linux-gnu/librt-2.19.so
7f16cbffe000-7f16cbfff000 r--p 00006000 08:01 7999869                    /lib/x86_64-linux-gnu/librt-2.19.so
7f16cbfff000-7f16cc000000 rw-p 00007000 08:01 7999869                    /lib/x86_64-linux-gnu/librt-2.19.so
7f16cc000000-7f16ccb45000 rw-p 00000000 00:00 0 
7f16ccb45000-7f16d0000000 ---p 00000000 00:00 0 
7f16d0000000-7f16d0001000 r--s 00005000 08:01 4217129                    /home/ahmed/myData/android-studio/gradle/gradle-2.10/lib/log4j-over-slf4j-1.7.10.jar
7f16d0001000-7f16d0003000 r--s 00000000 08:01 4217124                    /home/ahmed/myData/android-studio/gradle/gradle-2.10/lib/jul-to-slf4j-1.7.10.jar
7f16d0003000-7f16d0011000 r--s 0007f000 08:01 4217008                    /home/ahmed/myData/android-studio/gradle/gradle-2.10/lib/commons-collections-3.2.1.jar
7f16d0011000-7f16d0016000 r--s 00036000 08:01 4216996                    /home/ahmed/myData/android-studio/gradle/gradle-2.10/lib/asm-all-5.0.3.jar
7f16d0016000-7f16d001b000 r--s 00041000 08:01 4216979                    /home/ahmed/myData/android-studio/gradle/gradle-2.10/lib/commons-lang-2.6.jar
7f16d001b000-7f16d001c000 ---p 00000000 00:00 0 
7f16d001c000-7f16d011c000 rw-p 00000000 00:00 0 
7f16d011c000-7f16d0221000 r-xp 00000000 08:01 7996506                    /lib/x86_64-linux-gnu/libm-2.19.so
7f16d0221000-7f16d0420000 ---p 00105000 08:01 7996506                    /lib/x86_64-linux-gnu/libm-2.19.so
7f16d0420000-7f16d0421000 r--p 00104000 08:01 7996506                    /lib/x86_64-linux-gnu/libm-2.19.so
7f16d0421000-7f16d0422000 rw-p 00105000 08:01 7996506                    /lib/x86_64-linux-gnu/libm-2.19.so
7f16d0422000-7f16d10e2000 r-xp 00000000 08:01 3284648                    /usr/lib/jvm/java-8-oracle/jre/lib/amd64/server/libjvm.so
7f16d10e2000-7f16d12e2000 ---p 00cc0000 08:01 3284648                    /usr/lib/jvm/java-8-oracle/jre/lib/amd64/server/libjvm.so
7f16d12e2000-7f16d13ba000 rw-p 00cc0000 08:01 3284648                    /usr/lib/jvm/java-8-oracle/jre/lib/amd64/server/libjvm.so
7f16d13ba000-7f16d1405000 rw-p 00000000 00:00 0 
7f16d1405000-7f16d15c0000 r-xp 00000000 08:01 7999870                    /lib/x86_64-linux-gnu/libc-2.19.so
7f16d15c0000-7f16d17bf000 ---p 001bb000 08:01 7999870                    /lib/x86_64-linux-gnu/libc-2.19.so
7f16d17bf000-7f16d17c3000 r--p 001ba000 08:01 7999870                    /lib/x86_64-linux-gnu/libc-2.19.so
7f16d17c3000-7f16d17c5000 rw-p 001be000 08:01 7999870                    /lib/x86_64-linux-gnu/libc-2.19.so
7f16d17c5000-7f16d17ca000 rw-p 00000000 00:00 0 
7f16d17ca000-7f16d17cd000 r-xp 00000000 08:01 7999547                    /lib/x86_64-linux-gnu/libdl-2.19.so
7f16d17cd000-7f16d19cc000 ---p 00003000 08:01 7999547                    /lib/x86_64-linux-gnu/libdl-2.19.so
7f16d19cc000-7f16d19cd000 r--p 00002000 08:01 7999547                    /lib/x86_64-linux-gnu/libdl-2.19.so
7f16d19cd000-7f16d19ce000 rw-p 00003000 08:01 7999547                    /lib/x86_64-linux-gnu/libdl-2.19.so
7f16d19ce000-7f16d19e3000 r-xp 00000000 08:01 4079274                    /usr/lib/jvm/java-8-oracle/lib/amd64/jli/libjli.so
7f16d19e3000-7f16d1be3000 ---p 00015000 08:01 4079274                    /usr/lib/jvm/java-8-oracle/lib/amd64/jli/libjli.so
7f16d1be3000-7f16d1be4000 rw-p 00015000 08:01 4079274                    /usr/lib/jvm/java-8-oracle/lib/amd64/jli/libjli.so
7f16d1be4000-7f16d1bfd000 r-xp 00000000 08:01 7999862                    /lib/x86_64-linux-gnu/libpthread-2.19.so
7f16d1bfd000-7f16d1dfc000 ---p 00019000 08:01 7999862                    /lib/x86_64-linux-gnu/libpthread-2.19.so
7f16d1dfc000-7f16d1dfd000 r--p 00018000 08:01 7999862                    /lib/x86_64-linux-gnu/libpthread-2.19.so
7f16d1dfd000-7f16d1dfe000 rw-p 00019000 08:01 7999862                    /lib/x86_64-linux-gnu/libpthread-2.19.so
7f16d1dfe000-7f16d1e02000 rw-p 00000000 00:00 0 
7f16d1e02000-7f16d1e25000 r-xp 00000000 08:01 7999863                    /lib/x86_64-linux-gnu/ld-2.19.so
7f16d1e25000-7f16d1e26000 r--s 00000000 08:01 4216997                    /home/ahmed/myData/android-studio/gradle/gradle-2.10/lib/javax.inject-1.jar
7f16d1e26000-7f16d1e27000 r--s 00000000 08:01 4216991                    /home/ahmed/myData/android-studio/gradle/gradle-2.10/lib/jcip-annotations-1.0.jar
7f16d1e27000-7f16d1f00000 rw-p 00000000 00:00 0 
7f16d1f00000-7f16d1f03000 ---p 00000000 00:00 0 
7f16d1f03000-7f16d2005000 rw-p 00000000 00:00 0 
7f16d2005000-7f16d2006000 r--s 00007000 08:01 4216973                    /home/ahmed/myData/android-studio/gradle/gradle-2.10/lib/slf4j-api-1.7.10.jar
7f16d2006000-7f16d2007000 r--s 00004000 08:01 4216988                    /home/ahmed/myData/android-studio/gradle/gradle-2.10/lib/ant-launcher-1.9.3.jar
7f16d2007000-7f16d200e000 r--s 00034000 08:01 4217131                    /home/ahmed/myData/android-studio/gradle/gradle-2.10/lib/gradle-base-services-2.10.jar
7f16d200e000-7f16d2018000 r--s 0004a000 08:01 4217130                    /home/ahmed/myData/android-studio/gradle/gradle-2.10/lib/gradle-launcher-2.10.jar
7f16d2018000-7f16d2020000 rw-s 00000000 08:01 13762612                   /tmp/hsperfdata_ahmed/4280
7f16d2020000-7f16d2021000 rw-p 00000000 00:00 0 
7f16d2021000-7f16d2022000 r--p 00000000 00:00 0 
7f16d2022000-7f16d2024000 rw-p 00000000 00:00 0 
7f16d2024000-7f16d2025000 r--p 00022000 08:01 7999863                    /lib/x86_64-linux-gnu/ld-2.19.so
7f16d2025000-7f16d2026000 rw-p 00023000 08:01 7999863                    /lib/x86_64-linux-gnu/ld-2.19.so
7f16d2026000-7f16d2027000 rw-p 00000000 00:00 0 
7ffc94bdd000-7ffc94bfe000 rw-p 00000000 00:00 0                          [stack]
7ffc94c76000-7ffc94c78000 r--p 00000000 00:00 0                          [vvar]
7ffc94c78000-7ffc94c7a000 r-xp 00000000 00:00 0                          [vdso]
ffffffffff600000-ffffffffff601000 r-xp 00000000 00:00 0                  [vsyscall]

VM Arguments:
jvm_args: -XX:MaxPermSize=256m -XX:+HeapDumpOnOutOfMemoryError -Xmx1024m -Dfile.encoding=UTF-8 -Duser.country=US -Duser.language=en -Duser.variant 
java_command: org.gradle.launcher.daemon.bootstrap.GradleDaemon 2.10
java_class_path (initial): /home/ahmed/myData/android-studio/gradle/gradle-2.10/lib/gradle-launcher-2.10.jar
Launcher Type: SUN_STANDARD

Environment Variables:
PATH=/usr/local/sbin:/usr/local/bin:/usr/sbin:/usr/bin:/sbin:/bin:/usr/games:/usr/local/games
LD_LIBRARY_PATH=/home/ahmed/myData/android-studio/bin:
SHELL=/bin/bash
DISPLAY=:0

Signal Handlers:
SIGSEGV: [libjvm.so+0xabca10], sa_mask[0]=11111111011111111101111111111110, sa_flags=SA_RESTART|SA_SIGINFO
SIGBUS: [libjvm.so+0xabca10], sa_mask[0]=11111111011111111101111111111110, sa_flags=SA_RESTART|SA_SIGINFO
SIGFPE: [libjvm.so+0x919a20], sa_mask[0]=11111111011111111101111111111110, sa_flags=SA_RESTART|SA_SIGINFO
SIGPIPE: [libjvm.so+0x919a20], sa_mask[0]=11111111011111111101111111111110, sa_flags=SA_RESTART|SA_SIGINFO
SIGXFSZ: [libjvm.so+0x919a20], sa_mask[0]=11111111011111111101111111111110, sa_flags=SA_RESTART|SA_SIGINFO
SIGILL: [libjvm.so+0x919a20], sa_mask[0]=11111111011111111101111111111110, sa_flags=SA_RESTART|SA_SIGINFO
SIGUSR1: SIG_DFL, sa_mask[0]=00000000000000000000000000000000, sa_flags=none
SIGUSR2: [libjvm.so+0x91b050], sa_mask[0]=00100000000000000000000000000000, sa_flags=SA_RESTART|SA_SIGINFO
SIGHUP: [libjvm.so+0x91c450], sa_mask[0]=11111111011111111101111111111110, sa_flags=SA_RESTART|SA_SIGINFO
SIGINT: [libjvm.so+0x91c450], sa_mask[0]=11111111011111111101111111111110, sa_flags=SA_RESTART|SA_SIGINFO
SIGTERM: [libjvm.so+0x91c450], sa_mask[0]=11111111011111111101111111111110, sa_flags=SA_RESTART|SA_SIGINFO
SIGQUIT: [libjvm.so+0x91c450], sa_mask[0]=11111111011111111101111111111110, sa_flags=SA_RESTART|SA_SIGINFO


---------------  S Y S T E M  ---------------

OS:DISTRIB_ID=Ubuntu
DISTRIB_RELEASE=14.04
DISTRIB_CODENAME=trusty
DISTRIB_DESCRIPTION="Ubuntu 14.04.4 LTS"

uname:Linux 3.19.0-59-generic #65~14.04.1-Ubuntu SMP Tue Apr 19 18:57:09 UTC 2016 x86_64
libc:glibc 2.19 NPTL 2.19 
rlimit: STACK 8192k, CORE 0k, NPROC 23487, NOFILE 4096, AS infinity
load average:1.03 0.90 1.23

/proc/meminfo:
MemTotal:        6043472 kB
MemFree:          423200 kB
MemAvailable:     903828 kB
Buffers:           49648 kB
Cached:          1544824 kB
SwapCached:         2428 kB
Active:          3976276 kB
Inactive:        1382880 kB
Active(anon):    3649616 kB
Inactive(anon):  1106960 kB
Active(file):     326660 kB
Inactive(file):   275920 kB
Unevictable:          48 kB
Mlocked:              48 kB
SwapTotal:       6213628 kB
SwapFree:        6063808 kB
Dirty:              6540 kB
Writeback:             0 kB
AnonPages:       3762400 kB
Mapped:           794520 kB
Shmem:            991892 kB
Slab:             136888 kB
SReclaimable:      93948 kB
SUnreclaim:        42940 kB
KernelStack:       12736 kB
PageTables:        55372 kB
NFS_Unstable:          0 kB
Bounce:                0 kB
WritebackTmp:          0 kB
CommitLimit:     9235364 kB
Committed_AS:   10628464 kB
VmallocTotal:   34359738367 kB
VmallocUsed:      553852 kB
VmallocChunk:   34359179228 kB
HardwareCorrupted:     0 kB
AnonHugePages:   1972224 kB
CmaTotal:              0 kB
CmaFree:               0 kB
HugePages_Total:       0
HugePages_Free:        0
HugePages_Rsvd:        0
HugePages_Surp:        0
Hugepagesize:       2048 kB
DirectMap4k:      190968 kB
DirectMap2M:     6033408 kB


CPU:total 4 (2 cores per cpu, 2 threads per core) family 6 model 42 stepping 7, cmov, cx8, fxsr, mmx, sse, sse2, sse3, ssse3, sse4.1, sse4.2, popcnt, avx, clmul, ht, tsc, tscinvbit

/proc/cpuinfo:
processor	: 0
vendor_id	: GenuineIntel
cpu family	: 6
model		: 42
model name	: Intel(R) Core(TM) i3-2310M CPU @ 2.10GHz
stepping	: 7
microcode	: 0x14
cpu MHz		: 2099.917
cache size	: 3072 KB
physical id	: 0
siblings	: 4
core id		: 0
cpu cores	: 2
apicid		: 0
initial apicid	: 0
fpu		: yes
fpu_exception	: yes
cpuid level	: 13
wp		: yes
flags		: fpu vme de pse tsc msr pae mce cx8 apic sep mtrr pge mca cmov pat pse36 clflush dts acpi mmx fxsr sse sse2 ss ht tm pbe syscall nx rdtscp lm constant_tsc arch_perfmon pebs bts rep_good nopl xtopology nonstop_tsc aperfmperf eagerfpu pni pclmulqdq dtes64 monitor ds_cpl vmx est tm2 ssse3 cx16 xtpr pdcm pcid sse4_1 sse4_2 x2apic popcnt tsc_deadline_timer xsave avx lahf_lm arat epb pln pts dtherm tpr_shadow vnmi flexpriority ept vpid xsaveopt
bugs		:
bogomips	: 4190.64
clflush size	: 64
cache_alignment	: 64
address sizes	: 36 bits physical, 48 bits virtual
power management:

processor	: 1
vendor_id	: GenuineIntel
cpu family	: 6
model		: 42
model name	: Intel(R) Core(TM) i3-2310M CPU @ 2.10GHz
stepping	: 7
microcode	: 0x14
cpu MHz		: 2099.917
cache size	: 3072 KB
physical id	: 0
siblings	: 4
core id		: 0
cpu cores	: 2
apicid		: 1
initial apicid	: 1
fpu		: yes
fpu_exception	: yes
cpuid level	: 13
wp		: yes
flags		: fpu vme de pse tsc msr pae mce cx8 apic sep mtrr pge mca cmov pat pse36 clflush dts acpi mmx fxsr sse sse2 ss ht tm pbe syscall nx rdtscp lm constant_tsc arch_perfmon pebs bts rep_good nopl xtopology nonstop_tsc aperfmperf eagerfpu pni pclmulqdq dtes64 monitor ds_cpl vmx est tm2 ssse3 cx16 xtpr pdcm pcid sse4_1 sse4_2 x2apic popcnt tsc_deadline_timer xsave avx lahf_lm arat epb pln pts dtherm tpr_shadow vnmi flexpriority ept vpid xsaveopt
bugs		:
bogomips	: 4190.64
clflush size	: 64
cache_alignment	: 64
address sizes	: 36 bits physical, 48 bits virtual
power management:

processor	: 2
vendor_id	: GenuineIntel
cpu family	: 6
model		: 42
model name	: Intel(R) Core(TM) i3-2310M CPU @ 2.10GHz
stepping	: 7
microcode	: 0x14
cpu MHz		: 2099.917
cache size	: 3072 KB
physical id	: 0
siblings	: 4
core id		: 1
cpu cores	: 2
apicid		: 2
initial apicid	: 2
fpu		: yes
fpu_exception	: yes
cpuid level	: 13
wp		: yes
flags		: fpu vme de pse tsc msr pae mce cx8 apic sep mtrr pge mca cmov pat pse36 clflush dts acpi mmx fxsr sse sse2 ss ht tm pbe syscall nx rdtscp lm constant_tsc arch_perfmon pebs bts rep_good nopl xtopology nonstop_tsc aperfmperf eagerfpu pni pclmulqdq dtes64 monitor ds_cpl vmx est tm2 ssse3 cx16 xtpr pdcm pcid sse4_1 sse4_2 x2apic popcnt tsc_deadline_timer xsave avx lahf_lm arat epb pln pts dtherm tpr_shadow vnmi flexpriority ept vpid xsaveopt
bugs		:
bogomips	: 4190.64
clflush size	: 64
cache_alignment	: 64
address sizes	: 36 bits physical, 48 bits virtual
power management:

processor	: 3
vendor_id	: GenuineIntel
cpu family	: 6
model		: 42
model name	: Intel(R) Core(TM) i3-2310M CPU @ 2.10GHz
stepping	: 7
microcode	: 0x14
cpu MHz		: 2100.000
cache size	: 3072 KB
physical id	: 0
siblings	: 4
core id		: 1
cpu cores	: 2
apicid		: 3
initial apicid	: 3
fpu		: yes
fpu_exception	: yes
cpuid level	: 13
wp		: yes
flags		: fpu vme de pse tsc msr pae mce cx8 apic sep mtrr pge mca cmov pat pse36 clflush dts acpi mmx fxsr sse sse2 ss ht tm pbe syscall nx rdtscp lm constant_tsc arch_perfmon pebs bts rep_good nopl xtopology nonstop_tsc aperfmperf eagerfpu pni pclmulqdq dtes64 monitor ds_cpl vmx est tm2 ssse3 cx16 xtpr pdcm pcid sse4_1 sse4_2 x2apic popcnt tsc_deadline_timer xsave avx lahf_lm arat epb pln pts dtherm tpr_shadow vnmi flexpriority ept vpid xsaveopt
bugs		:
bogomips	: 4190.64
clflush size	: 64
cache_alignment	: 64
address sizes	: 36 bits physical, 48 bits virtual
power management:



Memory: 4k page, physical 6043472k(423200k free), swap 6213628k(6063808k free)

vm_info: Java HotSpot(TM) 64-Bit Server VM (25.91-b14) for linux-amd64 JRE (1.8.0_91-b14), built on Apr  1 2016 00:57:21 by "java_re" with gcc 4.3.0 20080428 (Red Hat 4.3.0-8)

time: Tue May 17 15:40:43 2016
elapsed time: 5230 seconds (0d 1h 27m 10s)

