#
# A fatal error has been detected by the Java Runtime Environment:
#
#  SIGSEGV (0xb) at pc=0x00007f4b498ce404, pid=12669, tid=139960763070208
#
# JRE version: Java(TM) SE Runtime Environment (8.0_91-b14) (build 1.8.0_91-b14)
# Java VM: Java HotSpot(TM) 64-Bit Server VM (25.91-b14 mixed mode linux-amd64 compressed oops)
# Problematic frame:
# V  [libjvm.so+0x811404]  PhaseIdealLoop::get_early_ctrl(Node*)+0x124
#
# Failed to write core dump. Core dumps have been disabled. To enable core dumping, try "ulimit -c unlimited" before starting Java again
#
# If you would like to submit a bug report, please visit:
#   http://bugreport.java.com/bugreport/crash.jsp
#

---------------  T H R E A D  ---------------

Current thread (0x00007f4b440bc800):  JavaThread "C2 CompilerThread1" daemon [_thread_in_native, id=12683, stack(0x00007f4b2780b000,0x00007f4b2790c000)]

siginfo: si_signo: 11 (SIGSEGV), si_code: 1 (SEGV_MAPERR), si_addr: 0x0000000000000000

Registers:
RAX=0x0000000000000000, RBX=0x00000000000005e6, RCX=0x0000000000004000, RDX=0x00007f4b042ae850
RSP=0x00007f4b27906c80, RBP=0x00007f4b27906ce0, RSI=0x00000000000005e6, RDI=0x00007f4b042ae810
R8 =0x00007f4b044ed190, R9 =0x0000000000000000, R10=0x000000000054d000, R11=0x00007f4b4952cd40
R12=0x0000000000000093, R13=0x0000000000400000, R14=0x00007f4b27908520, R15=0x0000000000000015
RIP=0x00007f4b498ce404, EFLAGS=0x0000000000010206, CSGSFS=0x0000000000000033, ERR=0x0000000000000004
  TRAPNO=0x000000000000000e

Top of Stack: (sp=0x00007f4b27906c80)
0x00007f4b27906c80:   00007f4b044ec5a0 00007f4b042ae810
0x00007f4b27906c90:   0000000227907020 00007f4b045dca18
0x00007f4b27906ca0:   000000190000011b 00007f4b27908520
0x00007f4b27906cb0:   00007f4b27908540 00007f4b042ae760
0x00007f4b27906cc0:   0000000000000093 0000000000000003
0x00007f4b27906cd0:   00007f4b003e3570 00007f4b27908520
0x00007f4b27906ce0:   00007f4b27906d50 00007f4b498cf10c
0x00007f4b27906cf0:   00007f4b00524450 00007f4b27907000
0x00007f4b27906d00:   00007f4b27906fe0 00007f4b27907020
0x00007f4b27906d10:   00007f4b27908540 00007f4b042ae810
0x00007f4b27906d20:   0000000327908460 00007f4b0419ee90
0x00007f4b27906d30:   0000000000008bc0 00007f4b27908520
0x00007f4b27906d40:   0000000000000000 00007f4b27907000
0x00007f4b27906d50:   00007f4b27907070 00007f4b498d5265
0x00007f4b27906d60:   00007f4b27906d70 00007f4b27907020
0x00007f4b27906d70:   00007f4b27906fe0 01007f4b49b321ad
0x00007f4b27906d80:   00007f4b27908540 00007f4b00000008
0x00007f4b27906d90:   00007f4b4401c370 00007f4b00000004
0x00007f4b27906da0:   00007f4b04380520 00007f4b00000000
0x00007f4b27906db0:   842e128d00000000 00007f4b0c00aca0
0x00007f4b27906dc0:   00007f4b04737e28 00007f4b0c011e60
0x00007f4b27906dd0:   00007f4b4a038f40 0000000000020010
0x00007f4b27906de0:   ffff80b4d86f91a1 00007f4b00002002
0x00007f4b27906df0:   0000000000000800 00007f4b00000830
0x00007f4b27906e00:   00007f4b27906e60 0000000000000100
0x00007f4b27906e10:   0000015b27906ed0 0000000000000020
0x00007f4b27906e20:   0000000000000004 0000007b0000008e
0x00007f4b27906e30:   0000000000000000 00007f4b27906e5f
0x00007f4b27906e40:   00007f4b04737e28 00007f4b0c011e60
0x00007f4b27906e50:   00007f4b0000007c 0000000000000004
0x00007f4b27906e60:   00007f4b49c0ec40 00007f4b49b346c4
0x00007f4b27906e70:   00007f4b04737e28 0000000000000001 

Instructions: (pc=0x00007f4b498ce404)
0x00007f4b498ce3e4:   08 48 8b 04 c2 8b 70 28 39 ce 89 f3 73 0e 49 8b
0x00007f4b498ce3f4:   46 30 89 f3 4c 8b 2c d8 49 83 e5 fe 49 8b 45 08
0x00007f4b498ce404:   48 83 38 00 0f 84 62 01 00 00 39 ce 72 09 48 8b
0x00007f4b498ce414:   7d d0 e8 d5 ad 0d 00 49 8b 56 30 49 8d 45 01 4c 

Register to memory mapping:

RAX=0x0000000000000000 is an unknown value
RBX=0x00000000000005e6 is an unknown value
RCX=0x0000000000004000 is an unknown value
RDX=0x00007f4b042ae850 is an unknown value
RSP=0x00007f4b27906c80 is pointing into the stack for thread: 0x00007f4b440bc800
RBP=0x00007f4b27906ce0 is pointing into the stack for thread: 0x00007f4b440bc800
RSI=0x00000000000005e6 is an unknown value
RDI=0x00007f4b042ae810 is an unknown value
R8 =0x00007f4b044ed190 is an unknown value
R9 =0x0000000000000000 is an unknown value
R10=0x000000000054d000 is an unknown value
R11=0x00007f4b4952cd40: <offset 0x46fd40> in /usr/lib/jvm/java-8-oracle/jre/lib/amd64/server/libjvm.so at 0x00007f4b490bd000
R12=0x0000000000000093 is an unknown value
R13=0x0000000000400000: <offset 0> in /usr/lib/jvm/java-8-oracle/bin/java at 0x0000000000400000
R14=0x00007f4b27908520 is pointing into the stack for thread: 0x00007f4b440bc800
R15=0x0000000000000015 is an unknown value


Stack: [0x00007f4b2780b000,0x00007f4b2790c000],  sp=0x00007f4b27906c80,  free space=1007k
Native frames: (J=compiled Java code, j=interpreted, Vv=VM code, C=native code)
V  [libjvm.so+0x811404]  PhaseIdealLoop::get_early_ctrl(Node*)+0x124
V  [libjvm.so+0x81210c]  PhaseIdealLoop::build_loop_early(VectorSet&, Node_List&, Node_Stack&)+0x3fc
V  [libjvm.so+0x818265]  PhaseIdealLoop::build_and_optimize(bool, bool)+0x765
V  [libjvm.so+0x4a2b85]  Compile::Optimize()+0xb35
V  [libjvm.so+0x4a3fea]  Compile::Compile(ciEnv*, C2Compiler*, ciMethod*, int, bool, bool, bool)+0x13ca
V  [libjvm.so+0x3f1818]  C2Compiler::compile_method(ciEnv*, ciMethod*, int)+0x198
V  [libjvm.so+0x4ae4da]  CompileBroker::invoke_compiler_on_method(CompileTask*)+0xc9a
V  [libjvm.so+0x4af486]  CompileBroker::compiler_thread_loop()+0x5d6
V  [libjvm.so+0xa6b77f]  JavaThread::thread_main_inner()+0xdf
V  [libjvm.so+0xa6b8ac]  JavaThread::run()+0x11c
V  [libjvm.so+0x91ef78]  java_start(Thread*)+0x108
C  [libpthread.so.0+0x8182]  start_thread+0xc2


Current CompileTask:
C2:   6852 1537       4       com.android.dx.ssa.SCCP::simulateStmt (481 bytes)


---------------  P R O C E S S  ---------------

Java Threads: ( => current thread )
  0x00007f4b44131000 JavaThread "pool-3-thread-1" [_thread_blocked, id=12690, stack(0x00007f4b27306000,0x00007f4b27407000)]
  0x00007f4b4412e800 JavaThread "pool-2-thread-1" [_thread_in_Java, id=12689, stack(0x00007f4b27407000,0x00007f4b27508000)]
  0x00007f4b440c1000 JavaThread "Service Thread" daemon [_thread_blocked, id=12685, stack(0x00007f4b27609000,0x00007f4b2770a000)]
  0x00007f4b440be800 JavaThread "C1 CompilerThread2" daemon [_thread_in_native, id=12684, stack(0x00007f4b2770a000,0x00007f4b2780b000)]
=>0x00007f4b440bc800 JavaThread "C2 CompilerThread1" daemon [_thread_in_native, id=12683, stack(0x00007f4b2780b000,0x00007f4b2790c000)]
  0x00007f4b440b9800 JavaThread "C2 CompilerThread0" daemon [_thread_in_native, id=12682, stack(0x00007f4b2c013000,0x00007f4b2c114000)]
  0x00007f4b440b8000 JavaThread "Signal Dispatcher" daemon [_thread_blocked, id=12681, stack(0x00007f4b2c114000,0x00007f4b2c215000)]
  0x00007f4b44084000 JavaThread "Finalizer" daemon [_thread_blocked, id=12680, stack(0x00007f4b2c215000,0x00007f4b2c316000)]
  0x00007f4b4407f800 JavaThread "Reference Handler" daemon [_thread_blocked, id=12679, stack(0x00007f4b2c316000,0x00007f4b2c417000)]
  0x00007f4b4400a000 JavaThread "main" [_thread_blocked, id=12673, stack(0x00007f4b4ab9c000,0x00007f4b4ac9d000)]

Other Threads:
  0x00007f4b44078000 VMThread [stack: 0x00007f4b2c417000,0x00007f4b2c518000] [id=12678]
  0x00007f4b440c4000 WatcherThread [stack: 0x00007f4b27508000,0x00007f4b27609000] [id=12686]

VM state:not at safepoint (normal execution)

VM Mutex/Monitor currently owned by a thread: None

Heap:
 PSYoungGen      total 52736K, used 24062K [0x00000000eab00000, 0x00000000f2100000, 0x0000000100000000)
  eden space 49152K, 41% used [0x00000000eab00000,0x00000000ebeffa88,0x00000000edb00000)
  from space 3584K, 99% used [0x00000000edb00000,0x00000000ede7ff10,0x00000000ede80000)
  to   space 11264K, 0% used [0x00000000f1600000,0x00000000f1600000,0x00000000f2100000)
 ParOldGen       total 64512K, used 20683K [0x00000000c0000000, 0x00000000c3f00000, 0x00000000eab00000)
  object space 64512K, 32% used [0x00000000c0000000,0x00000000c1432c20,0x00000000c3f00000)
 Metaspace       used 5949K, capacity 6960K, committed 7040K, reserved 1056768K
  class space    used 592K, capacity 616K, committed 640K, reserved 1048576K

Card table byte_map: [0x00007f4b34618000,0x00007f4b34819000] byte_map_base: 0x00007f4b34018000

Marking Bits: (ParMarkBitMap*) 0x00007f4b4a073d60
 Begin Bits: [0x00007f4b2e000000, 0x00007f4b2f000000)
 End Bits:   [0x00007f4b2f000000, 0x00007f4b30000000)

Polling page: 0x00007f4b4acbc000

CodeCache: size=245760Kb used=5038Kb max_used=5038Kb free=240721Kb
 bounds [0x00007f4b34bd9000, 0x00007f4b350c9000, 0x00007f4b43bd9000]
 total_blobs=1583 nmethods=1315 adapters=182
 compilation: enabled

Compilation events (10 events):
Event: 6.797 Thread 0x00007f4b440be800 nmethod 1709% 0x00007f4b350bbe90 code [0x00007f4b350bc120, 0x00007f4b350bd3f8]
Event: 6.797 Thread 0x00007f4b440be800 1710       2       com.android.dx.ssa.PhiInsn::updateSourcesToDefinitions (68 bytes)
Event: 6.798 Thread 0x00007f4b440be800 nmethod 1710 0x00007f4b350be150 code [0x00007f4b350be300, 0x00007f4b350be6d8]
Event: 6.798 Thread 0x00007f4b440be800 1707       2       com.android.dx.ssa.NormalSsaInsn::isMoveException (20 bytes)
Event: 6.798 Thread 0x00007f4b440be800 nmethod 1707 0x00007f4b350bea90 code [0x00007f4b350bec00, 0x00007f4b350bed70]
Event: 6.817 Thread 0x00007f4b440be800 1718 %     3       com.android.dx.ssa.back.SsaToRop::removePhiFunctions @ 13 (83 bytes)
Event: 6.819 Thread 0x00007f4b440be800 nmethod 1718% 0x00007f4b350bee50 code [0x00007f4b350bf120, 0x00007f4b350c0568]
Event: 6.819 Thread 0x00007f4b440be800 1715 %     3       com.android.dx.cf.code.Merger::mergeLocals @ 35 (122 bytes)
Event: 6.826 Thread 0x00007f4b440be800 nmethod 1715% 0x00007f4b350c0fd0 code [0x00007f4b350c1260, 0x00007f4b350c2468]
Event: 6.826 Thread 0x00007f4b440be800 1716 %     3       com.android.dx.ssa.SsaMethod::forEachBlockDepthFirstDom @ 32 (128 bytes)

GC Heap History (10 events):
Event: 2.515 GC heap before
{Heap before GC invocations=1 (full 0):
 PSYoungGen      total 28160K, used 24576K [0x00000000eab00000, 0x00000000eca00000, 0x0000000100000000)
  eden space 24576K, 100% used [0x00000000eab00000,0x00000000ec300000,0x00000000ec300000)
  from space 3584K, 0% used [0x00000000ec680000,0x00000000ec680000,0x00000000eca00000)
  to   space 3584K, 0% used [0x00000000ec300000,0x00000000ec300000,0x00000000ec680000)
 ParOldGen       total 64512K, used 0K [0x00000000c0000000, 0x00000000c3f00000, 0x00000000eab00000)
  object space 64512K, 0% used [0x00000000c0000000,0x00000000c0000000,0x00000000c3f00000)
 Metaspace       used 5602K, capacity 6640K, committed 6784K, reserved 1056768K
  class space    used 580K, capacity 616K, committed 640K, reserved 1048576K
Event: 2.538 GC heap after
Heap after GC invocations=1 (full 0):
 PSYoungGen      total 28160K, used 3562K [0x00000000eab00000, 0x00000000eca00000, 0x0000000100000000)
  eden space 24576K, 0% used [0x00000000eab00000,0x00000000eab00000,0x00000000ec300000)
  from space 3584K, 99% used [0x00000000ec300000,0x00000000ec67aaa8,0x00000000ec680000)
  to   space 3584K, 0% used [0x00000000ec680000,0x00000000ec680000,0x00000000eca00000)
 ParOldGen       total 64512K, used 1708K [0x00000000c0000000, 0x00000000c3f00000, 0x00000000eab00000)
  object space 64512K, 2% used [0x00000000c0000000,0x00000000c01ab2d8,0x00000000c3f00000)
 Metaspace       used 5602K, capacity 6640K, committed 6784K, reserved 1056768K
  class space    used 580K, capacity 616K, committed 640K, reserved 1048576K
}
Event: 3.668 GC heap before
{Heap before GC invocations=2 (full 0):
 PSYoungGen      total 28160K, used 28138K [0x00000000eab00000, 0x00000000eca00000, 0x0000000100000000)
  eden space 24576K, 100% used [0x00000000eab00000,0x00000000ec300000,0x00000000ec300000)
  from space 3584K, 99% used [0x00000000ec300000,0x00000000ec67aaa8,0x00000000ec680000)
  to   space 3584K, 0% used [0x00000000ec680000,0x00000000ec680000,0x00000000eca00000)
 ParOldGen       total 64512K, used 1708K [0x00000000c0000000, 0x00000000c3f00000, 0x00000000eab00000)
  object space 64512K, 2% used [0x00000000c0000000,0x00000000c01ab2d8,0x00000000c3f00000)
 Metaspace       used 5738K, capacity 6768K, committed 7040K, reserved 1056768K
  class space    used 587K, capacity 616K, committed 640K, reserved 1048576K
Event: 3.752 GC heap after
Heap after GC invocations=2 (full 0):
 PSYoungGen      total 28160K, used 3578K [0x00000000eab00000, 0x00000000ee200000, 0x0000000100000000)
  eden space 24576K, 0% used [0x00000000eab00000,0x00000000eab00000,0x00000000ec300000)
  from space 3584K, 99% used [0x00000000ec680000,0x00000000ec9feac8,0x00000000eca00000)
  to   space 3584K, 0% used [0x00000000ec300000,0x00000000ec300000,0x00000000ec680000)
 ParOldGen       total 64512K, used 4999K [0x00000000c0000000, 0x00000000c3f00000, 0x00000000eab00000)
  object space 64512K, 7% used [0x00000000c0000000,0x00000000c04e1da0,0x00000000c3f00000)
 Metaspace       used 5738K, capacity 6768K, committed 7040K, reserved 1056768K
  class space    used 587K, capacity 616K, committed 640K, reserved 1048576K
}
Event: 4.346 GC heap before
{Heap before GC invocations=3 (full 0):
 PSYoungGen      total 28160K, used 28154K [0x00000000eab00000, 0x00000000ee200000, 0x0000000100000000)
  eden space 24576K, 100% used [0x00000000eab00000,0x00000000ec300000,0x00000000ec300000)
  from space 3584K, 99% used [0x00000000ec680000,0x00000000ec9feac8,0x00000000eca00000)
  to   space 3584K, 0% used [0x00000000ec300000,0x00000000ec300000,0x00000000ec680000)
 ParOldGen       total 64512K, used 4999K [0x00000000c0000000, 0x00000000c3f00000, 0x00000000eab00000)
  object space 64512K, 7% used [0x00000000c0000000,0x00000000c04e1da0,0x00000000c3f00000)
 Metaspace       used 5778K, capacity 6832K, committed 7040K, reserved 1056768K
  class space    used 589K, capacity 616K, committed 640K, reserved 1048576K
Event: 4.408 GC heap after
Heap after GC invocations=3 (full 0):
 PSYoungGen      total 28160K, used 3552K [0x00000000eab00000, 0x00000000ee200000, 0x0000000100000000)
  eden space 24576K, 0% used [0x00000000eab00000,0x00000000eab00000,0x00000000ec300000)
  from space 3584K, 99% used [0x00000000ec300000,0x00000000ec678048,0x00000000ec680000)
  to   space 3584K, 0% used [0x00000000ede80000,0x00000000ede80000,0x00000000ee200000)
 ParOldGen       total 64512K, used 9347K [0x00000000c0000000, 0x00000000c3f00000, 0x00000000eab00000)
  object space 64512K, 14% used [0x00000000c0000000,0x00000000c0920ca8,0x00000000c3f00000)
 Metaspace       used 5778K, capacity 6832K, committed 7040K, reserved 1056768K
  class space    used 589K, capacity 616K, committed 640K, reserved 1048576K
}
Event: 5.002 GC heap before
{Heap before GC invocations=4 (full 0):
 PSYoungGen      total 28160K, used 28128K [0x00000000eab00000, 0x00000000ee200000, 0x0000000100000000)
  eden space 24576K, 100% used [0x00000000eab00000,0x00000000ec300000,0x00000000ec300000)
  from space 3584K, 99% used [0x00000000ec300000,0x00000000ec678048,0x00000000ec680000)
  to   space 3584K, 0% used [0x00000000ede80000,0x00000000ede80000,0x00000000ee200000)
 ParOldGen       total 64512K, used 9347K [0x00000000c0000000, 0x00000000c3f00000, 0x00000000eab00000)
  object space 64512K, 14% used [0x00000000c0000000,0x00000000c0920ca8,0x00000000c3f00000)
 Metaspace       used 5788K, capacity 6832K, committed 7040K, reserved 1056768K
  class space    used 590K, capacity 616K, committed 640K, reserved 1048576K
Event: 5.108 GC heap after
Heap after GC invocations=4 (full 0):
 PSYoungGen      total 52736K, used 3552K [0x00000000eab00000, 0x00000000ee200000, 0x0000000100000000)
  eden space 49152K, 0% used [0x00000000eab00000,0x00000000eab00000,0x00000000edb00000)
  from space 3584K, 99% used [0x00000000ede80000,0x00000000ee1f8048,0x00000000ee200000)
  to   space 3584K, 0% used [0x00000000edb00000,0x00000000edb00000,0x00000000ede80000)
 ParOldGen       total 64512K, used 13361K [0x00000000c0000000, 0x00000000c3f00000, 0x00000000eab00000)
  object space 64512K, 20% used [0x00000000c0000000,0x00000000c0d0c620,0x00000000c3f00000)
 Metaspace       used 5788K, capacity 6832K, committed 7040K, reserved 1056768K
  class space    used 590K, capacity 616K, committed 640K, reserved 1048576K
}
Event: 6.277 GC heap before
{Heap before GC invocations=5 (full 0):
 PSYoungGen      total 52736K, used 52704K [0x00000000eab00000, 0x00000000ee200000, 0x0000000100000000)
  eden space 49152K, 100% used [0x00000000eab00000,0x00000000edb00000,0x00000000edb00000)
  from space 3584K, 99% used [0x00000000ede80000,0x00000000ee1f8048,0x00000000ee200000)
  to   space 3584K, 0% used [0x00000000edb00000,0x00000000edb00000,0x00000000ede80000)
 ParOldGen       total 64512K, used 13361K [0x00000000c0000000, 0x00000000c3f00000, 0x00000000eab00000)
  object space 64512K, 20% used [0x00000000c0000000,0x00000000c0d0c620,0x00000000c3f00000)
 Metaspace       used 5873K, capacity 6896K, committed 7040K, reserved 1056768K
  class space    used 592K, capacity 616K, committed 640K, reserved 1048576K
Event: 6.352 GC heap after
Heap after GC invocations=5 (full 0):
 PSYoungGen      total 52736K, used 3583K [0x00000000eab00000, 0x00000000f2100000, 0x0000000100000000)
  eden space 49152K, 0% used [0x00000000eab00000,0x00000000eab00000,0x00000000edb00000)
  from space 3584K, 99% used [0x00000000edb00000,0x00000000ede7ff10,0x00000000ede80000)
  to   space 11264K, 0% used [0x00000000f1600000,0x00000000f1600000,0x00000000f2100000)
 ParOldGen       total 64512K, used 20683K [0x00000000c0000000, 0x00000000c3f00000, 0x00000000eab00000)
  object space 64512K, 32% used [0x00000000c0000000,0x00000000c1432c20,0x00000000c3f00000)
 Metaspace       used 5873K, capacity 6896K, committed 7040K, reserved 1056768K
  class space    used 592K, capacity 616K, committed 640K, reserved 1048576K
}

Deoptimization events (10 events):
Event: 3.652 Thread 0x00007f4b44146000 Uncommon trap: reason=class_check action=maybe_recompile pc=0x00007f4b34e45ab8 method=com.android.dx.ssa.NormalSsaInsn.accept(Lcom/android/dx/ssa/SsaInsn$Visitor;)V @ 9
Event: 3.652 Thread 0x00007f4b44146000 Uncommon trap: reason=class_check action=maybe_recompile pc=0x00007f4b34e3c164 method=com.android.dx.ssa.NormalSsaInsn.accept(Lcom/android/dx/ssa/SsaInsn$Visitor;)V @ 9
Event: 3.652 Thread 0x00007f4b44146000 Uncommon trap: reason=class_check action=maybe_recompile pc=0x00007f4b34e3c164 method=com.android.dx.ssa.NormalSsaInsn.accept(Lcom/android/dx/ssa/SsaInsn$Visitor;)V @ 9
Event: 3.654 Thread 0x00007f4b44146000 Uncommon trap: reason=class_check action=maybe_recompile pc=0x00007f4b34e45ab8 method=com.android.dx.ssa.NormalSsaInsn.accept(Lcom/android/dx/ssa/SsaInsn$Visitor;)V @ 9
Event: 4.056 Thread 0x00007f4b4400a000 Uncommon trap: reason=unstable_if action=reinterpret pc=0x00007f4b34daab88 method=java.lang.String.<init>([CII)V @ 18
Event: 4.245 Thread 0x00007f4b44145000 Uncommon trap: reason=bimorphic action=maybe_recompile pc=0x00007f4b34dd29f4 method=java.util.HashMap.getNode(ILjava/lang/Object;)Ljava/util/HashMap$Node; @ 126
Event: 4.245 Thread 0x00007f4b44145000 Uncommon trap: reason=bimorphic action=maybe_recompile pc=0x00007f4b34dd29f4 method=java.util.HashMap.getNode(ILjava/lang/Object;)Ljava/util/HashMap$Node; @ 126
Event: 5.308 Thread 0x00007f4b44147800 Uncommon trap: reason=bimorphic action=maybe_recompile pc=0x00007f4b34dd29f4 method=java.util.HashMap.getNode(ILjava/lang/Object;)Ljava/util/HashMap$Node; @ 126
Event: 5.477 Thread 0x00007f4b4412e800 Uncommon trap: reason=bimorphic action=maybe_recompile pc=0x00007f4b34dd29f4 method=java.util.HashMap.getNode(ILjava/lang/Object;)Ljava/util/HashMap$Node; @ 126
Event: 5.477 Thread 0x00007f4b4412e800 Uncommon trap: reason=bimorphic action=maybe_recompile pc=0x00007f4b34e42428 method=java.util.HashMap.getNode(ILjava/lang/Object;)Ljava/util/HashMap$Node; @ 126

Internal exceptions (3 events):
Event: 0.275 Thread 0x00007f4b4400a000 Exception <a 'java/lang/NoSuchMethodError': Method sun.misc.Unsafe.defineClass(Ljava/lang/String;[BII)Ljava/lang/Class; name or signature does not match> (0x00000000eab07cc0) thrown at [/HUDSON/workspace/8-2-build-linux-amd64/jdk8u91/6644/hotspot/src/shar
Event: 0.276 Thread 0x00007f4b4400a000 Exception <a 'java/lang/NoSuchMethodError': Method sun.misc.Unsafe.prefetchRead(Ljava/lang/Object;J)V name or signature does not match> (0x00000000eab07fa8) thrown at [/HUDSON/workspace/8-2-build-linux-amd64/jdk8u91/6644/hotspot/src/share/vm/prims/jni.cpp
Event: 3.538 Thread 0x00007f4b44147800 Implicit null exception at 0x00007f4b34e9ff22 to 0x00007f4b34ea0013

Events (10 events):
Event: 6.168 Thread 0x00007f4b44146000 Thread exited: 0x00007f4b44146000
Event: 6.263 Executing VM operation: ParallelGCFailedAllocation
Event: 6.353 Executing VM operation: ParallelGCFailedAllocation done
Event: 6.379 Thread 0x00007f4b4412e800 DEOPT PACKING pc=0x00007f4b34e90c0d sp=0x00007f4b27506180
Event: 6.379 Thread 0x00007f4b4412e800 DEOPT UNPACKING pc=0x00007f4b34c20633 sp=0x00007f4b27505f20 mode 0
Event: 6.555 Thread 0x00007f4b44145000 Thread exited: 0x00007f4b44145000
Event: 6.593 Thread 0x00007f4b4412e800 DEOPT PACKING pc=0x00007f4b34e90c0d sp=0x00007f4b27506180
Event: 6.593 Thread 0x00007f4b4412e800 DEOPT UNPACKING pc=0x00007f4b34c20633 sp=0x00007f4b27505f20 mode 0
Event: 6.654 Thread 0x00007f4b4412e800 DEOPT PACKING pc=0x00007f4b34ed052f sp=0x00007f4b27506190
Event: 6.654 Thread 0x00007f4b4412e800 DEOPT UNPACKING pc=0x00007f4b34c20633 sp=0x00007f4b27505f50 mode 0


Dynamic libraries:
00400000-00401000 r-xp 00000000 08:01 3016174                            /usr/lib/jvm/java-8-oracle/bin/java
00600000-00601000 rw-p 00000000 08:01 3016174                            /usr/lib/jvm/java-8-oracle/bin/java
021ce000-021ef000 rw-p 00000000 00:00 0                                  [heap]
c0000000-c3f00000 rw-p 00000000 00:00 0 
c3f00000-eab00000 ---p 00000000 00:00 0 
eab00000-f2100000 rw-p 00000000 00:00 0 
f2100000-100000000 ---p 00000000 00:00 0 
100000000-1000a0000 rw-p 00000000 00:00 0 
1000a0000-140000000 ---p 00000000 00:00 0 
7f4ae0000000-7f4ae0021000 rw-p 00000000 00:00 0 
7f4ae0021000-7f4ae4000000 ---p 00000000 00:00 0 
7f4ae8000000-7f4ae8027000 rw-p 00000000 00:00 0 
7f4ae8027000-7f4aec000000 ---p 00000000 00:00 0 
7f4aec000000-7f4aec021000 rw-p 00000000 00:00 0 
7f4aec021000-7f4af0000000 ---p 00000000 00:00 0 
7f4af0000000-7f4af0030000 rw-p 00000000 00:00 0 
7f4af0030000-7f4af4000000 ---p 00000000 00:00 0 
7f4af4000000-7f4af4021000 rw-p 00000000 00:00 0 
7f4af4021000-7f4af8000000 ---p 00000000 00:00 0 
7f4af8000000-7f4af8021000 rw-p 00000000 00:00 0 
7f4af8021000-7f4afc000000 ---p 00000000 00:00 0 
7f4afc000000-7f4afc021000 rw-p 00000000 00:00 0 
7f4afc021000-7f4b00000000 ---p 00000000 00:00 0 
7f4b00000000-7f4b007b1000 rw-p 00000000 00:00 0 
7f4b007b1000-7f4b04000000 ---p 00000000 00:00 0 
7f4b04000000-7f4b047da000 rw-p 00000000 00:00 0 
7f4b047da000-7f4b08000000 ---p 00000000 00:00 0 
7f4b08000000-7f4b08021000 rw-p 00000000 00:00 0 
7f4b08021000-7f4b0c000000 ---p 00000000 00:00 0 
7f4b0c000000-7f4b0c85b000 rw-p 00000000 00:00 0 
7f4b0c85b000-7f4b10000000 ---p 00000000 00:00 0 
7f4b10000000-7f4b10021000 rw-p 00000000 00:00 0 
7f4b10021000-7f4b14000000 ---p 00000000 00:00 0 
7f4b14000000-7f4b14021000 rw-p 00000000 00:00 0 
7f4b14021000-7f4b18000000 ---p 00000000 00:00 0 
7f4b18000000-7f4b18021000 rw-p 00000000 00:00 0 
7f4b18021000-7f4b1c000000 ---p 00000000 00:00 0 
7f4b1c000000-7f4b1c021000 rw-p 00000000 00:00 0 
7f4b1c021000-7f4b20000000 ---p 00000000 00:00 0 
7f4b20000000-7f4b20021000 rw-p 00000000 00:00 0 
7f4b20021000-7f4b24000000 ---p 00000000 00:00 0 
7f4b27003000-7f4b27006000 ---p 00000000 00:00 0 
7f4b27006000-7f4b27104000 rw-p 00000000 00:00 0 
7f4b27104000-7f4b27107000 ---p 00000000 00:00 0 
7f4b27107000-7f4b27205000 rw-p 00000000 00:00 0 
7f4b27205000-7f4b27208000 ---p 00000000 00:00 0 
7f4b27208000-7f4b27306000 rw-p 00000000 00:00 0 
7f4b27306000-7f4b27309000 ---p 00000000 00:00 0 
7f4b27309000-7f4b27407000 rw-p 00000000 00:00 0                          [stack:12690]
7f4b27407000-7f4b2740a000 ---p 00000000 00:00 0 
7f4b2740a000-7f4b27508000 rw-p 00000000 00:00 0                          [stack:12689]
7f4b27508000-7f4b27509000 ---p 00000000 00:00 0 
7f4b27509000-7f4b27609000 rw-p 00000000 00:00 0                          [stack:12686]
7f4b27609000-7f4b2760c000 ---p 00000000 00:00 0 
7f4b2760c000-7f4b2770a000 rw-p 00000000 00:00 0                          [stack:12685]
7f4b2770a000-7f4b2770d000 ---p 00000000 00:00 0 
7f4b2770d000-7f4b2780b000 rw-p 00000000 00:00 0                          [stack:12684]
7f4b2780b000-7f4b2780e000 ---p 00000000 00:00 0 
7f4b2780e000-7f4b2790c000 rw-p 00000000 00:00 0                          [stack:12683]
7f4b2790c000-7f4b28000000 r--p 00000000 08:01 2890341                    /usr/lib/locale/locale-archive
7f4b28000000-7f4b28021000 rw-p 00000000 00:00 0 
7f4b28021000-7f4b2c000000 ---p 00000000 00:00 0 
7f4b2c013000-7f4b2c016000 ---p 00000000 00:00 0 
7f4b2c016000-7f4b2c114000 rw-p 00000000 00:00 0                          [stack:12682]
7f4b2c114000-7f4b2c117000 ---p 00000000 00:00 0 
7f4b2c117000-7f4b2c215000 rw-p 00000000 00:00 0                          [stack:12681]
7f4b2c215000-7f4b2c218000 ---p 00000000 00:00 0 
7f4b2c218000-7f4b2c316000 rw-p 00000000 00:00 0                          [stack:12680]
7f4b2c316000-7f4b2c319000 ---p 00000000 00:00 0 
7f4b2c319000-7f4b2c417000 rw-p 00000000 00:00 0                          [stack:12679]
7f4b2c417000-7f4b2c418000 ---p 00000000 00:00 0 
7f4b2c418000-7f4b2d427000 rw-p 00000000 00:00 0                          [stack:12678]
7f4b2d427000-7f4b2d600000 r--s 03d1f000 08:01 3149907                    /usr/lib/jvm/java-8-oracle/jre/lib/rt.jar
7f4b2d600000-7f4b2dc40000 rw-p 00000000 00:00 0 
7f4b2dc40000-7f4b2de00000 ---p 00000000 00:00 0 
7f4b2de00000-7f4b30000000 rw-p 00000000 00:00 0 
7f4b30000000-7f4b30021000 rw-p 00000000 00:00 0 
7f4b30021000-7f4b34000000 ---p 00000000 00:00 0 
7f4b340d9000-7f4b341bf000 rw-p 00000000 00:00 0 
7f4b341bf000-7f4b341c0000 ---p 00000000 00:00 0 
7f4b341c0000-7f4b342c0000 rw-p 00000000 00:00 0                          [stack:12677]
7f4b342c0000-7f4b342c1000 ---p 00000000 00:00 0 
7f4b342c1000-7f4b343c1000 rw-p 00000000 00:00 0                          [stack:12676]
7f4b343c1000-7f4b343c2000 ---p 00000000 00:00 0 
7f4b343c2000-7f4b344e2000 rw-p 00000000 00:00 0                          [stack:12675]
7f4b344e2000-7f4b34618000 ---p 00000000 00:00 0 
7f4b34618000-7f4b34638000 rw-p 00000000 00:00 0 
7f4b34638000-7f4b3476d000 ---p 00000000 00:00 0 
7f4b3476d000-7f4b347a9000 rw-p 00000000 00:00 0 
7f4b347a9000-7f4b34818000 ---p 00000000 00:00 0 
7f4b34818000-7f4b3482d000 rw-p 00000000 00:00 0 
7f4b3482d000-7f4b34bd9000 ---p 00000000 00:00 0 
7f4b34bd9000-7f4b350c9000 rwxp 00000000 00:00 0 
7f4b350c9000-7f4b43bd9000 ---p 00000000 00:00 0 
7f4b43bd9000-7f4b43bf3000 r-xp 00000000 08:01 3284666                    /usr/lib/jvm/java-8-oracle/jre/lib/amd64/libzip.so
7f4b43bf3000-7f4b43df3000 ---p 0001a000 08:01 3284666                    /usr/lib/jvm/java-8-oracle/jre/lib/amd64/libzip.so
7f4b43df3000-7f4b43df4000 rw-p 0001a000 08:01 3284666                    /usr/lib/jvm/java-8-oracle/jre/lib/amd64/libzip.so
7f4b43df4000-7f4b43dff000 r-xp 00000000 08:01 7999873                    /lib/x86_64-linux-gnu/libnss_files-2.19.so
7f4b43dff000-7f4b43ffe000 ---p 0000b000 08:01 7999873                    /lib/x86_64-linux-gnu/libnss_files-2.19.so
7f4b43ffe000-7f4b43fff000 r--p 0000a000 08:01 7999873                    /lib/x86_64-linux-gnu/libnss_files-2.19.so
7f4b43fff000-7f4b44000000 rw-p 0000b000 08:01 7999873                    /lib/x86_64-linux-gnu/libnss_files-2.19.so
7f4b44000000-7f4b44390000 rw-p 00000000 00:00 0 
7f4b44390000-7f4b48000000 ---p 00000000 00:00 0 
7f4b48001000-7f4b48043000 rw-p 00000000 00:00 0 
7f4b48043000-7f4b48044000 ---p 00000000 00:00 0 
7f4b48044000-7f4b48144000 rw-p 00000000 00:00 0                          [stack:12674]
7f4b48144000-7f4b4814f000 r-xp 00000000 08:01 7999865                    /lib/x86_64-linux-gnu/libnss_nis-2.19.so
7f4b4814f000-7f4b4834e000 ---p 0000b000 08:01 7999865                    /lib/x86_64-linux-gnu/libnss_nis-2.19.so
7f4b4834e000-7f4b4834f000 r--p 0000a000 08:01 7999865                    /lib/x86_64-linux-gnu/libnss_nis-2.19.so
7f4b4834f000-7f4b48350000 rw-p 0000b000 08:01 7999865                    /lib/x86_64-linux-gnu/libnss_nis-2.19.so
7f4b48350000-7f4b48367000 r-xp 00000000 08:01 7999861                    /lib/x86_64-linux-gnu/libnsl-2.19.so
7f4b48367000-7f4b48566000 ---p 00017000 08:01 7999861                    /lib/x86_64-linux-gnu/libnsl-2.19.so
7f4b48566000-7f4b48567000 r--p 00016000 08:01 7999861                    /lib/x86_64-linux-gnu/libnsl-2.19.so
7f4b48567000-7f4b48568000 rw-p 00017000 08:01 7999861                    /lib/x86_64-linux-gnu/libnsl-2.19.so
7f4b48568000-7f4b4856a000 rw-p 00000000 00:00 0 
7f4b4856a000-7f4b48573000 r-xp 00000000 08:01 7999860                    /lib/x86_64-linux-gnu/libnss_compat-2.19.so
7f4b48573000-7f4b48772000 ---p 00009000 08:01 7999860                    /lib/x86_64-linux-gnu/libnss_compat-2.19.so
7f4b48772000-7f4b48773000 r--p 00008000 08:01 7999860                    /lib/x86_64-linux-gnu/libnss_compat-2.19.so
7f4b48773000-7f4b48774000 rw-p 00009000 08:01 7999860                    /lib/x86_64-linux-gnu/libnss_compat-2.19.so
7f4b48774000-7f4b4879e000 r-xp 00000000 08:01 3284615                    /usr/lib/jvm/java-8-oracle/jre/lib/amd64/libjava.so
7f4b4879e000-7f4b4899e000 ---p 0002a000 08:01 3284615                    /usr/lib/jvm/java-8-oracle/jre/lib/amd64/libjava.so
7f4b4899e000-7f4b489a0000 rw-p 0002a000 08:01 3284615                    /usr/lib/jvm/java-8-oracle/jre/lib/amd64/libjava.so
7f4b489a0000-7f4b489ad000 r-xp 00000000 08:01 3284672                    /usr/lib/jvm/java-8-oracle/jre/lib/amd64/libverify.so
7f4b489ad000-7f4b48bad000 ---p 0000d000 08:01 3284672                    /usr/lib/jvm/java-8-oracle/jre/lib/amd64/libverify.so
7f4b48bad000-7f4b48baf000 rw-p 0000d000 08:01 3284672                    /usr/lib/jvm/java-8-oracle/jre/lib/amd64/libverify.so
7f4b48baf000-7f4b48bb6000 r-xp 00000000 08:01 7999869                    /lib/x86_64-linux-gnu/librt-2.19.so
7f4b48bb6000-7f4b48db5000 ---p 00007000 08:01 7999869                    /lib/x86_64-linux-gnu/librt-2.19.so
7f4b48db5000-7f4b48db6000 r--p 00006000 08:01 7999869                    /lib/x86_64-linux-gnu/librt-2.19.so
7f4b48db6000-7f4b48db7000 rw-p 00007000 08:01 7999869                    /lib/x86_64-linux-gnu/librt-2.19.so
7f4b48db7000-7f4b48ebc000 r-xp 00000000 08:01 7996506                    /lib/x86_64-linux-gnu/libm-2.19.so
7f4b48ebc000-7f4b490bb000 ---p 00105000 08:01 7996506                    /lib/x86_64-linux-gnu/libm-2.19.so
7f4b490bb000-7f4b490bc000 r--p 00104000 08:01 7996506                    /lib/x86_64-linux-gnu/libm-2.19.so
7f4b490bc000-7f4b490bd000 rw-p 00105000 08:01 7996506                    /lib/x86_64-linux-gnu/libm-2.19.so
7f4b490bd000-7f4b49d7d000 r-xp 00000000 08:01 3284648                    /usr/lib/jvm/java-8-oracle/jre/lib/amd64/server/libjvm.so
7f4b49d7d000-7f4b49f7d000 ---p 00cc0000 08:01 3284648                    /usr/lib/jvm/java-8-oracle/jre/lib/amd64/server/libjvm.so
7f4b49f7d000-7f4b4a055000 rw-p 00cc0000 08:01 3284648                    /usr/lib/jvm/java-8-oracle/jre/lib/amd64/server/libjvm.so
7f4b4a055000-7f4b4a0a0000 rw-p 00000000 00:00 0 
7f4b4a0a0000-7f4b4a25b000 r-xp 00000000 08:01 7999870                    /lib/x86_64-linux-gnu/libc-2.19.so
7f4b4a25b000-7f4b4a45a000 ---p 001bb000 08:01 7999870                    /lib/x86_64-linux-gnu/libc-2.19.so
7f4b4a45a000-7f4b4a45e000 r--p 001ba000 08:01 7999870                    /lib/x86_64-linux-gnu/libc-2.19.so
7f4b4a45e000-7f4b4a460000 rw-p 001be000 08:01 7999870                    /lib/x86_64-linux-gnu/libc-2.19.so
7f4b4a460000-7f4b4a465000 rw-p 00000000 00:00 0 
7f4b4a465000-7f4b4a468000 r-xp 00000000 08:01 7999547                    /lib/x86_64-linux-gnu/libdl-2.19.so
7f4b4a468000-7f4b4a667000 ---p 00003000 08:01 7999547                    /lib/x86_64-linux-gnu/libdl-2.19.so
7f4b4a667000-7f4b4a668000 r--p 00002000 08:01 7999547                    /lib/x86_64-linux-gnu/libdl-2.19.so
7f4b4a668000-7f4b4a669000 rw-p 00003000 08:01 7999547                    /lib/x86_64-linux-gnu/libdl-2.19.so
7f4b4a669000-7f4b4a67e000 r-xp 00000000 08:01 4079274                    /usr/lib/jvm/java-8-oracle/lib/amd64/jli/libjli.so
7f4b4a67e000-7f4b4a87e000 ---p 00015000 08:01 4079274                    /usr/lib/jvm/java-8-oracle/lib/amd64/jli/libjli.so
7f4b4a87e000-7f4b4a87f000 rw-p 00015000 08:01 4079274                    /usr/lib/jvm/java-8-oracle/lib/amd64/jli/libjli.so
7f4b4a87f000-7f4b4a898000 r-xp 00000000 08:01 7999862                    /lib/x86_64-linux-gnu/libpthread-2.19.so
7f4b4a898000-7f4b4aa97000 ---p 00019000 08:01 7999862                    /lib/x86_64-linux-gnu/libpthread-2.19.so
7f4b4aa97000-7f4b4aa98000 r--p 00018000 08:01 7999862                    /lib/x86_64-linux-gnu/libpthread-2.19.so
7f4b4aa98000-7f4b4aa99000 rw-p 00019000 08:01 7999862                    /lib/x86_64-linux-gnu/libpthread-2.19.so
7f4b4aa99000-7f4b4aa9d000 rw-p 00000000 00:00 0 
7f4b4aa9d000-7f4b4aac0000 r-xp 00000000 08:01 7999863                    /lib/x86_64-linux-gnu/ld-2.19.so
7f4b4aac3000-7f4b4ab9c000 rw-p 00000000 00:00 0 
7f4b4ab9c000-7f4b4ab9f000 ---p 00000000 00:00 0 
7f4b4ab9f000-7f4b4aca1000 rw-p 00000000 00:00 0                          [stack:12673]
7f4b4aca2000-7f4b4aca4000 rw-p 00000000 00:00 0 
7f4b4aca4000-7f4b4acb3000 r--s 000df000 08:01 3938513                    /home/ahmed/Android/Sdk/build-tools/23.0.3/lib/dx.jar
7f4b4acb3000-7f4b4acbb000 rw-s 00000000 08:01 13501239                   /tmp/hsperfdata_ahmed/12669
7f4b4acbb000-7f4b4acbc000 rw-p 00000000 00:00 0 
7f4b4acbc000-7f4b4acbd000 r--p 00000000 00:00 0 
7f4b4acbd000-7f4b4acbf000 rw-p 00000000 00:00 0 
7f4b4acbf000-7f4b4acc0000 r--p 00022000 08:01 7999863                    /lib/x86_64-linux-gnu/ld-2.19.so
7f4b4acc0000-7f4b4acc1000 rw-p 00023000 08:01 7999863                    /lib/x86_64-linux-gnu/ld-2.19.so
7f4b4acc1000-7f4b4acc2000 rw-p 00000000 00:00 0 
7ffc74de9000-7ffc74e0a000 rw-p 00000000 00:00 0                          [stack]
7ffc74f05000-7ffc74f07000 r--p 00000000 00:00 0                          [vvar]
7ffc74f07000-7ffc74f09000 r-xp 00000000 00:00 0                          [vdso]
ffffffffff600000-ffffffffff601000 r-xp 00000000 00:00 0                  [vsyscall]

VM Arguments:
jvm_args: -Djava.awt.headless=true -Xmx1024M -Dfile.encoding=UTF-8 -Duser.country=US -Duser.language=en -Duser.variant 
java_command: com.android.dx.command.Main --dex --force-jumbo --num-threads=4 --multi-dex --output /home/ahmed/AndroidStudioProjects/PharmaMeter/app/build/intermediates/transforms/dex/debug/folders/1000/10/com.google.android.gms-play-services-measurement-8.4.0_0c61e407ff7e47cd3a15548a97346f82e07300a4 /home/ahmed/AndroidStudioProjects/PharmaMeter/app/build/intermediates/exploded-aar/com.google.android.gms/play-services-measurement/8.4.0/jars/classes.jar
java_class_path (initial): /home/ahmed/Android/Sdk/build-tools/23.0.3/lib/dx.jar
Launcher Type: SUN_STANDARD

Environment Variables:
PATH=/usr/local/sbin:/usr/local/bin:/usr/sbin:/usr/bin:/sbin:/bin:/usr/games:/usr/local/games
LD_LIBRARY_PATH=/home/ahmed/myData/android-studio/bin:
SHELL=/bin/bash
DISPLAY=:0

Signal Handlers:
SIGSEGV: [libjvm.so+0xabca10], sa_mask[0]=11111111011111111101111111111110, sa_flags=SA_RESTART|SA_SIGINFO
SIGBUS: [libjvm.so+0xabca10], sa_mask[0]=11111111011111111101111111111110, sa_flags=SA_RESTART|SA_SIGINFO
SIGFPE: [libjvm.so+0x919a20], sa_mask[0]=11111111011111111101111111111110, sa_flags=SA_RESTART|SA_SIGINFO
SIGPIPE: [libjvm.so+0x919a20], sa_mask[0]=11111111011111111101111111111110, sa_flags=SA_RESTART|SA_SIGINFO
SIGXFSZ: [libjvm.so+0x919a20], sa_mask[0]=11111111011111111101111111111110, sa_flags=SA_RESTART|SA_SIGINFO
SIGILL: [libjvm.so+0x919a20], sa_mask[0]=11111111011111111101111111111110, sa_flags=SA_RESTART|SA_SIGINFO
SIGUSR1: SIG_DFL, sa_mask[0]=00000000000000000000000000000000, sa_flags=none
SIGUSR2: [libjvm.so+0x91b050], sa_mask[0]=00100000000000000000000000000000, sa_flags=SA_RESTART|SA_SIGINFO
SIGHUP: [libjvm.so+0x91c450], sa_mask[0]=11111111011111111101111111111110, sa_flags=SA_RESTART|SA_SIGINFO
SIGINT: [libjvm.so+0x91c450], sa_mask[0]=11111111011111111101111111111110, sa_flags=SA_RESTART|SA_SIGINFO
SIGTERM: [libjvm.so+0x91c450], sa_mask[0]=11111111011111111101111111111110, sa_flags=SA_RESTART|SA_SIGINFO
SIGQUIT: [libjvm.so+0x91c450], sa_mask[0]=11111111011111111101111111111110, sa_flags=SA_RESTART|SA_SIGINFO


---------------  S Y S T E M  ---------------

OS:DISTRIB_ID=Ubuntu
DISTRIB_RELEASE=14.04
DISTRIB_CODENAME=trusty
DISTRIB_DESCRIPTION="Ubuntu 14.04.4 LTS"

uname:Linux 3.19.0-58-generic #64~14.04.1-Ubuntu SMP Fri Mar 18 19:05:43 UTC 2016 x86_64
libc:glibc 2.19 NPTL 2.19 
rlimit: STACK 8192k, CORE 0k, NPROC 23451, NOFILE 4096, AS infinity
load average:12.01 11.68 6.10

/proc/meminfo:
MemTotal:        6034332 kB
MemFree:          548384 kB
MemAvailable:     840848 kB
Buffers:           52048 kB
Cached:           914612 kB
SwapCached:       121896 kB
Active:          3924288 kB
Inactive:        1345936 kB
Active(anon):    3677764 kB
Inactive(anon):  1153480 kB
Active(file):     246524 kB
Inactive(file):   192456 kB
Unevictable:          48 kB
Mlocked:              48 kB
SwapTotal:       6213628 kB
SwapFree:        5562988 kB
Dirty:            119256 kB
Writeback:             0 kB
AnonPages:       4205660 kB
Mapped:           528684 kB
Shmem:            527680 kB
Slab:              86188 kB
SReclaimable:      44840 kB
SUnreclaim:        41348 kB
KernelStack:       13920 kB
PageTables:        57812 kB
NFS_Unstable:          0 kB
Bounce:                0 kB
WritebackTmp:          0 kB
CommitLimit:     9230792 kB
Committed_AS:   11831416 kB
VmallocTotal:   34359738367 kB
VmallocUsed:      553868 kB
VmallocChunk:   34359176832 kB
HardwareCorrupted:     0 kB
AnonHugePages:   1789952 kB
CmaTotal:              0 kB
CmaFree:               0 kB
HugePages_Total:       0
HugePages_Free:        0
HugePages_Rsvd:        0
HugePages_Surp:        0
Hugepagesize:       2048 kB
DirectMap4k:      194120 kB
DirectMap2M:     6021120 kB


CPU:total 4 (2 cores per cpu, 2 threads per core) family 6 model 42 stepping 7, cmov, cx8, fxsr, mmx, sse, sse2, sse3, ssse3, sse4.1, sse4.2, popcnt, avx, clmul, ht, tsc, tscinvbit

/proc/cpuinfo:
processor	: 0
vendor_id	: GenuineIntel
cpu family	: 6
model		: 42
model name	: Intel(R) Core(TM) i3-2310M CPU @ 2.10GHz
stepping	: 7
microcode	: 0x14
cpu MHz		: 2100.000
cache size	: 3072 KB
physical id	: 0
siblings	: 4
core id		: 0
cpu cores	: 2
apicid		: 0
initial apicid	: 0
fpu		: yes
fpu_exception	: yes
cpuid level	: 13
wp		: yes
flags		: fpu vme de pse tsc msr pae mce cx8 apic sep mtrr pge mca cmov pat pse36 clflush dts acpi mmx fxsr sse sse2 ss ht tm pbe syscall nx rdtscp lm constant_tsc arch_perfmon pebs bts rep_good nopl xtopology nonstop_tsc aperfmperf eagerfpu pni pclmulqdq dtes64 monitor ds_cpl vmx est tm2 ssse3 cx16 xtpr pdcm pcid sse4_1 sse4_2 x2apic popcnt tsc_deadline_timer xsave avx lahf_lm arat epb pln pts dtherm tpr_shadow vnmi flexpriority ept vpid xsaveopt
bugs		:
bogomips	: 4190.60
clflush size	: 64
cache_alignment	: 64
address sizes	: 36 bits physical, 48 bits virtual
power management:

processor	: 1
vendor_id	: GenuineIntel
cpu family	: 6
model		: 42
model name	: Intel(R) Core(TM) i3-2310M CPU @ 2.10GHz
stepping	: 7
microcode	: 0x14
cpu MHz		: 2099.917
cache size	: 3072 KB
physical id	: 0
siblings	: 4
core id		: 0
cpu cores	: 2
apicid		: 1
initial apicid	: 1
fpu		: yes
fpu_exception	: yes
cpuid level	: 13
wp		: yes
flags		: fpu vme de pse tsc msr pae mce cx8 apic sep mtrr pge mca cmov pat pse36 clflush dts acpi mmx fxsr sse sse2 ss ht tm pbe syscall nx rdtscp lm constant_tsc arch_perfmon pebs bts rep_good nopl xtopology nonstop_tsc aperfmperf eagerfpu pni pclmulqdq dtes64 monitor ds_cpl vmx est tm2 ssse3 cx16 xtpr pdcm pcid sse4_1 sse4_2 x2apic popcnt tsc_deadline_timer xsave avx lahf_lm arat epb pln pts dtherm tpr_shadow vnmi flexpriority ept vpid xsaveopt
bugs		:
bogomips	: 4190.60
clflush size	: 64
cache_alignment	: 64
address sizes	: 36 bits physical, 48 bits virtual
power management:

processor	: 2
vendor_id	: GenuineIntel
cpu family	: 6
model		: 42
model name	: Intel(R) Core(TM) i3-2310M CPU @ 2.10GHz
stepping	: 7
microcode	: 0x14
cpu MHz		: 2099.917
cache size	: 3072 KB
physical id	: 0
siblings	: 4
core id		: 1
cpu cores	: 2
apicid		: 2
initial apicid	: 2
fpu		: yes
fpu_exception	: yes
cpuid level	: 13
wp		: yes
flags		: fpu vme de pse tsc msr pae mce cx8 apic sep mtrr pge mca cmov pat pse36 clflush dts acpi mmx fxsr sse sse2 ss ht tm pbe syscall nx rdtscp lm constant_tsc arch_perfmon pebs bts rep_good nopl xtopology nonstop_tsc aperfmperf eagerfpu pni pclmulqdq dtes64 monitor ds_cpl vmx est tm2 ssse3 cx16 xtpr pdcm pcid sse4_1 sse4_2 x2apic popcnt tsc_deadline_timer xsave avx lahf_lm arat epb pln pts dtherm tpr_shadow vnmi flexpriority ept vpid xsaveopt
bugs		:
bogomips	: 4190.60
clflush size	: 64
cache_alignment	: 64
address sizes	: 36 bits physical, 48 bits virtual
power management:

processor	: 3
vendor_id	: GenuineIntel
cpu family	: 6
model		: 42
model name	: Intel(R) Core(TM) i3-2310M CPU @ 2.10GHz
stepping	: 7
microcode	: 0x14
cpu MHz		: 2100.000
cache size	: 3072 KB
physical id	: 0
siblings	: 4
core id		: 1
cpu cores	: 2
apicid		: 3
initial apicid	: 3
fpu		: yes
fpu_exception	: yes
cpuid level	: 13
wp		: yes
flags		: fpu vme de pse tsc msr pae mce cx8 apic sep mtrr pge mca cmov pat pse36 clflush dts acpi mmx fxsr sse sse2 ss ht tm pbe syscall nx rdtscp lm constant_tsc arch_perfmon pebs bts rep_good nopl xtopology nonstop_tsc aperfmperf eagerfpu pni pclmulqdq dtes64 monitor ds_cpl vmx est tm2 ssse3 cx16 xtpr pdcm pcid sse4_1 sse4_2 x2apic popcnt tsc_deadline_timer xsave avx lahf_lm arat epb pln pts dtherm tpr_shadow vnmi flexpriority ept vpid xsaveopt
bugs		:
bogomips	: 4190.60
clflush size	: 64
cache_alignment	: 64
address sizes	: 36 bits physical, 48 bits virtual
power management:



Memory: 4k page, physical 6034332k(548384k free), swap 6213628k(5562988k free)

vm_info: Java HotSpot(TM) 64-Bit Server VM (25.91-b14) for linux-amd64 JRE (1.8.0_91-b14), built on Apr  1 2016 00:57:21 by "java_re" with gcc 4.3.0 20080428 (Red Hat 4.3.0-8)

time: Mon May  9 18:21:25 2016
elapsed time: 6 seconds (0d 0h 0m 6s)

