#
# A fatal error has been detected by the Java Runtime Environment:
#
#  SIGSEGV (0xb) at pc=0x00007fd7f3ec8495, pid=3995, tid=0x00007fd7dc305700
#
# JRE version: Java(TM) SE Runtime Environment (8.0_92-b14) (build 1.8.0_92-b14)
# Java VM: Java HotSpot(TM) 64-Bit Server VM (25.92-b14 mixed mode linux-amd64 compressed oops)
# Problematic frame:
# V  [libjvm.so+0x389495]  LIR_Assembler::emit_code(BlockList*)+0xf5
#
# Failed to write core dump. Core dumps have been disabled. To enable core dumping, try "ulimit -c unlimited" before starting Java again
#
# If you would like to submit a bug report, please visit:
#   http://bugreport.java.com/bugreport/crash.jsp
#

---------------  T H R E A D  ---------------

Current thread (0x00007fd7ec0be800):  JavaThread "C1 CompilerThread2" daemon [_thread_in_native, id=4023, stack(0x00007fd7dc205000,0x00007fd7dc306000)]

siginfo: si_signo: 11 (SIGSEGV), si_code: 2 (SEGV_ACCERR), si_addr: 0x00007fd7f4e73078

Registers:
RAX=0x00007fd7f4e73070, RBX=0x00007fd7b040aa10, RCX=0x00007fd7dd077dd9, RDX=0x00007fd7dc304710
RSP=0x00007fd7dc304370, RBP=0x00007fd7dc3043b0, RSI=0x00007fd7dc3043c0, RDI=0x00007fd7b040aa10
R8 =0x0000000000000000, R9 =0x0000000000000010, R10=0x00007fd7dc3043c0, R11=0x000000000000000c
R12=0x00007fd7dc3043c0, R13=0x00000000000002b8, R14=0x00007fd7b04162d0, R15=0x00000000000002e8
RIP=0x00007fd7f3ec8495, EFLAGS=0x0000000000010246, CSGSFS=0x0000000000000033, ERR=0x0000000000000004
  TRAPNO=0x000000000000000e

Top of Stack: (sp=0x00007fd7dc304370)
0x00007fd7dc304370:   0000000000000730 00007fd7b03bed50
0x00007fd7dc304380:   00000000000000e0 00007fd7b06048d0
0x00007fd7dc304390:   00007fd7dc3045f0 00007fd7dc3043c0
0x00007fd7dc3043a0:   00007fd7dc304460 0000000000000000
0x00007fd7dc3043b0:   00007fd7dc304440 00007fd7f3e97c6b
0x00007fd7dc3043c0:   00007fd7b06048d0 00007fd7b06048f0
0x00007fd7dc3043d0:   00007fd7ec01ad50 00007fd7dc3045f0
0x00007fd7dc3043e0:   00007fd7b04015a0 0000000000000000
0x00007fd7dc3043f0:   0000000000000000 00007fd700000000
0x00007fd7dc304400:   00000000ffffffff 00007fd7dc304460
0x00007fd7dc304410:   00000000b04015a0 0000000000000000
0x00007fd7dc304420:   00007fd7dc304440 00007fd7dc3045f0
0x00007fd7dc304430:   0000000000000018 00007fd7b04015a0
0x00007fd7dc304440:   00007fd7dc3044d0 00007fd7f3e98333
0x00007fd7dc304450:   00007fd7ec0beeb0 00007fd7b01bfc80
0x00007fd7dc304460:   00007fd7ec0b0000 0000000000000000
0x00007fd7dc304470:   00007fd7dc3044d0 00007fd7f3f69f00
0x00007fd7dc304480:   00007fd7f16e2d98 00007fd7ec0be800
0x00007fd7dc304490:   0000000000000000 00007fd70000000a
0x00007fd7dc3044a0:   00007fd7ec0be800 00007fd7f4abdaa0
0x00007fd7dc3044b0:   00007fd7dc3045f0 00007fd7b01bfc80
0x00007fd7dc3044c0:   00007fd7dc304550 00007fd7ec0bed60
0x00007fd7dc3044d0:   00007fd7dc304540 00007fd7f3e983ce
0x00007fd7dc3044e0:   00007fd7dc304520 00007fd7f456d343
0x00007fd7dc3044f0:   00007fd7dc304570 00007fd7f44e8570
0x00007fd7dc304500:   00007fd7ec0bf1e8 00007fd7dc304678
0x00007fd7dc304510:   00007fd7dc3045f0 00007fd7b01bfc80
0x00007fd7dc304520:   00007fd7dc304540 00007fd7f4abdaa0
0x00007fd7dc304530:   00007fd7dc3045f0 00007fd7b01bfc80
0x00007fd7dc304540:   00007fd7dc3045b0 00007fd7f3e9873e
0x00007fd7dc304550:   00007fd7ec0b0000 0000000000000000
0x00007fd7dc304560:   0000000000000000 00007fd7ec0be800 

Instructions: (pc=0x00007fd7f3ec8495)
0x00007fd7f3ec8475:   8d 35 1c 85 77 00 e8 b0 e8 fc ff 49 8b 44 24 18
0x00007fd7f3ec8485:   48 83 78 60 00 75 7c 48 8b 03 4c 89 e6 48 89 df
0x00007fd7f3ec8495:   ff 50 08 49 8b 7c 24 18 e8 8e e3 fc ff 80 78 08
0x00007fd7f3ec84a5:   00 74 a0 48 89 de 4c 89 e7 49 83 c5 08 e8 09 ef 

Register to memory mapping:

RAX=0x00007fd7f4e73070: <offset 0x34e070> in /lib/x86_64-linux-gnu/libc.so.6 at 0x00007fd7f4b25000
RBX=0x00007fd7b040aa10 is an unknown value
RCX=0x00007fd7dd077dd9 is at code_begin+3129 in 
[CodeBlob (0x00007fd7dd077150)]
Framesize: 0
BufferBlob (0x00007fd7dd077150) used for C1 temporary CodeBuffer
RDX=0x00007fd7dc304710 is pointing into the stack for thread: 0x00007fd7ec0be800
RSP=0x00007fd7dc304370 is pointing into the stack for thread: 0x00007fd7ec0be800
RBP=0x00007fd7dc3043b0 is pointing into the stack for thread: 0x00007fd7ec0be800
RSI=0x00007fd7dc3043c0 is pointing into the stack for thread: 0x00007fd7ec0be800
RDI=0x00007fd7b040aa10 is an unknown value
R8 =0x0000000000000000 is an unknown value
R9 =0x0000000000000010 is an unknown value
R10=0x00007fd7dc3043c0 is pointing into the stack for thread: 0x00007fd7ec0be800
R11=0x000000000000000c is an unknown value
R12=0x00007fd7dc3043c0 is pointing into the stack for thread: 0x00007fd7ec0be800
R13=0x00000000000002b8 is an unknown value
R14=0x00007fd7b04162d0 is an unknown value
R15=0x00000000000002e8 is an unknown value


Stack: [0x00007fd7dc205000,0x00007fd7dc306000],  sp=0x00007fd7dc304370,  free space=1020k
Native frames: (J=compiled Java code, j=interpreted, Vv=VM code, C=native code)
V  [libjvm.so+0x389495]  LIR_Assembler::emit_code(BlockList*)+0xf5
V  [libjvm.so+0x358c6b]  Compilation::emit_code_body()+0x11b
V  [libjvm.so+0x359333]  Compilation::compile_java_method()+0x103
V  [libjvm.so+0x3593ce]  Compilation::compile_method()+0x4e
V  [libjvm.so+0x35973e]  Compilation::Compilation(AbstractCompiler*, ciEnv*, ciMethod*, int, BufferBlob*)+0x25e
V  [libjvm.so+0x35a4e9]  Compiler::compile_method(ciEnv*, ciMethod*, int)+0xa9
V  [libjvm.so+0x4aea9a]  CompileBroker::invoke_compiler_on_method(CompileTask*)+0xc9a
V  [libjvm.so+0x4afa46]  CompileBroker::compiler_thread_loop()+0x5d6
V  [libjvm.so+0xa6cc5f]  JavaThread::thread_main_inner()+0xdf
V  [libjvm.so+0xa6cd8c]  JavaThread::run()+0x11c
V  [libjvm.so+0x91fad8]  java_start(Thread*)+0x108
C  [libpthread.so.0+0x8182]  start_thread+0xc2


Current CompileTask:
C1:   3342  609   !   3       com.android.dx.cf.code.BytecodeArray::parseInstruction (2764 bytes)


---------------  P R O C E S S  ---------------

Java Threads: ( => current thread )
  0x00007fd7ec14e000 JavaThread "pool-2-thread-4" [_thread_in_Java, id=4042, stack(0x00007fd7cdafb000,0x00007fd7cdbfc000)]
  0x00007fd7ec14c000 JavaThread "pool-2-thread-3" [_thread_blocked, id=4040, stack(0x00007fd7cdbfc000,0x00007fd7cdcfd000)]
  0x00007fd7ec14a800 JavaThread "pool-2-thread-2" [_thread_in_vm, id=4038, stack(0x00007fd7cdcfd000,0x00007fd7cddfe000)]
  0x00007fd7ec13f800 JavaThread "pool-3-thread-1" [_thread_blocked, id=4036, stack(0x00007fd7cddfe000,0x00007fd7cdeff000)]
  0x00007fd7ec13d800 JavaThread "pool-2-thread-1" [_thread_in_vm, id=4035, stack(0x00007fd7cdeff000,0x00007fd7ce000000)]
  0x00007fd7ec0c1800 JavaThread "Service Thread" daemon [_thread_blocked, id=4024, stack(0x00007fd7dc104000,0x00007fd7dc205000)]
=>0x00007fd7ec0be800 JavaThread "C1 CompilerThread2" daemon [_thread_in_native, id=4023, stack(0x00007fd7dc205000,0x00007fd7dc306000)]
  0x00007fd7ec0bc800 JavaThread "C2 CompilerThread1" daemon [_thread_in_vm, id=4022, stack(0x00007fd7dc306000,0x00007fd7dc407000)]
  0x00007fd7ec0b9800 JavaThread "C2 CompilerThread0" daemon [_thread_blocked, id=4021, stack(0x00007fd7dc407000,0x00007fd7dc508000)]
  0x00007fd7ec0b8000 JavaThread "Signal Dispatcher" daemon [_thread_blocked, id=4020, stack(0x00007fd7dc508000,0x00007fd7dc609000)]
  0x00007fd7ec084000 JavaThread "Finalizer" daemon [_thread_blocked, id=4015, stack(0x00007fd7dccfd000,0x00007fd7dcdfe000)]
  0x00007fd7ec07f800 JavaThread "Reference Handler" daemon [_thread_blocked, id=4014, stack(0x00007fd7dcdfe000,0x00007fd7dceff000)]
  0x00007fd7ec00a000 JavaThread "main" [_thread_in_vm, id=3997, stack(0x00007fd7f5626000,0x00007fd7f5727000)]

Other Threads:
  0x00007fd7ec078000 VMThread [stack: 0x00007fd7dceff000,0x00007fd7dd000000] [id=4011]
  0x00007fd7ec0c4800 WatcherThread [stack: 0x00007fd7dc003000,0x00007fd7dc104000] [id=4025]

VM state:synchronizing (normal execution)

VM Mutex/Monitor currently owned by a thread:  ([mutex/lock_event])
[0x00007fd7ec006510] Safepoint_lock - owner thread: 0x00007fd7ec078000
[0x00007fd7ec006590] Threads_lock - owner thread: 0x00007fd7ec078000
[0x00007fd7ec006a90] Heap_lock - owner thread: 0x00007fd7ec13d800

Heap:
 PSYoungGen      total 28160K, used 24576K [0x00000000eab00000, 0x00000000eca00000, 0x0000000100000000)
  eden space 24576K, 100% used [0x00000000eab00000,0x00000000ec300000,0x00000000ec300000)
  from space 3584K, 0% used [0x00000000ec680000,0x00000000ec680000,0x00000000eca00000)
  to   space 3584K, 0% used [0x00000000ec300000,0x00000000ec300000,0x00000000ec680000)
 ParOldGen       total 64512K, used 0K [0x00000000c0000000, 0x00000000c3f00000, 0x00000000eab00000)
  object space 64512K, 0% used [0x00000000c0000000,0x00000000c0000000,0x00000000c3f00000)
 Metaspace       used 5657K, capacity 6704K, committed 6784K, reserved 1056768K
  class space    used 587K, capacity 616K, committed 640K, reserved 1048576K

Card table byte_map: [0x00007fd7f21de000,0x00007fd7f23df000] byte_map_base: 0x00007fd7f1bde000

Marking Bits: (ParMarkBitMap*) 0x00007fd7f4af84c0
 Begin Bits: [0x00007fd7ce000000, 0x00007fd7cf000000)
 End Bits:   [0x00007fd7cf000000, 0x00007fd7d0000000)

Polling page: 0x00007fd7f5741000

CodeCache: size=245760Kb used=2170Kb max_used=2181Kb free=243589Kb
 bounds [0x00007fd7dd000000, 0x00007fd7dd270000, 0x00007fd7ec000000]
 total_blobs=838 nmethods=570 adapters=182
 compilation: enabled

Compilation events (10 events):
Event: 2.220 Thread 0x00007fd7ec0be800 nmethod 529 0x00007fd7dd217310 code [0x00007fd7dd217560, 0x00007fd7dd2188d8]
Event: 2.220 Thread 0x00007fd7ec0be800  571       3       com.android.dx.util.IntList::indexOf (16 bytes)
Event: 2.245 Thread 0x00007fd7ec0be800 nmethod 571 0x00007fd7dd20f450 code [0x00007fd7dd20f5c0, 0x00007fd7dd20f828]
Event: 2.245 Thread 0x00007fd7ec0be800  613       3       com.android.dx.rop.code.BasicBlockList$RegCountVisitor::visitPlainInsn (6 bytes)
Event: 2.245 Thread 0x00007fd7ec0be800 nmethod 613 0x00007fd7dd20f0d0 code [0x00007fd7dd20f240, 0x00007fd7dd20f3c8]
Event: 2.245 Thread 0x00007fd7ec0be800  615       3       com.android.dx.rop.code.Rop::canThrow (18 bytes)
Event: 2.245 Thread 0x00007fd7ec0be800 nmethod 615 0x00007fd7dd20ec50 code [0x00007fd7dd20edc0, 0x00007fd7dd20f028]
Event: 2.245 Thread 0x00007fd7ec0be800  533       3       com.android.dx.cf.code.ByteOps::opInfo (6 bytes)
Event: 2.245 Thread 0x00007fd7ec0be800 nmethod 533 0x00007fd7dd20e890 code [0x00007fd7dd20ea00, 0x00007fd7dd20eb50]
Event: 2.245 Thread 0x00007fd7ec0be800  609   !   3       com.android.dx.cf.code.BytecodeArray::parseInstruction (2764 bytes)

GC Heap History (0 events):
No events

Deoptimization events (2 events):
Event: 1.003 Thread 0x00007fd7ec00a000 Uncommon trap: reason=unstable_if action=reinterpret pc=0x00007fd7dd154c48 method=java.lang.String.indexOf(II)I @ 49
Event: 2.365 Thread 0x00007fd7ec14e000 Uncommon trap: reason=unstable_if action=reinterpret pc=0x00007fd7dd1d4f2c method=java.util.BitSet.nextSetBit(I)I @ 87

Internal exceptions (2 events):
Event: 0.145 Thread 0x00007fd7ec00a000 Exception <a 'java/lang/NoSuchMethodError': Method sun.misc.Unsafe.defineClass(Ljava/lang/String;[BII)Ljava/lang/Class; name or signature does not match> (0x00000000eab07cc0) thrown at [/HUDSON/workspace/8-2-build-linux-amd64/jdk8u92/6642/hotspot/src/shar
Event: 0.145 Thread 0x00007fd7ec00a000 Exception <a 'java/lang/NoSuchMethodError': Method sun.misc.Unsafe.prefetchRead(Ljava/lang/Object;J)V name or signature does not match> (0x00000000eab07fa8) thrown at [/HUDSON/workspace/8-2-build-linux-amd64/jdk8u92/6642/hotspot/src/share/vm/prims/jni.cpp

Events (10 events):
Event: 2.249 loading class com/android/dx/cf/attrib/AttConstantValue done
Event: 2.271 loading class com/android/dx/cf/code/Ropper$ExceptionHandlerSetup
Event: 2.271 loading class com/android/dx/cf/code/Ropper$ExceptionHandlerSetup done
Event: 2.272 loading class java/util/HashMap$Values
Event: 2.272 loading class java/util/HashMap$Values done
Event: 2.304 loading class java/util/HashMap$ValueIterator
Event: 2.304 loading class java/util/HashMap$ValueIterator done
Event: 2.364 Thread 0x00007fd7ec14e000 Uncommon trap: trap_request=0xffffff65 fr.pc=0x00007fd7dd1d4f2c
Event: 2.365 Thread 0x00007fd7ec14e000 DEOPT PACKING pc=0x00007fd7dd1d4f2c sp=0x00007fd7cdbfa0b0
Event: 2.365 Thread 0x00007fd7ec14e000 DEOPT UNPACKING pc=0x00007fd7dd005229 sp=0x00007fd7cdbfa068 mode 2


Dynamic libraries:
00400000-00401000 r-xp 00000000 08:01 3149894                            /usr/lib/jvm/java-8-oracle/bin/java
00600000-00601000 rw-p 00000000 08:01 3149894                            /usr/lib/jvm/java-8-oracle/bin/java
01605000-01626000 rw-p 00000000 00:00 0                                  [heap]
c0000000-c3f00000 rw-p 00000000 00:00 0 
c3f00000-eab00000 ---p 00000000 00:00 0 
eab00000-eca00000 rw-p 00000000 00:00 0 
eca00000-100000000 ---p 00000000 00:00 0 
100000000-1000a0000 rw-p 00000000 00:00 0 
1000a0000-140000000 ---p 00000000 00:00 0 
7fd78c000000-7fd78c02c000 rw-p 00000000 00:00 0 
7fd78c02c000-7fd790000000 ---p 00000000 00:00 0 
7fd794000000-7fd79402a000 rw-p 00000000 00:00 0 
7fd79402a000-7fd798000000 ---p 00000000 00:00 0 
7fd798000000-7fd798021000 rw-p 00000000 00:00 0 
7fd798021000-7fd79c000000 ---p 00000000 00:00 0 
7fd79c000000-7fd79c021000 rw-p 00000000 00:00 0 
7fd79c021000-7fd7a0000000 ---p 00000000 00:00 0 
7fd7a0000000-7fd7a0021000 rw-p 00000000 00:00 0 
7fd7a0021000-7fd7a4000000 ---p 00000000 00:00 0 
7fd7a4000000-7fd7a4021000 rw-p 00000000 00:00 0 
7fd7a4021000-7fd7a8000000 ---p 00000000 00:00 0 
7fd7a8000000-7fd7a8021000 rw-p 00000000 00:00 0 
7fd7a8021000-7fd7ac000000 ---p 00000000 00:00 0 
7fd7ac000000-7fd7ac307000 rw-p 00000000 00:00 0 
7fd7ac307000-7fd7b0000000 ---p 00000000 00:00 0 
7fd7b0000000-7fd7b08a3000 rw-p 00000000 00:00 0 
7fd7b08a3000-7fd7b4000000 ---p 00000000 00:00 0 
7fd7b4000000-7fd7b4021000 rw-p 00000000 00:00 0 
7fd7b4021000-7fd7b8000000 ---p 00000000 00:00 0 
7fd7b8000000-7fd7b8561000 rw-p 00000000 00:00 0 
7fd7b8561000-7fd7bc000000 ---p 00000000 00:00 0 
7fd7bc000000-7fd7bc021000 rw-p 00000000 00:00 0 
7fd7bc021000-7fd7c0000000 ---p 00000000 00:00 0 
7fd7c0000000-7fd7c0021000 rw-p 00000000 00:00 0 
7fd7c0021000-7fd7c4000000 ---p 00000000 00:00 0 
7fd7c4000000-7fd7c4021000 rw-p 00000000 00:00 0 
7fd7c4021000-7fd7c8000000 ---p 00000000 00:00 0 
7fd7c8000000-7fd7c8021000 rw-p 00000000 00:00 0 
7fd7c8021000-7fd7cc000000 ---p 00000000 00:00 0 
7fd7cdafb000-7fd7cdafe000 ---p 00000000 00:00 0 
7fd7cdafe000-7fd7cdbfc000 rw-p 00000000 00:00 0                          [stack:4042]
7fd7cdbfc000-7fd7cdbff000 ---p 00000000 00:00 0 
7fd7cdbff000-7fd7cdcfd000 rw-p 00000000 00:00 0                          [stack:4040]
7fd7cdcfd000-7fd7cdd00000 ---p 00000000 00:00 0 
7fd7cdd00000-7fd7cddfe000 rw-p 00000000 00:00 0                          [stack:4038]
7fd7cddfe000-7fd7cde01000 ---p 00000000 00:00 0 
7fd7cde01000-7fd7cdeff000 rw-p 00000000 00:00 0                          [stack:4036]
7fd7cdeff000-7fd7cdf02000 ---p 00000000 00:00 0 
7fd7cdf02000-7fd7d0000000 rw-p 00000000 00:00 0                          [stack:4035]
7fd7d0000000-7fd7d0021000 rw-p 00000000 00:00 0 
7fd7d0021000-7fd7d4000000 ---p 00000000 00:00 0 
7fd7d4000000-7fd7d4021000 rw-p 00000000 00:00 0 
7fd7d4021000-7fd7d8000000 ---p 00000000 00:00 0 
7fd7d8000000-7fd7d8021000 rw-p 00000000 00:00 0 
7fd7d8021000-7fd7dc000000 ---p 00000000 00:00 0 
7fd7dc003000-7fd7dc004000 ---p 00000000 00:00 0 
7fd7dc004000-7fd7dc104000 rw-p 00000000 00:00 0                          [stack:4025]
7fd7dc104000-7fd7dc107000 ---p 00000000 00:00 0 
7fd7dc107000-7fd7dc205000 rw-p 00000000 00:00 0                          [stack:4024]
7fd7dc205000-7fd7dc208000 ---p 00000000 00:00 0 
7fd7dc208000-7fd7dc306000 rw-p 00000000 00:00 0                          [stack:4023]
7fd7dc306000-7fd7dc309000 ---p 00000000 00:00 0 
7fd7dc309000-7fd7dc407000 rw-p 00000000 00:00 0                          [stack:4022]
7fd7dc407000-7fd7dc40a000 ---p 00000000 00:00 0 
7fd7dc40a000-7fd7dc508000 rw-p 00000000 00:00 0                          [stack:4021]
7fd7dc508000-7fd7dc50b000 ---p 00000000 00:00 0 
7fd7dc50b000-7fd7dc609000 rw-p 00000000 00:00 0                          [stack:4020]
7fd7dc609000-7fd7dccfd000 r--p 00000000 08:01 2890341                    /usr/lib/locale/locale-archive
7fd7dccfd000-7fd7dcd00000 ---p 00000000 00:00 0 
7fd7dcd00000-7fd7dcdfe000 rw-p 00000000 00:00 0                          [stack:4015]
7fd7dcdfe000-7fd7dce01000 ---p 00000000 00:00 0 
7fd7dce01000-7fd7dceff000 rw-p 00000000 00:00 0                          [stack:4014]
7fd7dceff000-7fd7dcf00000 ---p 00000000 00:00 0 
7fd7dcf00000-7fd7dd000000 rw-p 00000000 00:00 0                          [stack:4011]
7fd7dd000000-7fd7dd270000 rwxp 00000000 00:00 0 
7fd7dd270000-7fd7ec000000 ---p 00000000 00:00 0 
7fd7ec000000-7fd7ec391000 rw-p 00000000 00:00 0 
7fd7ec391000-7fd7f0000000 ---p 00000000 00:00 0 
7fd7f0065000-7fd7f0074000 r--s 000df000 08:01 3938513                    /home/ahmed/Android/Sdk/build-tools/23.0.3/lib/dx.jar
7fd7f0074000-7fd7f1035000 rw-p 00000000 00:00 0 
7fd7f1035000-7fd7f120e000 r--s 03d24000 08:01 3673129                    /usr/lib/jvm/java-8-oracle/jre/lib/rt.jar
7fd7f120e000-7fd7f1884000 rw-p 00000000 00:00 0 
7fd7f1884000-7fd7f1a84000 ---p 00000000 00:00 0 
7fd7f1a84000-7fd7f1c84000 rw-p 00000000 00:00 0 
7fd7f1c84000-7fd7f1c85000 ---p 00000000 00:00 0 
7fd7f1c85000-7fd7f1d85000 rw-p 00000000 00:00 0                          [stack:4005]
7fd7f1d85000-7fd7f1d86000 ---p 00000000 00:00 0 
7fd7f1d86000-7fd7f1e86000 rw-p 00000000 00:00 0                          [stack:4003]
7fd7f1e86000-7fd7f1e87000 ---p 00000000 00:00 0 
7fd7f1e87000-7fd7f1f87000 rw-p 00000000 00:00 0                          [stack:4001]
7fd7f1f87000-7fd7f1f88000 ---p 00000000 00:00 0 
7fd7f1f88000-7fd7f20a8000 rw-p 00000000 00:00 0                          [stack:3999]
7fd7f20a8000-7fd7f21de000 ---p 00000000 00:00 0 
7fd7f21de000-7fd7f21fe000 rw-p 00000000 00:00 0 
7fd7f21fe000-7fd7f2333000 ---p 00000000 00:00 0 
7fd7f2333000-7fd7f2343000 rw-p 00000000 00:00 0 
7fd7f2343000-7fd7f23de000 ---p 00000000 00:00 0 
7fd7f23de000-7fd7f23e9000 rw-p 00000000 00:00 0 
7fd7f23e9000-7fd7f279f000 ---p 00000000 00:00 0 
7fd7f279f000-7fd7f27b9000 r-xp 00000000 08:01 3673013                    /usr/lib/jvm/java-8-oracle/jre/lib/amd64/libzip.so
7fd7f27b9000-7fd7f29b9000 ---p 0001a000 08:01 3673013                    /usr/lib/jvm/java-8-oracle/jre/lib/amd64/libzip.so
7fd7f29b9000-7fd7f29ba000 rw-p 0001a000 08:01 3673013                    /usr/lib/jvm/java-8-oracle/jre/lib/amd64/libzip.so
7fd7f29ba000-7fd7f29c5000 r-xp 00000000 08:01 7999873                    /lib/x86_64-linux-gnu/libnss_files-2.19.so
7fd7f29c5000-7fd7f2bc4000 ---p 0000b000 08:01 7999873                    /lib/x86_64-linux-gnu/libnss_files-2.19.so
7fd7f2bc4000-7fd7f2bc5000 r--p 0000a000 08:01 7999873                    /lib/x86_64-linux-gnu/libnss_files-2.19.so
7fd7f2bc5000-7fd7f2bc6000 rw-p 0000b000 08:01 7999873                    /lib/x86_64-linux-gnu/libnss_files-2.19.so
7fd7f2bc6000-7fd7f2bd1000 r-xp 00000000 08:01 7999865                    /lib/x86_64-linux-gnu/libnss_nis-2.19.so
7fd7f2bd1000-7fd7f2dd0000 ---p 0000b000 08:01 7999865                    /lib/x86_64-linux-gnu/libnss_nis-2.19.so
7fd7f2dd0000-7fd7f2dd1000 r--p 0000a000 08:01 7999865                    /lib/x86_64-linux-gnu/libnss_nis-2.19.so
7fd7f2dd1000-7fd7f2dd2000 rw-p 0000b000 08:01 7999865                    /lib/x86_64-linux-gnu/libnss_nis-2.19.so
7fd7f2dd2000-7fd7f2de9000 r-xp 00000000 08:01 7999861                    /lib/x86_64-linux-gnu/libnsl-2.19.so
7fd7f2de9000-7fd7f2fe8000 ---p 00017000 08:01 7999861                    /lib/x86_64-linux-gnu/libnsl-2.19.so
7fd7f2fe8000-7fd7f2fe9000 r--p 00016000 08:01 7999861                    /lib/x86_64-linux-gnu/libnsl-2.19.so
7fd7f2fe9000-7fd7f2fea000 rw-p 00017000 08:01 7999861                    /lib/x86_64-linux-gnu/libnsl-2.19.so
7fd7f2fea000-7fd7f2fec000 rw-p 00000000 00:00 0 
7fd7f2fec000-7fd7f2ff5000 r-xp 00000000 08:01 7999860                    /lib/x86_64-linux-gnu/libnss_compat-2.19.so
7fd7f2ff5000-7fd7f31f4000 ---p 00009000 08:01 7999860                    /lib/x86_64-linux-gnu/libnss_compat-2.19.so
7fd7f31f4000-7fd7f31f5000 r--p 00008000 08:01 7999860                    /lib/x86_64-linux-gnu/libnss_compat-2.19.so
7fd7f31f5000-7fd7f31f6000 rw-p 00009000 08:01 7999860                    /lib/x86_64-linux-gnu/libnss_compat-2.19.so
7fd7f31f6000-7fd7f3220000 r-xp 00000000 08:01 3672979                    /usr/lib/jvm/java-8-oracle/jre/lib/amd64/libjava.so
7fd7f3220000-7fd7f3420000 ---p 0002a000 08:01 3672979                    /usr/lib/jvm/java-8-oracle/jre/lib/amd64/libjava.so
7fd7f3420000-7fd7f3422000 rw-p 0002a000 08:01 3672979                    /usr/lib/jvm/java-8-oracle/jre/lib/amd64/libjava.so
7fd7f3422000-7fd7f342f000 r-xp 00000000 08:01 3673019                    /usr/lib/jvm/java-8-oracle/jre/lib/amd64/libverify.so
7fd7f342f000-7fd7f362f000 ---p 0000d000 08:01 3673019                    /usr/lib/jvm/java-8-oracle/jre/lib/amd64/libverify.so
7fd7f362f000-7fd7f3631000 rw-p 0000d000 08:01 3673019                    /usr/lib/jvm/java-8-oracle/jre/lib/amd64/libverify.so
7fd7f3631000-7fd7f3638000 r-xp 00000000 08:01 7999869                    /lib/x86_64-linux-gnu/librt-2.19.so
7fd7f3638000-7fd7f3837000 ---p 00007000 08:01 7999869                    /lib/x86_64-linux-gnu/librt-2.19.so
7fd7f3837000-7fd7f3838000 r--p 00006000 08:01 7999869                    /lib/x86_64-linux-gnu/librt-2.19.so
7fd7f3838000-7fd7f3839000 rw-p 00007000 08:01 7999869                    /lib/x86_64-linux-gnu/librt-2.19.so
7fd7f3839000-7fd7f393e000 r-xp 00000000 08:01 7996506                    /lib/x86_64-linux-gnu/libm-2.19.so
7fd7f393e000-7fd7f3b3d000 ---p 00105000 08:01 7996506                    /lib/x86_64-linux-gnu/libm-2.19.so
7fd7f3b3d000-7fd7f3b3e000 r--p 00104000 08:01 7996506                    /lib/x86_64-linux-gnu/libm-2.19.so
7fd7f3b3e000-7fd7f3b3f000 rw-p 00105000 08:01 7996506                    /lib/x86_64-linux-gnu/libm-2.19.so
7fd7f3b3f000-7fd7f4802000 r-xp 00000000 08:01 3672995                    /usr/lib/jvm/java-8-oracle/jre/lib/amd64/server/libjvm.so
7fd7f4802000-7fd7f4a01000 ---p 00cc3000 08:01 3672995                    /usr/lib/jvm/java-8-oracle/jre/lib/amd64/server/libjvm.so
7fd7f4a01000-7fd7f4ada000 rw-p 00cc2000 08:01 3672995                    /usr/lib/jvm/java-8-oracle/jre/lib/amd64/server/libjvm.so
7fd7f4ada000-7fd7f4b25000 rw-p 00000000 00:00 0 
7fd7f4b25000-7fd7f4ce0000 r-xp 00000000 08:01 7999870                    /lib/x86_64-linux-gnu/libc-2.19.so
7fd7f4ce0000-7fd7f4edf000 ---p 001bb000 08:01 7999870                    /lib/x86_64-linux-gnu/libc-2.19.so
7fd7f4edf000-7fd7f4ee3000 r--p 001ba000 08:01 7999870                    /lib/x86_64-linux-gnu/libc-2.19.so
7fd7f4ee3000-7fd7f4ee5000 rw-p 001be000 08:01 7999870                    /lib/x86_64-linux-gnu/libc-2.19.so
7fd7f4ee5000-7fd7f4eea000 rw-p 00000000 00:00 0 
7fd7f4eea000-7fd7f4eed000 r-xp 00000000 08:01 7999547                    /lib/x86_64-linux-gnu/libdl-2.19.so
7fd7f4eed000-7fd7f50ec000 ---p 00003000 08:01 7999547                    /lib/x86_64-linux-gnu/libdl-2.19.so
7fd7f50ec000-7fd7f50ed000 r--p 00002000 08:01 7999547                    /lib/x86_64-linux-gnu/libdl-2.19.so
7fd7f50ed000-7fd7f50ee000 rw-p 00003000 08:01 7999547                    /lib/x86_64-linux-gnu/libdl-2.19.so
7fd7f50ee000-7fd7f5103000 r-xp 00000000 08:01 4216895                    /usr/lib/jvm/java-8-oracle/lib/amd64/jli/libjli.so
7fd7f5103000-7fd7f5303000 ---p 00015000 08:01 4216895                    /usr/lib/jvm/java-8-oracle/lib/amd64/jli/libjli.so
7fd7f5303000-7fd7f5304000 rw-p 00015000 08:01 4216895                    /usr/lib/jvm/java-8-oracle/lib/amd64/jli/libjli.so
7fd7f5304000-7fd7f531d000 r-xp 00000000 08:01 7999862                    /lib/x86_64-linux-gnu/libpthread-2.19.so
7fd7f531d000-7fd7f551c000 ---p 00019000 08:01 7999862                    /lib/x86_64-linux-gnu/libpthread-2.19.so
7fd7f551c000-7fd7f551d000 r--p 00018000 08:01 7999862                    /lib/x86_64-linux-gnu/libpthread-2.19.so
7fd7f551d000-7fd7f551e000 rw-p 00019000 08:01 7999862                    /lib/x86_64-linux-gnu/libpthread-2.19.so
7fd7f551e000-7fd7f5522000 rw-p 00000000 00:00 0 
7fd7f5522000-7fd7f5545000 r-xp 00000000 08:01 7999863                    /lib/x86_64-linux-gnu/ld-2.19.so
7fd7f554d000-7fd7f5626000 rw-p 00000000 00:00 0 
7fd7f5626000-7fd7f5629000 ---p 00000000 00:00 0 
7fd7f5629000-7fd7f572b000 rw-p 00000000 00:00 0                          [stack:3997]
7fd7f5733000-7fd7f5735000 rw-p 00000000 00:00 0 
7fd7f5735000-7fd7f5738000 r--s 00011000 08:01 7209099                    /home/ahmed/AndroidStudioProjects/PharmaMeter/app/build/intermediates/exploded-aar/com.google.android.gms/play-services-appindexing/8.4.0/jars/classes.jar
7fd7f5738000-7fd7f5740000 rw-s 00000000 08:01 12846724                   /tmp/hsperfdata_ahmed/3995
7fd7f5740000-7fd7f5741000 rw-p 00000000 00:00 0 
7fd7f5741000-7fd7f5742000 ---p 00000000 00:00 0 
7fd7f5742000-7fd7f5744000 rw-p 00000000 00:00 0 
7fd7f5744000-7fd7f5745000 r--p 00022000 08:01 7999863                    /lib/x86_64-linux-gnu/ld-2.19.so
7fd7f5745000-7fd7f5746000 rw-p 00023000 08:01 7999863                    /lib/x86_64-linux-gnu/ld-2.19.so
7fd7f5746000-7fd7f5747000 rw-p 00000000 00:00 0 
7fff476f9000-7fff4771b000 rw-p 00000000 00:00 0                          [stack]
7fff47724000-7fff47726000 r--p 00000000 00:00 0                          [vvar]
7fff47726000-7fff47728000 r-xp 00000000 00:00 0                          [vdso]
ffffffffff600000-ffffffffff601000 r-xp 00000000 00:00 0                  [vsyscall]

VM Arguments:
jvm_args: -Djava.awt.headless=true -Xmx1024M -Dfile.encoding=UTF-8 -Duser.country=US -Duser.language=en -Duser.variant 
java_command: com.android.dx.command.Main --dex --force-jumbo --num-threads=4 --multi-dex --output /home/ahmed/AndroidStudioProjects/PharmaMeter/app/build/intermediates/transforms/dex/debug/folders/1000/10/com.google.android.gms-play-services-appindexing-8.4.0_8c71ed0f74b0fde787bdc70ec3c0f5e112b6e2b5 /home/ahmed/AndroidStudioProjects/PharmaMeter/app/build/intermediates/exploded-aar/com.google.android.gms/play-services-appindexing/8.4.0/jars/classes.jar
java_class_path (initial): /home/ahmed/Android/Sdk/build-tools/23.0.3/lib/dx.jar
Launcher Type: SUN_STANDARD

Environment Variables:
PATH=/usr/local/sbin:/usr/local/bin:/usr/sbin:/usr/bin:/sbin:/bin:/usr/games:/usr/local/games
LD_LIBRARY_PATH=.:
SHELL=/bin/bash
DISPLAY=:0

Signal Handlers:
SIGSEGV: [libjvm.so+0xabdee0], sa_mask[0]=11111111011111111101111111111110, sa_flags=SA_RESTART|SA_SIGINFO
SIGBUS: [libjvm.so+0xabdee0], sa_mask[0]=11111111011111111101111111111110, sa_flags=SA_RESTART|SA_SIGINFO
SIGFPE: [libjvm.so+0x91a580], sa_mask[0]=11111111011111111101111111111110, sa_flags=SA_RESTART|SA_SIGINFO
SIGPIPE: [libjvm.so+0x91a580], sa_mask[0]=11111111011111111101111111111110, sa_flags=SA_RESTART|SA_SIGINFO
SIGXFSZ: [libjvm.so+0x91a580], sa_mask[0]=11111111011111111101111111111110, sa_flags=SA_RESTART|SA_SIGINFO
SIGILL: [libjvm.so+0x91a580], sa_mask[0]=11111111011111111101111111111110, sa_flags=SA_RESTART|SA_SIGINFO
SIGUSR1: SIG_DFL, sa_mask[0]=00000000000000000000000000000000, sa_flags=none
SIGUSR2: [libjvm.so+0x91bbb0], sa_mask[0]=00100000000000000000000000000000, sa_flags=SA_RESTART|SA_SIGINFO
SIGHUP: [libjvm.so+0x91cfb0], sa_mask[0]=11111111011111111101111111111110, sa_flags=SA_RESTART|SA_SIGINFO
SIGINT: [libjvm.so+0x91cfb0], sa_mask[0]=11111111011111111101111111111110, sa_flags=SA_RESTART|SA_SIGINFO
SIGTERM: [libjvm.so+0x91cfb0], sa_mask[0]=11111111011111111101111111111110, sa_flags=SA_RESTART|SA_SIGINFO
SIGQUIT: [libjvm.so+0x91cfb0], sa_mask[0]=11111111011111111101111111111110, sa_flags=SA_RESTART|SA_SIGINFO


---------------  S Y S T E M  ---------------

OS:DISTRIB_ID=Ubuntu
DISTRIB_RELEASE=14.04
DISTRIB_CODENAME=trusty
DISTRIB_DESCRIPTION="Ubuntu 14.04.3 LTS"

uname:Linux 3.19.0-25-generic #26~14.04.1-Ubuntu SMP Fri Jul 24 21:16:20 UTC 2015 x86_64
libc:glibc 2.19 NPTL 2.19 
rlimit: STACK 8192k, CORE 0k, NPROC 23487, NOFILE 4096, AS infinity
load average:9.78 5.33 3.69

/proc/meminfo:
MemTotal:        6043508 kB
MemFree:          932168 kB
MemAvailable:    1752144 kB
Buffers:           68648 kB
Cached:          1138464 kB
SwapCached:        20848 kB
Active:          3519472 kB
Inactive:        1360088 kB
Active(anon):    2984536 kB
Inactive(anon):   943472 kB
Active(file):     534936 kB
Inactive(file):   416616 kB
Unevictable:          48 kB
Mlocked:              48 kB
SwapTotal:       6213628 kB
SwapFree:        5746276 kB
Dirty:             47488 kB
Writeback:          6740 kB
AnonPages:       3665180 kB
Mapped:           392780 kB
Shmem:            255560 kB
Slab:             118768 kB
SReclaimable:      74704 kB
SUnreclaim:        44064 kB
KernelStack:       12896 kB
PageTables:        50560 kB
NFS_Unstable:          0 kB
Bounce:                0 kB
WritebackTmp:          0 kB
CommitLimit:     9235380 kB
Committed_AS:    9105852 kB
VmallocTotal:   34359738367 kB
VmallocUsed:      553764 kB
VmallocChunk:   34359181212 kB
HardwareCorrupted:     0 kB
AnonHugePages:   2351104 kB
CmaTotal:              0 kB
CmaFree:               0 kB
HugePages_Total:       0
HugePages_Free:        0
HugePages_Rsvd:        0
HugePages_Surp:        0
Hugepagesize:       2048 kB
DirectMap4k:      283128 kB
DirectMap2M:     5941248 kB


CPU:total 4 (2 cores per cpu, 2 threads per core) family 6 model 42 stepping 7, cmov, cx8, fxsr, mmx, sse, sse2, sse3, ssse3, sse4.1, sse4.2, popcnt, avx, clmul, ht, tsc, tscinvbit

/proc/cpuinfo:
processor	: 0
vendor_id	: GenuineIntel
cpu family	: 6
model		: 42
model name	: Intel(R) Core(TM) i3-2310M CPU @ 2.10GHz
stepping	: 7
microcode	: 0x14
cpu MHz		: 2100.000
cache size	: 3072 KB
physical id	: 0
siblings	: 4
core id		: 0
cpu cores	: 2
apicid		: 0
initial apicid	: 0
fpu		: yes
fpu_exception	: yes
cpuid level	: 13
wp		: yes
flags		: fpu vme de pse tsc msr pae mce cx8 apic sep mtrr pge mca cmov pat pse36 clflush dts acpi mmx fxsr sse sse2 ss ht tm pbe syscall nx rdtscp lm constant_tsc arch_perfmon pebs bts rep_good nopl xtopology nonstop_tsc aperfmperf eagerfpu pni pclmulqdq dtes64 monitor ds_cpl vmx est tm2 ssse3 cx16 xtpr pdcm pcid sse4_1 sse4_2 x2apic popcnt tsc_deadline_timer xsave avx lahf_lm arat epb pln pts dtherm tpr_shadow vnmi flexpriority ept vpid xsaveopt
bugs		:
bogomips	: 4190.34
clflush size	: 64
cache_alignment	: 64
address sizes	: 36 bits physical, 48 bits virtual
power management:

processor	: 1
vendor_id	: GenuineIntel
cpu family	: 6
model		: 42
model name	: Intel(R) Core(TM) i3-2310M CPU @ 2.10GHz
stepping	: 7
microcode	: 0x14
cpu MHz		: 2099.917
cache size	: 3072 KB
physical id	: 0
siblings	: 4
core id		: 0
cpu cores	: 2
apicid		: 1
initial apicid	: 1
fpu		: yes
fpu_exception	: yes
cpuid level	: 13
wp		: yes
flags		: fpu vme de pse tsc msr pae mce cx8 apic sep mtrr pge mca cmov pat pse36 clflush dts acpi mmx fxsr sse sse2 ss ht tm pbe syscall nx rdtscp lm constant_tsc arch_perfmon pebs bts rep_good nopl xtopology nonstop_tsc aperfmperf eagerfpu pni pclmulqdq dtes64 monitor ds_cpl vmx est tm2 ssse3 cx16 xtpr pdcm pcid sse4_1 sse4_2 x2apic popcnt tsc_deadline_timer xsave avx lahf_lm arat epb pln pts dtherm tpr_shadow vnmi flexpriority ept vpid xsaveopt
bugs		:
bogomips	: 4190.34
clflush size	: 64
cache_alignment	: 64
address sizes	: 36 bits physical, 48 bits virtual
power management:

processor	: 2
vendor_id	: GenuineIntel
cpu family	: 6
model		: 42
model name	: Intel(R) Core(TM) i3-2310M CPU @ 2.10GHz
stepping	: 7
microcode	: 0x14
cpu MHz		: 2100.000
cache size	: 3072 KB
physical id	: 0
siblings	: 4
core id		: 1
cpu cores	: 2
apicid		: 2
initial apicid	: 2
fpu		: yes
fpu_exception	: yes
cpuid level	: 13
wp		: yes
flags		: fpu vme de pse tsc msr pae mce cx8 apic sep mtrr pge mca cmov pat pse36 clflush dts acpi mmx fxsr sse sse2 ss ht tm pbe syscall nx rdtscp lm constant_tsc arch_perfmon pebs bts rep_good nopl xtopology nonstop_tsc aperfmperf eagerfpu pni pclmulqdq dtes64 monitor ds_cpl vmx est tm2 ssse3 cx16 xtpr pdcm pcid sse4_1 sse4_2 x2apic popcnt tsc_deadline_timer xsave avx lahf_lm arat epb pln pts dtherm tpr_shadow vnmi flexpriority ept vpid xsaveopt
bugs		:
bogomips	: 4190.34
clflush size	: 64
cache_alignment	: 64
address sizes	: 36 bits physical, 48 bits virtual
power management:

processor	: 3
vendor_id	: GenuineIntel
cpu family	: 6
model		: 42
model name	: Intel(R) Core(TM) i3-2310M CPU @ 2.10GHz
stepping	: 7
microcode	: 0x14
cpu MHz		: 2100.000
cache size	: 3072 KB
physical id	: 0
siblings	: 4
core id		: 1
cpu cores	: 2
apicid		: 3
initial apicid	: 3
fpu		: yes
fpu_exception	: yes
cpuid level	: 13
wp		: yes
flags		: fpu vme de pse tsc msr pae mce cx8 apic sep mtrr pge mca cmov pat pse36 clflush dts acpi mmx fxsr sse sse2 ss ht tm pbe syscall nx rdtscp lm constant_tsc arch_perfmon pebs bts rep_good nopl xtopology nonstop_tsc aperfmperf eagerfpu pni pclmulqdq dtes64 monitor ds_cpl vmx est tm2 ssse3 cx16 xtpr pdcm pcid sse4_1 sse4_2 x2apic popcnt tsc_deadline_timer xsave avx lahf_lm arat epb pln pts dtherm tpr_shadow vnmi flexpriority ept vpid xsaveopt
bugs		:
bogomips	: 4190.34
clflush size	: 64
cache_alignment	: 64
address sizes	: 36 bits physical, 48 bits virtual
power management:



Memory: 4k page, physical 6043508k(932168k free), swap 6213628k(5746276k free)

vm_info: Java HotSpot(TM) 64-Bit Server VM (25.92-b14) for linux-amd64 JRE (1.8.0_92-b14), built on Mar 31 2016 21:08:29 by "java_re" with gcc 4.3.0 20080428 (Red Hat 4.3.0-8)

time: Tue Apr 26 16:46:20 2016
elapsed time: 3 seconds (0d 0h 0m 3s)

