#
# A fatal error has been detected by the Java Runtime Environment:
#
#  SIGSEGV (0xb) at pc=0x00007f491e20bc33, pid=12051, tid=139951516518144
#
# JRE version: Java(TM) SE Runtime Environment (8.0_91-b14) (build 1.8.0_91-b14)
# Java VM: Java HotSpot(TM) 64-Bit Server VM (25.91-b14 mixed mode linux-amd64 compressed oops)
# Problematic frame:
# V  [libjvm.so+0x56cc33]  PhaseIdealLoop::Dominators()+0x553
#
# Failed to write core dump. Core dumps have been disabled. To enable core dumping, try "ulimit -c unlimited" before starting Java again
#
# If you would like to submit a bug report, please visit:
#   http://bugreport.java.com/bugreport/crash.jsp
#

---------------  T H R E A D  ---------------

Current thread (0x00007f49180b9800):  JavaThread "C2 CompilerThread0" daemon [_thread_in_native, id=12079, stack(0x00007f49005d8000,0x00007f49006d9000)]

siginfo: si_signo: 11 (SIGSEGV), si_code: 2 (SEGV_ACCERR), si_addr: 0x00007f48d45cf3f8

Registers:
RAX=0x00007f48d45cf3d0, RBX=0x00007f48e079c440, RCX=0x0000000000000b54, RDX=0x00007f48e04fd880
RSP=0x00007f49006d3d10, RBP=0x00007f49006d3dd0, RSI=0x00007f48e07cb9c0, RDI=0x00007f48e07ea230
R8 =0x00007f48e07cba10, R9 =0x00007f48e079c490, R10=0x00007f48e06fc4e0, R11=0x00007f48e07ea190
R12=0x00007f48e079c440, R13=0x0000000000000002, R14=0x0000000000000000, R15=0x0000000000000055
RIP=0x00007f491e20bc33, EFLAGS=0x0000000000010206, CSGSFS=0x0000000000000033, ERR=0x0000000000000004
  TRAPNO=0x000000000000000e

Top of Stack: (sp=0x00007f49006d3d10)
0x00007f49006d3d10:   0000000000014060 00007f48e079c440
0x00007f49006d3d20:   00007f49006d55a0 00007f48e079c3f0
0x00007f49006d3d30:   00007f48e0525940 00000f941df7eb74
0x00007f49006d3d40:   00007f48d40f46e0 00007f48e0758450
0x00007f49006d3d50:   00007f48e076c4b0 00007f48e076c4b0
0x00007f49006d3d60:   00007f49180ba1c0 0000000000258880
0x00007f49006d3d70:   00007f49006d3dd0 00007f48e079c440
0x00007f49006d3d80:   00007f491ebfd690 00007f49180ba1c0
0x00007f49006d3d90:   00007f4900000400 00007f48d80ea0f0
0x00007f49006d3da0:   00007f49006d54e0 00007f48e009b6f0
0x00007f49006d3db0:   00007f49180ba1c0 00007f49006d55a0
0x00007f49006d3dc0:   0000000000000000 00007f49180ba1c0
0x00007f49006d3dd0:   00007f49006d40f0 00007f491e4b6f25
0x00007f49006d3de0:   00007f49006d4030 00007f49006d40a0
0x00007f49006d3df0:   00007f49006d4060 00007f49006d3ee0
0x00007f49006d3e00:   00007f49006d55c0 00007f4900000002
0x00007f49006d3e10:   00007f49180ba1c0 00007f4900000004
0x00007f49006d3e20:   00007f48d8488fd0 00007f4900000000
0x00007f49006d3e30:   00007f49006d3f50 00007f49006d3f30
0x00007f49006d3e40:   00007f49006d3f10 00007f49006d6d50
0x00007f49006d3e50:   000021cad8459a00 0000000000040010
0x00007f49006d3e60:   ffff80b6ff92c121 00007f4800004002
0x00007f49006d3e70:   0000000000001000 0000000000001030
0x00007f49006d3e80:   00007f49006d3ee0 0000000000000200
0x00007f49006d3e90:   0000025b006d3f00 0000000000000040
0x00007f49006d3ea0:   0000000000000008 0000007f000000ae
0x00007f49006d3eb0:   0000000000000001 00007f49006d3edf
0x00007f49006d3ec0:   00007f49180ba1c0 00007f4900000400
0x00007f49006d3ed0:   00007f480000007d 00007f4900000000
0x00007f49006d3ee0:   00007f491ebfd690 00007f49180ba1c0
0x00007f49006d3ef0:   00007f4900000400 00007f48d403fc80
0x00007f49006d3f00:   0000000000000000 00007f48e0000020 

Instructions: (pc=0x00007f491e20bc33)
0x00007f491e20bc13:   ff ff 83 e8 02 49 83 c0 50 48 8d 04 80 48 c1 e0
0x00007f491e20bc23:   04 48 8d bc 01 a0 00 00 00 eb 32 66 90 49 8b 00
0x00007f491e20bc33:   8b 48 28 48 8b 85 50 ff ff ff 48 8b 90 f0 09 00
0x00007f491e20bc43:   00 48 8b 06 48 89 04 ca 48 8b 46 40 4c 89 46 40 

Register to memory mapping:

RAX=0x00007f48d45cf3d0 is an unknown value
RBX=0x00007f48e079c440 is an unknown value
RCX=0x0000000000000b54 is an unknown value
RDX=0x00007f48e04fd880 is an unknown value
RSP=0x00007f49006d3d10 is pointing into the stack for thread: 0x00007f49180b9800
RBP=0x00007f49006d3dd0 is pointing into the stack for thread: 0x00007f49180b9800
RSI=0x00007f48e07cb9c0 is an unknown value
RDI=0x00007f48e07ea230 is an unknown value
R8 =0x00007f48e07cba10 is an unknown value
R9 =0x00007f48e079c490 is an unknown value
R10=0x00007f48e06fc4e0 is an unknown value
R11=0x00007f48e07ea190 is an unknown value
R12=0x00007f48e079c440 is an unknown value
R13=0x0000000000000002 is an unknown value
R14=0x0000000000000000 is an unknown value
R15=0x0000000000000055 is an unknown value


Stack: [0x00007f49005d8000,0x00007f49006d9000],  sp=0x00007f49006d3d10,  free space=1007k
Native frames: (J=compiled Java code, j=interpreted, Vv=VM code, C=native code)
V  [libjvm.so+0x56cc33]  PhaseIdealLoop::Dominators()+0x553
V  [libjvm.so+0x817f25]  PhaseIdealLoop::build_and_optimize(bool, bool)+0x425
V  [libjvm.so+0x4a26d6]  Compile::Optimize()+0x686
V  [libjvm.so+0x4a3fea]  Compile::Compile(ciEnv*, C2Compiler*, ciMethod*, int, bool, bool, bool)+0x13ca
V  [libjvm.so+0x3f1818]  C2Compiler::compile_method(ciEnv*, ciMethod*, int)+0x198
V  [libjvm.so+0x4ae4da]  CompileBroker::invoke_compiler_on_method(CompileTask*)+0xc9a
V  [libjvm.so+0x4af486]  CompileBroker::compiler_thread_loop()+0x5d6
V  [libjvm.so+0xa6b77f]  JavaThread::thread_main_inner()+0xdf
V  [libjvm.so+0xa6b8ac]  JavaThread::run()+0x11c
V  [libjvm.so+0x91ef78]  java_start(Thread*)+0x108
C  [libpthread.so.0+0x8182]  start_thread+0xc2


Current CompileTask:
C2:   9020 1546   !   4       com.android.dx.cf.code.BytecodeArray::parseInstruction (2764 bytes)


---------------  P R O C E S S  ---------------

Java Threads: ( => current thread )
  0x00007f4918140800 JavaThread "pool-2-thread-4" [_thread_in_vm, id=12093, stack(0x00007f48fbbfc000,0x00007f48fbcfd000)]
  0x00007f491813f000 JavaThread "pool-2-thread-3" [_thread_in_Java, id=12092, stack(0x00007f48fbcfd000,0x00007f48fbdfe000)]
  0x00007f491813e000 JavaThread "pool-2-thread-2" [_thread_in_Java, id=12091, stack(0x00007f48fbdfe000,0x00007f48fbeff000)]
  0x00007f491813c000 JavaThread "pool-3-thread-1" [_thread_blocked, id=12090, stack(0x00007f48fbeff000,0x00007f48fc000000)]
  0x00007f4918139800 JavaThread "pool-2-thread-1" [_thread_in_Java, id=12088, stack(0x00007f49000c9000,0x00007f49001ca000)]
  0x00007f49180c1800 JavaThread "Service Thread" daemon [_thread_blocked, id=12082, stack(0x00007f49002d5000,0x00007f49003d6000)]
  0x00007f49180be800 JavaThread "C1 CompilerThread2" daemon [_thread_in_native, id=12081, stack(0x00007f49003d6000,0x00007f49004d7000)]
  0x00007f49180bc800 JavaThread "C2 CompilerThread1" daemon [_thread_in_native, id=12080, stack(0x00007f49004d7000,0x00007f49005d8000)]
=>0x00007f49180b9800 JavaThread "C2 CompilerThread0" daemon [_thread_in_native, id=12079, stack(0x00007f49005d8000,0x00007f49006d9000)]
  0x00007f49180b8000 JavaThread "Signal Dispatcher" daemon [_thread_blocked, id=12078, stack(0x00007f49006d9000,0x00007f49007da000)]
  0x00007f4918084000 JavaThread "Finalizer" daemon [_thread_blocked, id=12070, stack(0x00007f4900ece000,0x00007f4900fcf000)]
  0x00007f491807f800 JavaThread "Reference Handler" daemon [_thread_blocked, id=12068, stack(0x00007f4900fcf000,0x00007f49010d0000)]
  0x00007f491800a000 JavaThread "main" [_thread_in_Java, id=12054, stack(0x00007f491f77e000,0x00007f491f87f000)]

Other Threads:
  0x00007f4918078000 VMThread [stack: 0x00007f49010d0000,0x00007f49011d1000] [id=12066]
  0x00007f49180c4800 WatcherThread [stack: 0x00007f49001d4000,0x00007f49002d5000] [id=12083]

VM state:not at safepoint (normal execution)

VM Mutex/Monitor currently owned by a thread: None

Heap:
 PSYoungGen      total 52736K, used 47257K [0x00000000eab00000, 0x00000000f2200000, 0x0000000100000000)
  eden space 49152K, 88% used [0x00000000eab00000,0x00000000ed5ada48,0x00000000edb00000)
  from space 3584K, 99% used [0x00000000edb00000,0x00000000ede78b40,0x00000000ede80000)
  to   space 11776K, 0% used [0x00000000f1680000,0x00000000f1680000,0x00000000f2200000)
 ParOldGen       total 64512K, used 20019K [0x00000000c0000000, 0x00000000c3f00000, 0x00000000eab00000)
  object space 64512K, 31% used [0x00000000c0000000,0x00000000c138cc40,0x00000000c3f00000)
 Metaspace       used 6074K, capacity 7000K, committed 7168K, reserved 1056768K
  class space    used 613K, capacity 656K, committed 768K, reserved 1048576K

Card table byte_map: [0x00007f491c33e000,0x00007f491c53f000] byte_map_base: 0x00007f491bd3e000

Marking Bits: (ParMarkBitMap*) 0x00007f491ec55d60
 Begin Bits: [0x00007f4902000000, 0x00007f4903000000)
 End Bits:   [0x00007f4903000000, 0x00007f4904000000)

Polling page: 0x00007f491f89e000

CodeCache: size=245760Kb used=5211Kb max_used=5211Kb free=240548Kb
 bounds [0x00007f4909000000, 0x00007f4909520000, 0x00007f4918000000]
 total_blobs=1550 nmethods=1282 adapters=182
 compilation: enabled

Compilation events (10 events):
Event: 8.844 Thread 0x00007f49180be800 nmethod 1719% 0x00007f490950c290 code [0x00007f490950c520, 0x00007f490950d6e8]
Event: 8.844 Thread 0x00007f49180be800 1710 %     3       com.android.dx.ssa.DomFront::buildDomTree @ 10 (72 bytes)
Event: 8.846 Thread 0x00007f49180be800 nmethod 1710% 0x00007f490950df90 code [0x00007f490950e200, 0x00007f490950f0e8]
Event: 8.846 Thread 0x00007f49180be800 1707       3       com.android.dx.util.BitIntSet::merge (148 bytes)
Event: 8.940 Thread 0x00007f49180be800 nmethod 1707 0x00007f490950fb50 code [0x00007f490950fe00, 0x00007f4909510fc8]
Event: 8.940 Thread 0x00007f49180be800 1724       3       com.android.dx.cf.code.RopperMachine::getSources (264 bytes)
Event: 8.984 Thread 0x00007f49180be800 nmethod 1724 0x00007f4909511950 code [0x00007f4909511f40, 0x00007f49095167d8]
Event: 8.984 Thread 0x00007f49180be800 1746       3       com.android.dx.ssa.DeadCodeRemover::isCircularNoSideEffect (140 bytes)
Event: 8.986 Thread 0x00007f49180be800 nmethod 1746 0x00007f4909519ad0 code [0x00007f4909519d60, 0x00007f490951ae28]
Event: 8.986 Thread 0x00007f49180be800 1725       3       com.android.dx.ssa.SsaRenamer::setNameForSsaReg (54 bytes)

GC Heap History (10 events):
Event: 2.911 GC heap before
{Heap before GC invocations=1 (full 0):
 PSYoungGen      total 28160K, used 24576K [0x00000000eab00000, 0x00000000eca00000, 0x0000000100000000)
  eden space 24576K, 100% used [0x00000000eab00000,0x00000000ec300000,0x00000000ec300000)
  from space 3584K, 0% used [0x00000000ec680000,0x00000000ec680000,0x00000000eca00000)
  to   space 3584K, 0% used [0x00000000ec300000,0x00000000ec300000,0x00000000ec680000)
 ParOldGen       total 64512K, used 0K [0x00000000c0000000, 0x00000000c3f00000, 0x00000000eab00000)
  object space 64512K, 0% used [0x00000000c0000000,0x00000000c0000000,0x00000000c3f00000)
 Metaspace       used 5715K, capacity 6704K, committed 6784K, reserved 1056768K
  class space    used 591K, capacity 616K, committed 640K, reserved 1048576K
Event: 2.931 GC heap after
Heap after GC invocations=1 (full 0):
 PSYoungGen      total 28160K, used 3571K [0x00000000eab00000, 0x00000000eca00000, 0x0000000100000000)
  eden space 24576K, 0% used [0x00000000eab00000,0x00000000eab00000,0x00000000ec300000)
  from space 3584K, 99% used [0x00000000ec300000,0x00000000ec67ce70,0x00000000ec680000)
  to   space 3584K, 0% used [0x00000000ec680000,0x00000000ec680000,0x00000000eca00000)
 ParOldGen       total 64512K, used 1135K [0x00000000c0000000, 0x00000000c3f00000, 0x00000000eab00000)
  object space 64512K, 1% used [0x00000000c0000000,0x00000000c011bcf8,0x00000000c3f00000)
 Metaspace       used 5715K, capacity 6704K, committed 6784K, reserved 1056768K
  class space    used 591K, capacity 616K, committed 640K, reserved 1048576K
}
Event: 4.113 GC heap before
{Heap before GC invocations=2 (full 0):
 PSYoungGen      total 28160K, used 28147K [0x00000000eab00000, 0x00000000eca00000, 0x0000000100000000)
  eden space 24576K, 100% used [0x00000000eab00000,0x00000000ec300000,0x00000000ec300000)
  from space 3584K, 99% used [0x00000000ec300000,0x00000000ec67ce70,0x00000000ec680000)
  to   space 3584K, 0% used [0x00000000ec680000,0x00000000ec680000,0x00000000eca00000)
 ParOldGen       total 64512K, used 1135K [0x00000000c0000000, 0x00000000c3f00000, 0x00000000eab00000)
  object space 64512K, 1% used [0x00000000c0000000,0x00000000c011bcf8,0x00000000c3f00000)
 Metaspace       used 5831K, capacity 6832K, committed 7040K, reserved 1056768K
  class space    used 593K, capacity 616K, committed 640K, reserved 1048576K
Event: 4.173 GC heap after
Heap after GC invocations=2 (full 0):
 PSYoungGen      total 28160K, used 3565K [0x00000000eab00000, 0x00000000ee200000, 0x0000000100000000)
  eden space 24576K, 0% used [0x00000000eab00000,0x00000000eab00000,0x00000000ec300000)
  from space 3584K, 99% used [0x00000000ec680000,0x00000000ec9fb6f8,0x00000000eca00000)
  to   space 3584K, 0% used [0x00000000ec300000,0x00000000ec300000,0x00000000ec680000)
 ParOldGen       total 64512K, used 4882K [0x00000000c0000000, 0x00000000c3f00000, 0x00000000eab00000)
  object space 64512K, 7% used [0x00000000c0000000,0x00000000c04c49c0,0x00000000c3f00000)
 Metaspace       used 5831K, capacity 6832K, committed 7040K, reserved 1056768K
  class space    used 593K, capacity 616K, committed 640K, reserved 1048576K
}
Event: 5.221 GC heap before
{Heap before GC invocations=3 (full 0):
 PSYoungGen      total 28160K, used 28141K [0x00000000eab00000, 0x00000000ee200000, 0x0000000100000000)
  eden space 24576K, 100% used [0x00000000eab00000,0x00000000ec300000,0x00000000ec300000)
  from space 3584K, 99% used [0x00000000ec680000,0x00000000ec9fb6f8,0x00000000eca00000)
  to   space 3584K, 0% used [0x00000000ec300000,0x00000000ec300000,0x00000000ec680000)
 ParOldGen       total 64512K, used 4882K [0x00000000c0000000, 0x00000000c3f00000, 0x00000000eab00000)
  object space 64512K, 7% used [0x00000000c0000000,0x00000000c04c49c0,0x00000000c3f00000)
 Metaspace       used 5855K, capacity 6832K, committed 7040K, reserved 1056768K
  class space    used 593K, capacity 616K, committed 640K, reserved 1048576K
Event: 5.285 GC heap after
Heap after GC invocations=3 (full 0):
 PSYoungGen      total 28160K, used 3558K [0x00000000eab00000, 0x00000000ee200000, 0x0000000100000000)
  eden space 24576K, 0% used [0x00000000eab00000,0x00000000eab00000,0x00000000ec300000)
  from space 3584K, 99% used [0x00000000ec300000,0x00000000ec6799c0,0x00000000ec680000)
  to   space 3584K, 0% used [0x00000000ede80000,0x00000000ede80000,0x00000000ee200000)
 ParOldGen       total 64512K, used 8707K [0x00000000c0000000, 0x00000000c3f00000, 0x00000000eab00000)
  object space 64512K, 13% used [0x00000000c0000000,0x00000000c0880d60,0x00000000c3f00000)
 Metaspace       used 5855K, capacity 6832K, committed 7040K, reserved 1056768K
  class space    used 593K, capacity 616K, committed 640K, reserved 1048576K
}
Event: 6.023 GC heap before
{Heap before GC invocations=4 (full 0):
 PSYoungGen      total 28160K, used 28134K [0x00000000eab00000, 0x00000000ee200000, 0x0000000100000000)
  eden space 24576K, 100% used [0x00000000eab00000,0x00000000ec300000,0x00000000ec300000)
  from space 3584K, 99% used [0x00000000ec300000,0x00000000ec6799c0,0x00000000ec680000)
  to   space 3584K, 0% used [0x00000000ede80000,0x00000000ede80000,0x00000000ee200000)
 ParOldGen       total 64512K, used 8707K [0x00000000c0000000, 0x00000000c3f00000, 0x00000000eab00000)
  object space 64512K, 13% used [0x00000000c0000000,0x00000000c0880d60,0x00000000c3f00000)
 Metaspace       used 5889K, capacity 6832K, committed 7040K, reserved 1056768K
  class space    used 593K, capacity 616K, committed 640K, reserved 1048576K
Event: 6.138 GC heap after
Heap after GC invocations=4 (full 0):
 PSYoungGen      total 52736K, used 3572K [0x00000000eab00000, 0x00000000ee200000, 0x0000000100000000)
  eden space 49152K, 0% used [0x00000000eab00000,0x00000000eab00000,0x00000000edb00000)
  from space 3584K, 99% used [0x00000000ede80000,0x00000000ee1fd350,0x00000000ee200000)
  to   space 3584K, 0% used [0x00000000edb00000,0x00000000edb00000,0x00000000ede80000)
 ParOldGen       total 64512K, used 12666K [0x00000000c0000000, 0x00000000c3f00000, 0x00000000eab00000)
  object space 64512K, 19% used [0x00000000c0000000,0x00000000c0c5e9f0,0x00000000c3f00000)
 Metaspace       used 5889K, capacity 6832K, committed 7040K, reserved 1056768K
  class space    used 593K, capacity 616K, committed 640K, reserved 1048576K
}
Event: 7.784 GC heap before
{Heap before GC invocations=5 (full 0):
 PSYoungGen      total 52736K, used 52724K [0x00000000eab00000, 0x00000000ee200000, 0x0000000100000000)
  eden space 49152K, 100% used [0x00000000eab00000,0x00000000edb00000,0x00000000edb00000)
  from space 3584K, 99% used [0x00000000ede80000,0x00000000ee1fd350,0x00000000ee200000)
  to   space 3584K, 0% used [0x00000000edb00000,0x00000000edb00000,0x00000000ede80000)
 ParOldGen       total 64512K, used 12666K [0x00000000c0000000, 0x00000000c3f00000, 0x00000000eab00000)
  object space 64512K, 19% used [0x00000000c0000000,0x00000000c0c5e9f0,0x00000000c3f00000)
 Metaspace       used 5974K, capacity 6960K, committed 7040K, reserved 1056768K
  class space    used 593K, capacity 616K, committed 640K, reserved 1048576K
Event: 7.942 GC heap after
Heap after GC invocations=5 (full 0):
 PSYoungGen      total 52736K, used 3554K [0x00000000eab00000, 0x00000000f2200000, 0x0000000100000000)
  eden space 49152K, 0% used [0x00000000eab00000,0x00000000eab00000,0x00000000edb00000)
  from space 3584K, 99% used [0x00000000edb00000,0x00000000ede78b40,0x00000000ede80000)
  to   space 11776K, 0% used [0x00000000f1680000,0x00000000f1680000,0x00000000f2200000)
 ParOldGen       total 64512K, used 20019K [0x00000000c0000000, 0x00000000c3f00000, 0x00000000eab00000)
  object space 64512K, 31% used [0x00000000c0000000,0x00000000c138cc40,0x00000000c3f00000)
 Metaspace       used 5974K, capacity 6960K, committed 7040K, reserved 1056768K
  class space    used 593K, capacity 616K, committed 640K, reserved 1048576K
}

Deoptimization events (10 events):
Event: 3.434 Thread 0x00007f4918139800 Uncommon trap: reason=unstable_if action=reinterpret pc=0x00007f49091fd24c method=java.util.HashMap.getNode(ILjava/lang/Object;)Ljava/util/HashMap$Node; @ 62
Event: 3.581 Thread 0x00007f491813e000 Uncommon trap: reason=null_check action=make_not_entrant pc=0x00007f49092bffe0 method=com.android.dx.ssa.SsaRenamer.getLocalForNewReg(I)Lcom/android/dx/rop/code/LocalItem; @ 19
Event: 4.521 Thread 0x00007f491813f000 Uncommon trap: reason=unstable_if action=reinterpret pc=0x00007f49092580dc method=com.android.dx.rop.cst.Constant.compareTo(Lcom/android/dx/rop/cst/Constant;)I @ 12
Event: 5.559 Thread 0x00007f491813f000 Uncommon trap: reason=unstable_if action=reinterpret pc=0x00007f490937d81c method=com.android.dx.ssa.SsaRenamer$BlockRenamer.visitMoveInsn(Lcom/android/dx/ssa/NormalSsaInsn;)V @ 104
Event: 5.926 Thread 0x00007f491813e000 Uncommon trap: reason=unstable_if action=reinterpret pc=0x00007f49093a3284 method=com.android.dx.util.IntList.binarysearch(I)I @ 105
Event: 6.412 Thread 0x00007f491813e000 Uncommon trap: reason=unstable_if action=reinterpret pc=0x00007f490937573c method=com.android.dx.ssa.SsaMethod.updateOneDefinition(Lcom/android/dx/ssa/SsaInsn;Lcom/android/dx/rop/code/RegisterSpec;)V @ 4
Event: 8.506 Thread 0x00007f491813e000 Uncommon trap: reason=unstable_if action=reinterpret pc=0x00007f49092a72fc method=java.util.HashMap.putVal(ILjava/lang/Object;Ljava/lang/Object;ZZ)Ljava/lang/Object; @ 162
Event: 8.579 Thread 0x00007f491813e000 Uncommon trap: reason=unstable_if action=reinterpret pc=0x00007f49094796ac method=java.util.HashMap.getNode(ILjava/lang/Object;)Ljava/util/HashMap$Node; @ 84
Event: 8.596 Thread 0x00007f491813e000 Uncommon trap: reason=unstable_if action=reinterpret pc=0x00007f490922e978 method=java.util.HashMap.getNode(ILjava/lang/Object;)Ljava/util/HashMap$Node; @ 84
Event: 8.596 Thread 0x00007f491813e000 Uncommon trap: reason=unstable_if action=reinterpret pc=0x00007f49094dcdd8 method=java.util.HashMap.putVal(ILjava/lang/Object;Ljava/lang/Object;ZZ)Ljava/lang/Object; @ 109

Internal exceptions (6 events):
Event: 0.232 Thread 0x00007f491800a000 Exception <a 'java/lang/NoSuchMethodError': Method sun.misc.Unsafe.defineClass(Ljava/lang/String;[BII)Ljava/lang/Class; name or signature does not match> (0x00000000eab07cc0) thrown at [/HUDSON/workspace/8-2-build-linux-amd64/jdk8u91/6644/hotspot/src/shar
Event: 0.232 Thread 0x00007f491800a000 Exception <a 'java/lang/NoSuchMethodError': Method sun.misc.Unsafe.prefetchRead(Ljava/lang/Object;J)V name or signature does not match> (0x00000000eab07fa8) thrown at [/HUDSON/workspace/8-2-build-linux-amd64/jdk8u91/6644/hotspot/src/share/vm/prims/jni.cpp
Event: 3.581 Thread 0x00007f491813e000 Implicit null exception at 0x00007f49092bd680 to 0x00007f49092bff9d
Event: 8.576 Thread 0x00007f491813e000 Exception <a 'java/lang/ArrayIndexOutOfBoundsException': 18> (0x00000000ec5f3068) thrown at [/HUDSON/workspace/8-2-build-linux-amd64/jdk8u91/6644/hotspot/src/share/vm/interpreter/interpreterRuntime.cpp, line 366]
Event: 8.577 Thread 0x00007f491813e000 Exception <a 'java/lang/ArrayIndexOutOfBoundsException': 145> (0x00000000ec5f4be8) thrown at [/HUDSON/workspace/8-2-build-linux-amd64/jdk8u91/6644/hotspot/src/share/vm/interpreter/interpreterRuntime.cpp, line 366]
Event: 8.578 Thread 0x00007f491813e000 Exception <a 'java/lang/ArrayIndexOutOfBoundsException': 40> (0x00000000ec5f5ed0) thrown at [/HUDSON/workspace/8-2-build-linux-amd64/jdk8u91/6644/hotspot/src/share/vm/interpreter/interpreterRuntime.cpp, line 366]

Events (10 events):
Event: 8.667 Thread 0x00007f491800a000 DEOPT PACKING pc=0x00007f490929f772 sp=0x00007f491f87c6a0
Event: 8.667 Thread 0x00007f491800a000 DEOPT UNPACKING pc=0x00007f4909047633 sp=0x00007f491f87c4a0 mode 0
Event: 8.681 Thread 0x00007f491813e000 DEOPT PACKING pc=0x00007f4909351226 sp=0x00007f48fbefcab0
Event: 8.681 Thread 0x00007f491813e000 DEOPT UNPACKING pc=0x00007f4909047633 sp=0x00007f48fbefc7f0 mode 0
Event: 8.781 Thread 0x00007f491813e000 DEOPT PACKING pc=0x00007f4909291607 sp=0x00007f48fbefcbd0
Event: 8.781 Thread 0x00007f491813e000 DEOPT UNPACKING pc=0x00007f4909047633 sp=0x00007f48fbefc938 mode 0
Event: 8.807 Thread 0x00007f491813e000 DEOPT PACKING pc=0x00007f4909291607 sp=0x00007f48fbefcb60
Event: 8.807 Thread 0x00007f491813e000 DEOPT UNPACKING pc=0x00007f4909047633 sp=0x00007f48fbefc8c8 mode 0
Event: 8.919 Thread 0x00007f491813f000 DEOPT PACKING pc=0x00007f490943facc sp=0x00007f48fbdfc050
Event: 8.919 Thread 0x00007f491813f000 DEOPT UNPACKING pc=0x00007f4909047633 sp=0x00007f48fbdfbde0 mode 0


Dynamic libraries:
00400000-00401000 r-xp 00000000 08:01 3016174                            /usr/lib/jvm/java-8-oracle/bin/java
00600000-00601000 rw-p 00000000 08:01 3016174                            /usr/lib/jvm/java-8-oracle/bin/java
00666000-00687000 rw-p 00000000 00:00 0                                  [heap]
c0000000-c3f00000 rw-p 00000000 00:00 0 
c3f00000-eab00000 ---p 00000000 00:00 0 
eab00000-f2200000 rw-p 00000000 00:00 0 
f2200000-100000000 ---p 00000000 00:00 0 
100000000-1000c0000 rw-p 00000000 00:00 0 
1000c0000-140000000 ---p 00000000 00:00 0 
7f48b4000000-7f48b4021000 rw-p 00000000 00:00 0 
7f48b4021000-7f48b8000000 ---p 00000000 00:00 0 
7f48bc000000-7f48bc03c000 rw-p 00000000 00:00 0 
7f48bc03c000-7f48c0000000 ---p 00000000 00:00 0 
7f48c0000000-7f48c0030000 rw-p 00000000 00:00 0 
7f48c0030000-7f48c4000000 ---p 00000000 00:00 0 
7f48c4000000-7f48c4021000 rw-p 00000000 00:00 0 
7f48c4021000-7f48c8000000 ---p 00000000 00:00 0 
7f48c8000000-7f48c8021000 rw-p 00000000 00:00 0 
7f48c8021000-7f48cc000000 ---p 00000000 00:00 0 
7f48cc000000-7f48cc021000 rw-p 00000000 00:00 0 
7f48cc021000-7f48d0000000 ---p 00000000 00:00 0 
7f48d0000000-7f48d0021000 rw-p 00000000 00:00 0 
7f48d0021000-7f48d4000000 ---p 00000000 00:00 0 
7f48d4000000-7f48d4661000 rw-p 00000000 00:00 0 
7f48d4661000-7f48d8000000 ---p 00000000 00:00 0 
7f48d8000000-7f48d859b000 rw-p 00000000 00:00 0 
7f48d859b000-7f48dc000000 ---p 00000000 00:00 0 
7f48dc000000-7f48dc021000 rw-p 00000000 00:00 0 
7f48dc021000-7f48e0000000 ---p 00000000 00:00 0 
7f48e0000000-7f48e0bb1000 rw-p 00000000 00:00 0 
7f48e0bb1000-7f48e4000000 ---p 00000000 00:00 0 
7f48e4000000-7f48e4021000 rw-p 00000000 00:00 0 
7f48e4021000-7f48e8000000 ---p 00000000 00:00 0 
7f48e8000000-7f48e8021000 rw-p 00000000 00:00 0 
7f48e8021000-7f48ec000000 ---p 00000000 00:00 0 
7f48ec000000-7f48ec021000 rw-p 00000000 00:00 0 
7f48ec021000-7f48f0000000 ---p 00000000 00:00 0 
7f48f0000000-7f48f0021000 rw-p 00000000 00:00 0 
7f48f0021000-7f48f4000000 ---p 00000000 00:00 0 
7f48f4000000-7f48f4021000 rw-p 00000000 00:00 0 
7f48f4021000-7f48f8000000 ---p 00000000 00:00 0 
7f48fbbfc000-7f48fbbff000 ---p 00000000 00:00 0 
7f48fbbff000-7f48fbcfd000 rw-p 00000000 00:00 0                          [stack:12093]
7f48fbcfd000-7f48fbd00000 ---p 00000000 00:00 0 
7f48fbd00000-7f48fbdfe000 rw-p 00000000 00:00 0                          [stack:12092]
7f48fbdfe000-7f48fbe01000 ---p 00000000 00:00 0 
7f48fbe01000-7f48fbeff000 rw-p 00000000 00:00 0                          [stack:12091]
7f48fbeff000-7f48fbf02000 ---p 00000000 00:00 0 
7f48fbf02000-7f48fc000000 rw-p 00000000 00:00 0                          [stack:12090]
7f48fc000000-7f48fc021000 rw-p 00000000 00:00 0 
7f48fc021000-7f4900000000 ---p 00000000 00:00 0 
7f49000c9000-7f49000cc000 ---p 00000000 00:00 0 
7f49000cc000-7f49001ca000 rw-p 00000000 00:00 0                          [stack:12088]
7f49001ca000-7f49001d4000 r--s 0008b000 08:01 5246439                    /home/ahmed/AndroidStudioProjects/PharmaMeter/app/build/intermediates/exploded-aar/com.android.support/appcompat-v7/23.3.0/jars/classes.jar
7f49001d4000-7f49001d5000 ---p 00000000 00:00 0 
7f49001d5000-7f49002d5000 rw-p 00000000 00:00 0                          [stack:12083]
7f49002d5000-7f49002d8000 ---p 00000000 00:00 0 
7f49002d8000-7f49003d6000 rw-p 00000000 00:00 0                          [stack:12082]
7f49003d6000-7f49003d9000 ---p 00000000 00:00 0 
7f49003d9000-7f49004d7000 rw-p 00000000 00:00 0                          [stack:12081]
7f49004d7000-7f49004da000 ---p 00000000 00:00 0 
7f49004da000-7f49005d8000 rw-p 00000000 00:00 0                          [stack:12080]
7f49005d8000-7f49005db000 ---p 00000000 00:00 0 
7f49005db000-7f49006d9000 rw-p 00000000 00:00 0                          [stack:12079]
7f49006d9000-7f49006dc000 ---p 00000000 00:00 0 
7f49006dc000-7f49007da000 rw-p 00000000 00:00 0                          [stack:12078]
7f49007da000-7f4900ece000 r--p 00000000 08:01 2890341                    /usr/lib/locale/locale-archive
7f4900ece000-7f4900ed1000 ---p 00000000 00:00 0 
7f4900ed1000-7f4900fcf000 rw-p 00000000 00:00 0                          [stack:12070]
7f4900fcf000-7f4900fd2000 ---p 00000000 00:00 0 
7f4900fd2000-7f49010d0000 rw-p 00000000 00:00 0                          [stack:12068]
7f49010d0000-7f49010d1000 ---p 00000000 00:00 0 
7f49010d1000-7f4904000000 rw-p 00000000 00:00 0                          [stack:12066]
7f4904000000-7f4904021000 rw-p 00000000 00:00 0 
7f4904021000-7f4908000000 ---p 00000000 00:00 0 
7f4908002000-7f4908124000 rw-p 00000000 00:00 0 
7f4908124000-7f49082fd000 r--s 03d1f000 08:01 3149907                    /usr/lib/jvm/java-8-oracle/jre/lib/rt.jar
7f49082fd000-7f490893d000 rw-p 00000000 00:00 0 
7f490893d000-7f4908afd000 ---p 00000000 00:00 0 
7f4908afd000-7f4908cfd000 rw-p 00000000 00:00 0 
7f4908cfd000-7f4908cfe000 ---p 00000000 00:00 0 
7f4908cfe000-7f4908dfe000 rw-p 00000000 00:00 0                          [stack:12064]
7f4908dfe000-7f4908dff000 ---p 00000000 00:00 0 
7f4908dff000-7f4908eff000 rw-p 00000000 00:00 0                          [stack:12063]
7f4908eff000-7f4908f00000 ---p 00000000 00:00 0 
7f4908f00000-7f4909000000 rw-p 00000000 00:00 0                          [stack:12061]
7f4909000000-7f4909530000 rwxp 00000000 00:00 0 
7f4909530000-7f4918000000 ---p 00000000 00:00 0 
7f4918000000-7f4918391000 rw-p 00000000 00:00 0 
7f4918391000-7f491c000000 ---p 00000000 00:00 0 
7f491c001000-7f491c0e7000 rw-p 00000000 00:00 0 
7f491c0e7000-7f491c0e8000 ---p 00000000 00:00 0 
7f491c0e8000-7f491c208000 rw-p 00000000 00:00 0                          [stack:12060]
7f491c208000-7f491c33e000 ---p 00000000 00:00 0 
7f491c33e000-7f491c35e000 rw-p 00000000 00:00 0 
7f491c35e000-7f491c493000 ---p 00000000 00:00 0 
7f491c493000-7f491c4cf000 rw-p 00000000 00:00 0 
7f491c4cf000-7f491c53e000 ---p 00000000 00:00 0 
7f491c53e000-7f491c554000 rw-p 00000000 00:00 0 
7f491c554000-7f491c8ff000 ---p 00000000 00:00 0 
7f491c8ff000-7f491c919000 r-xp 00000000 08:01 3284666                    /usr/lib/jvm/java-8-oracle/jre/lib/amd64/libzip.so
7f491c919000-7f491cb19000 ---p 0001a000 08:01 3284666                    /usr/lib/jvm/java-8-oracle/jre/lib/amd64/libzip.so
7f491cb19000-7f491cb1a000 rw-p 0001a000 08:01 3284666                    /usr/lib/jvm/java-8-oracle/jre/lib/amd64/libzip.so
7f491cb1a000-7f491cb25000 r-xp 00000000 08:01 7999873                    /lib/x86_64-linux-gnu/libnss_files-2.19.so
7f491cb25000-7f491cd24000 ---p 0000b000 08:01 7999873                    /lib/x86_64-linux-gnu/libnss_files-2.19.so
7f491cd24000-7f491cd25000 r--p 0000a000 08:01 7999873                    /lib/x86_64-linux-gnu/libnss_files-2.19.so
7f491cd25000-7f491cd26000 rw-p 0000b000 08:01 7999873                    /lib/x86_64-linux-gnu/libnss_files-2.19.so
7f491cd26000-7f491cd31000 r-xp 00000000 08:01 7999865                    /lib/x86_64-linux-gnu/libnss_nis-2.19.so
7f491cd31000-7f491cf30000 ---p 0000b000 08:01 7999865                    /lib/x86_64-linux-gnu/libnss_nis-2.19.so
7f491cf30000-7f491cf31000 r--p 0000a000 08:01 7999865                    /lib/x86_64-linux-gnu/libnss_nis-2.19.so
7f491cf31000-7f491cf32000 rw-p 0000b000 08:01 7999865                    /lib/x86_64-linux-gnu/libnss_nis-2.19.so
7f491cf32000-7f491cf49000 r-xp 00000000 08:01 7999861                    /lib/x86_64-linux-gnu/libnsl-2.19.so
7f491cf49000-7f491d148000 ---p 00017000 08:01 7999861                    /lib/x86_64-linux-gnu/libnsl-2.19.so
7f491d148000-7f491d149000 r--p 00016000 08:01 7999861                    /lib/x86_64-linux-gnu/libnsl-2.19.so
7f491d149000-7f491d14a000 rw-p 00017000 08:01 7999861                    /lib/x86_64-linux-gnu/libnsl-2.19.so
7f491d14a000-7f491d14c000 rw-p 00000000 00:00 0 
7f491d14c000-7f491d155000 r-xp 00000000 08:01 7999860                    /lib/x86_64-linux-gnu/libnss_compat-2.19.so
7f491d155000-7f491d354000 ---p 00009000 08:01 7999860                    /lib/x86_64-linux-gnu/libnss_compat-2.19.so
7f491d354000-7f491d355000 r--p 00008000 08:01 7999860                    /lib/x86_64-linux-gnu/libnss_compat-2.19.so
7f491d355000-7f491d356000 rw-p 00009000 08:01 7999860                    /lib/x86_64-linux-gnu/libnss_compat-2.19.so
7f491d356000-7f491d380000 r-xp 00000000 08:01 3284615                    /usr/lib/jvm/java-8-oracle/jre/lib/amd64/libjava.so
7f491d380000-7f491d580000 ---p 0002a000 08:01 3284615                    /usr/lib/jvm/java-8-oracle/jre/lib/amd64/libjava.so
7f491d580000-7f491d582000 rw-p 0002a000 08:01 3284615                    /usr/lib/jvm/java-8-oracle/jre/lib/amd64/libjava.so
7f491d582000-7f491d58f000 r-xp 00000000 08:01 3284672                    /usr/lib/jvm/java-8-oracle/jre/lib/amd64/libverify.so
7f491d58f000-7f491d78f000 ---p 0000d000 08:01 3284672                    /usr/lib/jvm/java-8-oracle/jre/lib/amd64/libverify.so
7f491d78f000-7f491d791000 rw-p 0000d000 08:01 3284672                    /usr/lib/jvm/java-8-oracle/jre/lib/amd64/libverify.so
7f491d791000-7f491d798000 r-xp 00000000 08:01 7999869                    /lib/x86_64-linux-gnu/librt-2.19.so
7f491d798000-7f491d997000 ---p 00007000 08:01 7999869                    /lib/x86_64-linux-gnu/librt-2.19.so
7f491d997000-7f491d998000 r--p 00006000 08:01 7999869                    /lib/x86_64-linux-gnu/librt-2.19.so
7f491d998000-7f491d999000 rw-p 00007000 08:01 7999869                    /lib/x86_64-linux-gnu/librt-2.19.so
7f491d999000-7f491da9e000 r-xp 00000000 08:01 7996506                    /lib/x86_64-linux-gnu/libm-2.19.so
7f491da9e000-7f491dc9d000 ---p 00105000 08:01 7996506                    /lib/x86_64-linux-gnu/libm-2.19.so
7f491dc9d000-7f491dc9e000 r--p 00104000 08:01 7996506                    /lib/x86_64-linux-gnu/libm-2.19.so
7f491dc9e000-7f491dc9f000 rw-p 00105000 08:01 7996506                    /lib/x86_64-linux-gnu/libm-2.19.so
7f491dc9f000-7f491e95f000 r-xp 00000000 08:01 3284648                    /usr/lib/jvm/java-8-oracle/jre/lib/amd64/server/libjvm.so
7f491e95f000-7f491eb5f000 ---p 00cc0000 08:01 3284648                    /usr/lib/jvm/java-8-oracle/jre/lib/amd64/server/libjvm.so
7f491eb5f000-7f491ec37000 rw-p 00cc0000 08:01 3284648                    /usr/lib/jvm/java-8-oracle/jre/lib/amd64/server/libjvm.so
7f491ec37000-7f491ec82000 rw-p 00000000 00:00 0 
7f491ec82000-7f491ee3d000 r-xp 00000000 08:01 7999870                    /lib/x86_64-linux-gnu/libc-2.19.so
7f491ee3d000-7f491f03c000 ---p 001bb000 08:01 7999870                    /lib/x86_64-linux-gnu/libc-2.19.so
7f491f03c000-7f491f040000 r--p 001ba000 08:01 7999870                    /lib/x86_64-linux-gnu/libc-2.19.so
7f491f040000-7f491f042000 rw-p 001be000 08:01 7999870                    /lib/x86_64-linux-gnu/libc-2.19.so
7f491f042000-7f491f047000 rw-p 00000000 00:00 0 
7f491f047000-7f491f04a000 r-xp 00000000 08:01 7999547                    /lib/x86_64-linux-gnu/libdl-2.19.so
7f491f04a000-7f491f249000 ---p 00003000 08:01 7999547                    /lib/x86_64-linux-gnu/libdl-2.19.so
7f491f249000-7f491f24a000 r--p 00002000 08:01 7999547                    /lib/x86_64-linux-gnu/libdl-2.19.so
7f491f24a000-7f491f24b000 rw-p 00003000 08:01 7999547                    /lib/x86_64-linux-gnu/libdl-2.19.so
7f491f24b000-7f491f260000 r-xp 00000000 08:01 4079274                    /usr/lib/jvm/java-8-oracle/lib/amd64/jli/libjli.so
7f491f260000-7f491f460000 ---p 00015000 08:01 4079274                    /usr/lib/jvm/java-8-oracle/lib/amd64/jli/libjli.so
7f491f460000-7f491f461000 rw-p 00015000 08:01 4079274                    /usr/lib/jvm/java-8-oracle/lib/amd64/jli/libjli.so
7f491f461000-7f491f47a000 r-xp 00000000 08:01 7999862                    /lib/x86_64-linux-gnu/libpthread-2.19.so
7f491f47a000-7f491f679000 ---p 00019000 08:01 7999862                    /lib/x86_64-linux-gnu/libpthread-2.19.so
7f491f679000-7f491f67a000 r--p 00018000 08:01 7999862                    /lib/x86_64-linux-gnu/libpthread-2.19.so
7f491f67a000-7f491f67b000 rw-p 00019000 08:01 7999862                    /lib/x86_64-linux-gnu/libpthread-2.19.so
7f491f67b000-7f491f67f000 rw-p 00000000 00:00 0 
7f491f67f000-7f491f6a2000 r-xp 00000000 08:01 7999863                    /lib/x86_64-linux-gnu/ld-2.19.so
7f491f6a5000-7f491f77e000 rw-p 00000000 00:00 0 
7f491f77e000-7f491f781000 ---p 00000000 00:00 0 
7f491f781000-7f491f883000 rw-p 00000000 00:00 0                          [stack:12054]
7f491f884000-7f491f886000 rw-p 00000000 00:00 0 
7f491f886000-7f491f895000 r--s 000df000 08:01 3938513                    /home/ahmed/Android/Sdk/build-tools/23.0.3/lib/dx.jar
7f491f895000-7f491f89d000 rw-s 00000000 08:01 13242702                   /tmp/hsperfdata_ahmed/12051
7f491f89d000-7f491f89e000 rw-p 00000000 00:00 0 
7f491f89e000-7f491f89f000 r--p 00000000 00:00 0 
7f491f89f000-7f491f8a1000 rw-p 00000000 00:00 0 
7f491f8a1000-7f491f8a2000 r--p 00022000 08:01 7999863                    /lib/x86_64-linux-gnu/ld-2.19.so
7f491f8a2000-7f491f8a3000 rw-p 00023000 08:01 7999863                    /lib/x86_64-linux-gnu/ld-2.19.so
7f491f8a3000-7f491f8a4000 rw-p 00000000 00:00 0 
7ffe17bf9000-7ffe17c1a000 rw-p 00000000 00:00 0                          [stack]
7ffe17ce0000-7ffe17ce2000 r--p 00000000 00:00 0                          [vvar]
7ffe17ce2000-7ffe17ce4000 r-xp 00000000 00:00 0                          [vdso]
ffffffffff600000-ffffffffff601000 r-xp 00000000 00:00 0                  [vsyscall]

VM Arguments:
jvm_args: -Djava.awt.headless=true -Xmx1024M -Dfile.encoding=UTF-8 -Duser.country=US -Duser.language=en -Duser.variant 
java_command: com.android.dx.command.Main --dex --force-jumbo --num-threads=4 --multi-dex --output /home/ahmed/AndroidStudioProjects/PharmaMeter/app/build/intermediates/transforms/dex/debug/folders/1000/10/com.android.support-appcompat-v7-23.3.0_6d9413599f964cebabd27b5249237c63d88ca3a7 /home/ahmed/AndroidStudioProjects/PharmaMeter/app/build/intermediates/exploded-aar/com.android.support/appcompat-v7/23.3.0/jars/classes.jar
java_class_path (initial): /home/ahmed/Android/Sdk/build-tools/23.0.3/lib/dx.jar
Launcher Type: SUN_STANDARD

Environment Variables:
PATH=/usr/local/sbin:/usr/local/bin:/usr/sbin:/usr/bin:/sbin:/bin:/usr/games:/usr/local/games
LD_LIBRARY_PATH=/home/ahmed/myData/android-studio/bin:
SHELL=/bin/bash
DISPLAY=:0.0

Signal Handlers:
SIGSEGV: [libjvm.so+0xabca10], sa_mask[0]=11111111011111111101111111111110, sa_flags=SA_RESTART|SA_SIGINFO
SIGBUS: [libjvm.so+0xabca10], sa_mask[0]=11111111011111111101111111111110, sa_flags=SA_RESTART|SA_SIGINFO
SIGFPE: [libjvm.so+0x919a20], sa_mask[0]=11111111011111111101111111111110, sa_flags=SA_RESTART|SA_SIGINFO
SIGPIPE: [libjvm.so+0x919a20], sa_mask[0]=11111111011111111101111111111110, sa_flags=SA_RESTART|SA_SIGINFO
SIGXFSZ: [libjvm.so+0x919a20], sa_mask[0]=11111111011111111101111111111110, sa_flags=SA_RESTART|SA_SIGINFO
SIGILL: [libjvm.so+0x919a20], sa_mask[0]=11111111011111111101111111111110, sa_flags=SA_RESTART|SA_SIGINFO
SIGUSR1: SIG_DFL, sa_mask[0]=00000000000000000000000000000000, sa_flags=none
SIGUSR2: [libjvm.so+0x91b050], sa_mask[0]=00100000000000000000000000000000, sa_flags=SA_RESTART|SA_SIGINFO
SIGHUP: [libjvm.so+0x91c450], sa_mask[0]=11111111011111111101111111111110, sa_flags=SA_RESTART|SA_SIGINFO
SIGINT: [libjvm.so+0x91c450], sa_mask[0]=11111111011111111101111111111110, sa_flags=SA_RESTART|SA_SIGINFO
SIGTERM: [libjvm.so+0x91c450], sa_mask[0]=11111111011111111101111111111110, sa_flags=SA_RESTART|SA_SIGINFO
SIGQUIT: [libjvm.so+0x91c450], sa_mask[0]=11111111011111111101111111111110, sa_flags=SA_RESTART|SA_SIGINFO


---------------  S Y S T E M  ---------------

OS:DISTRIB_ID=Ubuntu
DISTRIB_RELEASE=14.04
DISTRIB_CODENAME=trusty
DISTRIB_DESCRIPTION="Ubuntu 14.04.4 LTS"

uname:Linux 3.19.0-58-generic #64~14.04.1-Ubuntu SMP Fri Mar 18 19:05:43 UTC 2016 x86_64
libc:glibc 2.19 NPTL 2.19 
rlimit: STACK 8192k, CORE 0k, NPROC 23466, NOFILE 4096, AS infinity
load average:20.00 9.76 4.31

/proc/meminfo:
MemTotal:        6038132 kB
MemFree:          891156 kB
MemAvailable:    1406240 kB
Buffers:           84176 kB
Cached:          1089108 kB
SwapCached:            0 kB
Active:          3556968 kB
Inactive:        1348220 kB
Active(anon):    3162400 kB
Inactive(anon):  1100312 kB
Active(file):     394568 kB
Inactive(file):   247908 kB
Unevictable:          48 kB
Mlocked:              48 kB
SwapTotal:       6213628 kB
SwapFree:        6213280 kB
Dirty:              4404 kB
Writeback:             0 kB
AnonPages:       3732124 kB
Mapped:           475084 kB
Shmem:            530736 kB
Slab:             122820 kB
SReclaimable:      83072 kB
SUnreclaim:        39748 kB
KernelStack:       14080 kB
PageTables:        51540 kB
NFS_Unstable:          0 kB
Bounce:                0 kB
WritebackTmp:          0 kB
CommitLimit:     9232692 kB
Committed_AS:    9703352 kB
VmallocTotal:   34359738367 kB
VmallocUsed:      553824 kB
VmallocChunk:   34359180764 kB
HardwareCorrupted:     0 kB
AnonHugePages:   2021376 kB
CmaTotal:              0 kB
CmaFree:               0 kB
HugePages_Total:       0
HugePages_Free:        0
HugePages_Rsvd:        0
HugePages_Surp:        0
Hugepagesize:       2048 kB
DirectMap4k:      167200 kB
DirectMap2M:     6051840 kB


CPU:total 4 (2 cores per cpu, 2 threads per core) family 6 model 42 stepping 7, cmov, cx8, fxsr, mmx, sse, sse2, sse3, ssse3, sse4.1, sse4.2, popcnt, avx, clmul, ht, tsc, tscinvbit

/proc/cpuinfo:
processor	: 0
vendor_id	: GenuineIntel
cpu family	: 6
model		: 42
model name	: Intel(R) Core(TM) i3-2310M CPU @ 2.10GHz
stepping	: 7
microcode	: 0x14
cpu MHz		: 2100.000
cache size	: 3072 KB
physical id	: 0
siblings	: 4
core id		: 0
cpu cores	: 2
apicid		: 0
initial apicid	: 0
fpu		: yes
fpu_exception	: yes
cpuid level	: 13
wp		: yes
flags		: fpu vme de pse tsc msr pae mce cx8 apic sep mtrr pge mca cmov pat pse36 clflush dts acpi mmx fxsr sse sse2 ss ht tm pbe syscall nx rdtscp lm constant_tsc arch_perfmon pebs bts rep_good nopl xtopology nonstop_tsc aperfmperf eagerfpu pni pclmulqdq dtes64 monitor ds_cpl vmx est tm2 ssse3 cx16 xtpr pdcm pcid sse4_1 sse4_2 x2apic popcnt tsc_deadline_timer xsave avx lahf_lm arat epb pln pts dtherm tpr_shadow vnmi flexpriority ept vpid xsaveopt
bugs		:
bogomips	: 4190.80
clflush size	: 64
cache_alignment	: 64
address sizes	: 36 bits physical, 48 bits virtual
power management:

processor	: 1
vendor_id	: GenuineIntel
cpu family	: 6
model		: 42
model name	: Intel(R) Core(TM) i3-2310M CPU @ 2.10GHz
stepping	: 7
microcode	: 0x14
cpu MHz		: 2100.000
cache size	: 3072 KB
physical id	: 0
siblings	: 4
core id		: 0
cpu cores	: 2
apicid		: 1
initial apicid	: 1
fpu		: yes
fpu_exception	: yes
cpuid level	: 13
wp		: yes
flags		: fpu vme de pse tsc msr pae mce cx8 apic sep mtrr pge mca cmov pat pse36 clflush dts acpi mmx fxsr sse sse2 ss ht tm pbe syscall nx rdtscp lm constant_tsc arch_perfmon pebs bts rep_good nopl xtopology nonstop_tsc aperfmperf eagerfpu pni pclmulqdq dtes64 monitor ds_cpl vmx est tm2 ssse3 cx16 xtpr pdcm pcid sse4_1 sse4_2 x2apic popcnt tsc_deadline_timer xsave avx lahf_lm arat epb pln pts dtherm tpr_shadow vnmi flexpriority ept vpid xsaveopt
bugs		:
bogomips	: 4190.80
clflush size	: 64
cache_alignment	: 64
address sizes	: 36 bits physical, 48 bits virtual
power management:

processor	: 2
vendor_id	: GenuineIntel
cpu family	: 6
model		: 42
model name	: Intel(R) Core(TM) i3-2310M CPU @ 2.10GHz
stepping	: 7
microcode	: 0x14
cpu MHz		: 2099.917
cache size	: 3072 KB
physical id	: 0
siblings	: 4
core id		: 1
cpu cores	: 2
apicid		: 2
initial apicid	: 2
fpu		: yes
fpu_exception	: yes
cpuid level	: 13
wp		: yes
flags		: fpu vme de pse tsc msr pae mce cx8 apic sep mtrr pge mca cmov pat pse36 clflush dts acpi mmx fxsr sse sse2 ss ht tm pbe syscall nx rdtscp lm constant_tsc arch_perfmon pebs bts rep_good nopl xtopology nonstop_tsc aperfmperf eagerfpu pni pclmulqdq dtes64 monitor ds_cpl vmx est tm2 ssse3 cx16 xtpr pdcm pcid sse4_1 sse4_2 x2apic popcnt tsc_deadline_timer xsave avx lahf_lm arat epb pln pts dtherm tpr_shadow vnmi flexpriority ept vpid xsaveopt
bugs		:
bogomips	: 4190.80
clflush size	: 64
cache_alignment	: 64
address sizes	: 36 bits physical, 48 bits virtual
power management:

processor	: 3
vendor_id	: GenuineIntel
cpu family	: 6
model		: 42
model name	: Intel(R) Core(TM) i3-2310M CPU @ 2.10GHz
stepping	: 7
microcode	: 0x14
cpu MHz		: 2100.000
cache size	: 3072 KB
physical id	: 0
siblings	: 4
core id		: 1
cpu cores	: 2
apicid		: 3
initial apicid	: 3
fpu		: yes
fpu_exception	: yes
cpuid level	: 13
wp		: yes
flags		: fpu vme de pse tsc msr pae mce cx8 apic sep mtrr pge mca cmov pat pse36 clflush dts acpi mmx fxsr sse sse2 ss ht tm pbe syscall nx rdtscp lm constant_tsc arch_perfmon pebs bts rep_good nopl xtopology nonstop_tsc aperfmperf eagerfpu pni pclmulqdq dtes64 monitor ds_cpl vmx est tm2 ssse3 cx16 xtpr pdcm pcid sse4_1 sse4_2 x2apic popcnt tsc_deadline_timer xsave avx lahf_lm arat epb pln pts dtherm tpr_shadow vnmi flexpriority ept vpid xsaveopt
bugs		:
bogomips	: 4190.80
clflush size	: 64
cache_alignment	: 64
address sizes	: 36 bits physical, 48 bits virtual
power management:



Memory: 4k page, physical 6038132k(891156k free), swap 6213628k(6213280k free)

vm_info: Java HotSpot(TM) 64-Bit Server VM (25.91-b14) for linux-amd64 JRE (1.8.0_91-b14), built on Apr  1 2016 00:57:21 by "java_re" with gcc 4.3.0 20080428 (Red Hat 4.3.0-8)

time: Tue May  3 13:21:37 2016
elapsed time: 9 seconds (0d 0h 0m 9s)

